[0.143s] DEBUG:colcon:Command line arguments: ['/usr/bin/colcon', 'build', '--symlink-install']
[0.143s] DEBUG:colcon:Parsed command line arguments: Namespace(log_base=None, log_level=None, verb_name='build', build_base='build', install_base='install', merge_install=False, symlink_install=True, test_result_base=None, continue_on_error=False, executor='parallel', parallel_workers=12, event_handlers=None, ignore_user_meta=False, metas=['./colcon.meta'], base_paths=['.'], packages_ignore=None, packages_ignore_regex=None, paths=None, packages_up_to=None, packages_up_to_regex=None, packages_above=None, packages_above_and_dependencies=None, packages_above_depth=None, packages_select_by_dep=None, packages_skip_by_dep=None, packages_skip_up_to=None, packages_select_build_failed=False, packages_skip_build_finished=False, packages_select_test_failures=False, packages_skip_test_passed=False, packages_select=None, packages_skip=None, packages_select_regex=None, packages_skip_regex=None, packages_start=None, packages_end=None, allow_overriding=[], cmake_args=None, cmake_target=None, cmake_target_skip_unavailable=False, cmake_clean_cache=False, cmake_clean_first=False, cmake_force_configure=False, ament_cmake_args=None, catkin_cmake_args=None, catkin_skip_building_tests=False, mixin_files=None, mixin=None, verb_parser=<colcon_mixin.mixin.mixin_argument.MixinArgumentDecorator object at 0x7c1f8437a500>, verb_extension=<colcon_core.verb.build.BuildVerb object at 0x7c1f84379ae0>, main=<bound method BuildVerb.main of <colcon_core.verb.build.BuildVerb object at 0x7c1f84379ae0>>, mixin_verb=('build',))
[0.378s] Level 1:colcon.colcon_core.package_discovery:discover_packages(colcon_meta) check parameters
[0.378s] Level 1:colcon.colcon_core.package_discovery:discover_packages(recursive) check parameters
[0.378s] Level 1:colcon.colcon_core.package_discovery:discover_packages(ignore) check parameters
[0.378s] Level 1:colcon.colcon_core.package_discovery:discover_packages(path) check parameters
[0.378s] Level 1:colcon.colcon_core.package_discovery:discover_packages(colcon_meta) discover
[0.378s] Level 1:colcon.colcon_core.package_discovery:discover_packages(recursive) discover
[0.378s] INFO:colcon.colcon_core.package_discovery:Crawling recursively for packages in '/home/sudhanshu/anvrit_ws'
[0.378s] Level 1:colcon.colcon_core.package_identification:_identify(.) by extensions ['ignore', 'ignore_ament_install']
[0.379s] Level 1:colcon.colcon_core.package_identification:_identify(.) by extension 'ignore'
[0.379s] Level 1:colcon.colcon_core.package_identification:_identify(.) by extension 'ignore_ament_install'
[0.379s] Level 1:colcon.colcon_core.package_identification:_identify(.) by extensions ['colcon_pkg']
[0.379s] Level 1:colcon.colcon_core.package_identification:_identify(.) by extension 'colcon_pkg'
[0.379s] Level 1:colcon.colcon_core.package_identification:_identify(.) by extensions ['colcon_meta']
[0.379s] Level 1:colcon.colcon_core.package_identification:_identify(.) by extension 'colcon_meta'
[0.379s] Level 1:colcon.colcon_core.package_identification:_identify(.) by extensions ['ros']
[0.379s] Level 1:colcon.colcon_core.package_identification:_identify(.) by extension 'ros'
[0.392s] Level 1:colcon.colcon_core.package_identification:_identify(.) by extensions ['cmake', 'python']
[0.392s] Level 1:colcon.colcon_core.package_identification:_identify(.) by extension 'cmake'
[0.392s] Level 1:colcon.colcon_core.package_identification:_identify(.) by extension 'python'
[0.392s] Level 1:colcon.colcon_core.package_identification:_identify(.) by extensions ['python_setup_py']
[0.392s] Level 1:colcon.colcon_core.package_identification:_identify(.) by extension 'python_setup_py'
[0.392s] Level 1:colcon.colcon_core.package_identification:_identify(build) by extensions ['ignore', 'ignore_ament_install']
[0.392s] Level 1:colcon.colcon_core.package_identification:_identify(build) by extension 'ignore'
[0.392s] Level 1:colcon.colcon_core.package_identification:_identify(build) ignored
[0.393s] Level 1:colcon.colcon_core.package_identification:_identify(install) by extensions ['ignore', 'ignore_ament_install']
[0.393s] Level 1:colcon.colcon_core.package_identification:_identify(install) by extension 'ignore'
[0.393s] Level 1:colcon.colcon_core.package_identification:_identify(install) ignored
[0.393s] Level 1:colcon.colcon_core.package_identification:_identify(log) by extensions ['ignore', 'ignore_ament_install']
[0.393s] Level 1:colcon.colcon_core.package_identification:_identify(log) by extension 'ignore'
[0.393s] Level 1:colcon.colcon_core.package_identification:_identify(log) ignored
[0.393s] Level 1:colcon.colcon_core.package_identification:_identify(src) by extensions ['ignore', 'ignore_ament_install']
[0.393s] Level 1:colcon.colcon_core.package_identification:_identify(src) by extension 'ignore'
[0.393s] Level 1:colcon.colcon_core.package_identification:_identify(src) by extension 'ignore_ament_install'
[0.393s] Level 1:colcon.colcon_core.package_identification:_identify(src) by extensions ['colcon_pkg']
[0.393s] Level 1:colcon.colcon_core.package_identification:_identify(src) by extension 'colcon_pkg'
[0.394s] Level 1:colcon.colcon_core.package_identification:_identify(src) by extensions ['colcon_meta']
[0.394s] Level 1:colcon.colcon_core.package_identification:_identify(src) by extension 'colcon_meta'
[0.394s] Level 1:colcon.colcon_core.package_identification:_identify(src) by extensions ['ros']
[0.394s] Level 1:colcon.colcon_core.package_identification:_identify(src) by extension 'ros'
[0.394s] Level 1:colcon.colcon_core.package_identification:_identify(src) by extensions ['cmake', 'python']
[0.394s] Level 1:colcon.colcon_core.package_identification:_identify(src) by extension 'cmake'
[0.394s] Level 1:colcon.colcon_core.package_identification:_identify(src) by extension 'python'
[0.394s] Level 1:colcon.colcon_core.package_identification:_identify(src) by extensions ['python_setup_py']
[0.394s] Level 1:colcon.colcon_core.package_identification:_identify(src) by extension 'python_setup_py'
[0.394s] Level 1:colcon.colcon_core.package_identification:_identify(src/anvrit_description) by extensions ['ignore', 'ignore_ament_install']
[0.394s] Level 1:colcon.colcon_core.package_identification:_identify(src/anvrit_description) by extension 'ignore'
[0.394s] Level 1:colcon.colcon_core.package_identification:_identify(src/anvrit_description) by extension 'ignore_ament_install'
[0.394s] Level 1:colcon.colcon_core.package_identification:_identify(src/anvrit_description) by extensions ['colcon_pkg']
[0.394s] Level 1:colcon.colcon_core.package_identification:_identify(src/anvrit_description) by extension 'colcon_pkg'
[0.394s] Level 1:colcon.colcon_core.package_identification:_identify(src/anvrit_description) by extensions ['colcon_meta']
[0.394s] Level 1:colcon.colcon_core.package_identification:_identify(src/anvrit_description) by extension 'colcon_meta'
[0.394s] Level 1:colcon.colcon_core.package_identification:_identify(src/anvrit_description) by extensions ['ros']
[0.394s] Level 1:colcon.colcon_core.package_identification:_identify(src/anvrit_description) by extension 'ros'
[0.397s] DEBUG:colcon.colcon_core.package_identification:Package 'src/anvrit_description' with type 'ros.ament_cmake' and name 'anvrit_description'
[0.397s] Level 1:colcon.colcon_core.package_identification:_identify(src/anvrit_gazebo) by extensions ['ignore', 'ignore_ament_install']
[0.397s] Level 1:colcon.colcon_core.package_identification:_identify(src/anvrit_gazebo) by extension 'ignore'
[0.398s] Level 1:colcon.colcon_core.package_identification:_identify(src/anvrit_gazebo) by extension 'ignore_ament_install'
[0.398s] Level 1:colcon.colcon_core.package_identification:_identify(src/anvrit_gazebo) by extensions ['colcon_pkg']
[0.398s] Level 1:colcon.colcon_core.package_identification:_identify(src/anvrit_gazebo) by extension 'colcon_pkg'
[0.398s] Level 1:colcon.colcon_core.package_identification:_identify(src/anvrit_gazebo) by extensions ['colcon_meta']
[0.398s] Level 1:colcon.colcon_core.package_identification:_identify(src/anvrit_gazebo) by extension 'colcon_meta'
[0.398s] Level 1:colcon.colcon_core.package_identification:_identify(src/anvrit_gazebo) by extensions ['ros']
[0.398s] Level 1:colcon.colcon_core.package_identification:_identify(src/anvrit_gazebo) by extension 'ros'
[0.399s] DEBUG:colcon.colcon_core.package_identification:Package 'src/anvrit_gazebo' with type 'ros.ament_cmake' and name 'anvrit_gazebo'
[0.399s] Level 1:colcon.colcon_core.package_identification:_identify(src/anvrit_navigation) by extensions ['ignore', 'ignore_ament_install']
[0.399s] Level 1:colcon.colcon_core.package_identification:_identify(src/anvrit_navigation) by extension 'ignore'
[0.399s] Level 1:colcon.colcon_core.package_identification:_identify(src/anvrit_navigation) by extension 'ignore_ament_install'
[0.399s] Level 1:colcon.colcon_core.package_identification:_identify(src/anvrit_navigation) by extensions ['colcon_pkg']
[0.399s] Level 1:colcon.colcon_core.package_identification:_identify(src/anvrit_navigation) by extension 'colcon_pkg'
[0.399s] Level 1:colcon.colcon_core.package_identification:_identify(src/anvrit_navigation) by extensions ['colcon_meta']
[0.399s] Level 1:colcon.colcon_core.package_identification:_identify(src/anvrit_navigation) by extension 'colcon_meta'
[0.399s] Level 1:colcon.colcon_core.package_identification:_identify(src/anvrit_navigation) by extensions ['ros']
[0.399s] Level 1:colcon.colcon_core.package_identification:_identify(src/anvrit_navigation) by extension 'ros'
[0.400s] DEBUG:colcon.colcon_core.package_identification:Package 'src/anvrit_navigation' with type 'ros.ament_python' and name 'anvrit_navigation'
[0.400s] Level 1:colcon.colcon_core.package_identification:_identify(src/odometry_generator) by extensions ['ignore', 'ignore_ament_install']
[0.400s] Level 1:colcon.colcon_core.package_identification:_identify(src/odometry_generator) by extension 'ignore'
[0.400s] Level 1:colcon.colcon_core.package_identification:_identify(src/odometry_generator) by extension 'ignore_ament_install'
[0.400s] Level 1:colcon.colcon_core.package_identification:_identify(src/odometry_generator) by extensions ['colcon_pkg']
[0.400s] Level 1:colcon.colcon_core.package_identification:_identify(src/odometry_generator) by extension 'colcon_pkg'
[0.400s] Level 1:colcon.colcon_core.package_identification:_identify(src/odometry_generator) by extensions ['colcon_meta']
[0.400s] Level 1:colcon.colcon_core.package_identification:_identify(src/odometry_generator) by extension 'colcon_meta'
[0.400s] Level 1:colcon.colcon_core.package_identification:_identify(src/odometry_generator) by extensions ['ros']
[0.401s] Level 1:colcon.colcon_core.package_identification:_identify(src/odometry_generator) by extension 'ros'
[0.401s] DEBUG:colcon.colcon_core.package_identification:Package 'src/odometry_generator' with type 'ros.ament_python' and name 'odometry_generator'
[0.401s] Level 1:colcon.colcon_core.package_discovery:discover_packages(recursive) using defaults
[0.401s] Level 1:colcon.colcon_core.package_discovery:discover_packages(ignore) discover
[0.401s] Level 1:colcon.colcon_core.package_discovery:discover_packages(ignore) using defaults
[0.401s] Level 1:colcon.colcon_core.package_discovery:discover_packages(path) discover
[0.401s] Level 1:colcon.colcon_core.package_discovery:discover_packages(path) using defaults
[0.425s] Level 1:colcon.colcon_core.package_discovery:discover_packages(prefix_path) check parameters
[0.425s] Level 1:colcon.colcon_core.package_discovery:discover_packages(prefix_path) discover
[0.428s] DEBUG:colcon.colcon_installed_package_information.package_discovery:Found 3 installed packages in /home/sudhanshu/cyborg_ws/install
[0.429s] DEBUG:colcon.colcon_installed_package_information.package_discovery:Found 1 installed packages in /home/sudhanshu/dev_ws/install
[0.430s] DEBUG:colcon.colcon_installed_package_information.package_discovery:Found 10 installed packages in /home/sudhanshu/ros2_ws/install
[0.430s] DEBUG:colcon.colcon_installed_package_information.package_discovery:Found 4 installed packages in /home/sudhanshu/anvrit_ws/install
[0.433s] DEBUG:colcon.colcon_installed_package_information.package_discovery:Found 392 installed packages in /opt/ros/humble
[0.456s] Level 1:colcon.colcon_core.package_discovery:discover_packages(prefix_path) using defaults
[0.511s] Level 5:colcon.colcon_core.verb:set package 'anvrit_description' build argument 'cmake_args' from command line to 'None'
[0.511s] Level 5:colcon.colcon_core.verb:set package 'anvrit_description' build argument 'cmake_target' from command line to 'None'
[0.511s] Level 5:colcon.colcon_core.verb:set package 'anvrit_description' build argument 'cmake_target_skip_unavailable' from command line to 'False'
[0.511s] Level 5:colcon.colcon_core.verb:set package 'anvrit_description' build argument 'cmake_clean_cache' from command line to 'False'
[0.512s] Level 5:colcon.colcon_core.verb:set package 'anvrit_description' build argument 'cmake_clean_first' from command line to 'False'
[0.512s] Level 5:colcon.colcon_core.verb:set package 'anvrit_description' build argument 'cmake_force_configure' from command line to 'False'
[0.512s] Level 5:colcon.colcon_core.verb:set package 'anvrit_description' build argument 'ament_cmake_args' from command line to 'None'
[0.512s] Level 5:colcon.colcon_core.verb:set package 'anvrit_description' build argument 'catkin_cmake_args' from command line to 'None'
[0.512s] Level 5:colcon.colcon_core.verb:set package 'anvrit_description' build argument 'catkin_skip_building_tests' from command line to 'False'
[0.512s] DEBUG:colcon.colcon_core.verb:Building package 'anvrit_description' with the following arguments: {'ament_cmake_args': None, 'build_base': '/home/sudhanshu/anvrit_ws/build/anvrit_description', 'catkin_cmake_args': None, 'catkin_skip_building_tests': False, 'cmake_args': None, 'cmake_clean_cache': False, 'cmake_clean_first': False, 'cmake_force_configure': False, 'cmake_target': None, 'cmake_target_skip_unavailable': False, 'install_base': '/home/sudhanshu/anvrit_ws/install/anvrit_description', 'merge_install': False, 'path': '/home/sudhanshu/anvrit_ws/src/anvrit_description', 'symlink_install': True, 'test_result_base': None}
[0.512s] Level 5:colcon.colcon_core.verb:set package 'anvrit_gazebo' build argument 'cmake_args' from command line to 'None'
[0.512s] Level 5:colcon.colcon_core.verb:set package 'anvrit_gazebo' build argument 'cmake_target' from command line to 'None'
[0.512s] Level 5:colcon.colcon_core.verb:set package 'anvrit_gazebo' build argument 'cmake_target_skip_unavailable' from command line to 'False'
[0.512s] Level 5:colcon.colcon_core.verb:set package 'anvrit_gazebo' build argument 'cmake_clean_cache' from command line to 'False'
[0.512s] Level 5:colcon.colcon_core.verb:set package 'anvrit_gazebo' build argument 'cmake_clean_first' from command line to 'False'
[0.512s] Level 5:colcon.colcon_core.verb:set package 'anvrit_gazebo' build argument 'cmake_force_configure' from command line to 'False'
[0.512s] Level 5:colcon.colcon_core.verb:set package 'anvrit_gazebo' build argument 'ament_cmake_args' from command line to 'None'
[0.512s] Level 5:colcon.colcon_core.verb:set package 'anvrit_gazebo' build argument 'catkin_cmake_args' from command line to 'None'
[0.512s] Level 5:colcon.colcon_core.verb:set package 'anvrit_gazebo' build argument 'catkin_skip_building_tests' from command line to 'False'
[0.512s] DEBUG:colcon.colcon_core.verb:Building package 'anvrit_gazebo' with the following arguments: {'ament_cmake_args': None, 'build_base': '/home/sudhanshu/anvrit_ws/build/anvrit_gazebo', 'catkin_cmake_args': None, 'catkin_skip_building_tests': False, 'cmake_args': None, 'cmake_clean_cache': False, 'cmake_clean_first': False, 'cmake_force_configure': False, 'cmake_target': None, 'cmake_target_skip_unavailable': False, 'install_base': '/home/sudhanshu/anvrit_ws/install/anvrit_gazebo', 'merge_install': False, 'path': '/home/sudhanshu/anvrit_ws/src/anvrit_gazebo', 'symlink_install': True, 'test_result_base': None}
[0.513s] Level 5:colcon.colcon_core.verb:set package 'anvrit_navigation' build argument 'cmake_args' from command line to 'None'
[0.513s] Level 5:colcon.colcon_core.verb:set package 'anvrit_navigation' build argument 'cmake_target' from command line to 'None'
[0.513s] Level 5:colcon.colcon_core.verb:set package 'anvrit_navigation' build argument 'cmake_target_skip_unavailable' from command line to 'False'
[0.513s] Level 5:colcon.colcon_core.verb:set package 'anvrit_navigation' build argument 'cmake_clean_cache' from command line to 'False'
[0.513s] Level 5:colcon.colcon_core.verb:set package 'anvrit_navigation' build argument 'cmake_clean_first' from command line to 'False'
[0.513s] Level 5:colcon.colcon_core.verb:set package 'anvrit_navigation' build argument 'cmake_force_configure' from command line to 'False'
[0.513s] Level 5:colcon.colcon_core.verb:set package 'anvrit_navigation' build argument 'ament_cmake_args' from command line to 'None'
[0.513s] Level 5:colcon.colcon_core.verb:set package 'anvrit_navigation' build argument 'catkin_cmake_args' from command line to 'None'
[0.513s] Level 5:colcon.colcon_core.verb:set package 'anvrit_navigation' build argument 'catkin_skip_building_tests' from command line to 'False'
[0.513s] DEBUG:colcon.colcon_core.verb:Building package 'anvrit_navigation' with the following arguments: {'ament_cmake_args': None, 'build_base': '/home/sudhanshu/anvrit_ws/build/anvrit_navigation', 'catkin_cmake_args': None, 'catkin_skip_building_tests': False, 'cmake_args': None, 'cmake_clean_cache': False, 'cmake_clean_first': False, 'cmake_force_configure': False, 'cmake_target': None, 'cmake_target_skip_unavailable': False, 'install_base': '/home/sudhanshu/anvrit_ws/install/anvrit_navigation', 'merge_install': False, 'path': '/home/sudhanshu/anvrit_ws/src/anvrit_navigation', 'symlink_install': True, 'test_result_base': None}
[0.514s] Level 5:colcon.colcon_core.verb:set package 'odometry_generator' build argument 'cmake_args' from command line to 'None'
[0.514s] Level 5:colcon.colcon_core.verb:set package 'odometry_generator' build argument 'cmake_target' from command line to 'None'
[0.514s] Level 5:colcon.colcon_core.verb:set package 'odometry_generator' build argument 'cmake_target_skip_unavailable' from command line to 'False'
[0.514s] Level 5:colcon.colcon_core.verb:set package 'odometry_generator' build argument 'cmake_clean_cache' from command line to 'False'
[0.514s] Level 5:colcon.colcon_core.verb:set package 'odometry_generator' build argument 'cmake_clean_first' from command line to 'False'
[0.514s] Level 5:colcon.colcon_core.verb:set package 'odometry_generator' build argument 'cmake_force_configure' from command line to 'False'
[0.514s] Level 5:colcon.colcon_core.verb:set package 'odometry_generator' build argument 'ament_cmake_args' from command line to 'None'
[0.514s] Level 5:colcon.colcon_core.verb:set package 'odometry_generator' build argument 'catkin_cmake_args' from command line to 'None'
[0.514s] Level 5:colcon.colcon_core.verb:set package 'odometry_generator' build argument 'catkin_skip_building_tests' from command line to 'False'
[0.514s] DEBUG:colcon.colcon_core.verb:Building package 'odometry_generator' with the following arguments: {'ament_cmake_args': None, 'build_base': '/home/sudhanshu/anvrit_ws/build/odometry_generator', 'catkin_cmake_args': None, 'catkin_skip_building_tests': False, 'cmake_args': None, 'cmake_clean_cache': False, 'cmake_clean_first': False, 'cmake_force_configure': False, 'cmake_target': None, 'cmake_target_skip_unavailable': False, 'install_base': '/home/sudhanshu/anvrit_ws/install/odometry_generator', 'merge_install': False, 'path': '/home/sudhanshu/anvrit_ws/src/odometry_generator', 'symlink_install': True, 'test_result_base': None}
[0.514s] INFO:colcon.colcon_core.executor:Executing jobs using 'parallel' executor
[0.516s] DEBUG:colcon.colcon_parallel_executor.executor.parallel:run_until_complete
[0.516s] INFO:colcon.colcon_ros.task.ament_cmake.build:Building ROS package in '/home/sudhanshu/anvrit_ws/src/anvrit_description' with build type 'ament_cmake'
[0.516s] INFO:colcon.colcon_cmake.task.cmake.build:Building CMake package in '/home/sudhanshu/anvrit_ws/src/anvrit_description'
[0.519s] INFO:colcon.colcon_core.plugin_system:Skipping extension 'colcon_core.shell.bat': Not used on non-Windows systems
[0.519s] INFO:colcon.colcon_core.shell:Skip shell extension 'powershell' for command environment: Not usable outside of PowerShell
[0.519s] DEBUG:colcon.colcon_core.shell:Skip shell extension 'dsv' for command environment
[0.526s] INFO:colcon.colcon_ros.task.ament_cmake.build:Building ROS package in '/home/sudhanshu/anvrit_ws/src/anvrit_gazebo' with build type 'ament_cmake'
[0.526s] INFO:colcon.colcon_cmake.task.cmake.build:Building CMake package in '/home/sudhanshu/anvrit_ws/src/anvrit_gazebo'
[0.526s] INFO:colcon.colcon_core.shell:Skip shell extension 'powershell' for command environment: Not usable outside of PowerShell
[0.526s] DEBUG:colcon.colcon_core.shell:Skip shell extension 'dsv' for command environment
[0.533s] INFO:colcon.colcon_ros.task.ament_python.build:Building ROS package in '/home/sudhanshu/anvrit_ws/src/anvrit_navigation' with build type 'ament_python'
[0.533s] Level 1:colcon.colcon_core.shell:create_environment_hook('anvrit_navigation', 'ament_prefix_path')
[0.533s] INFO:colcon.colcon_core.shell:Creating environment hook '/home/sudhanshu/anvrit_ws/install/anvrit_navigation/share/anvrit_navigation/hook/ament_prefix_path.ps1'
[0.534s] INFO:colcon.colcon_core.shell:Creating environment descriptor '/home/sudhanshu/anvrit_ws/install/anvrit_navigation/share/anvrit_navigation/hook/ament_prefix_path.dsv'
[0.534s] INFO:colcon.colcon_core.shell:Creating environment hook '/home/sudhanshu/anvrit_ws/install/anvrit_navigation/share/anvrit_navigation/hook/ament_prefix_path.sh'
[0.535s] INFO:colcon.colcon_core.shell:Skip shell extension 'powershell' for command environment: Not usable outside of PowerShell
[0.535s] DEBUG:colcon.colcon_core.shell:Skip shell extension 'dsv' for command environment
[0.541s] INFO:colcon.colcon_ros.task.ament_python.build:Building ROS package in '/home/sudhanshu/anvrit_ws/src/odometry_generator' with build type 'ament_python'
[0.542s] Level 1:colcon.colcon_core.shell:create_environment_hook('odometry_generator', 'ament_prefix_path')
[0.542s] INFO:colcon.colcon_core.shell:Creating environment hook '/home/sudhanshu/anvrit_ws/install/odometry_generator/share/odometry_generator/hook/ament_prefix_path.ps1'
[0.542s] INFO:colcon.colcon_core.shell:Creating environment descriptor '/home/sudhanshu/anvrit_ws/install/odometry_generator/share/odometry_generator/hook/ament_prefix_path.dsv'
[0.543s] INFO:colcon.colcon_core.shell:Creating environment hook '/home/sudhanshu/anvrit_ws/install/odometry_generator/share/odometry_generator/hook/ament_prefix_path.sh'
[0.544s] INFO:colcon.colcon_core.shell:Skip shell extension 'powershell' for command environment: Not usable outside of PowerShell
[0.544s] DEBUG:colcon.colcon_core.shell:Skip shell extension 'dsv' for command environment
[0.557s] DEBUG:colcon.colcon_core.event_handler.log_command:Invoking command in '/home/sudhanshu/anvrit_ws/build/anvrit_description': CMAKE_PREFIX_PATH=${CMAKE_PREFIX_PATH}:/home/sudhanshu/anvrit_ws/install/odometry_generator:/home/sudhanshu/anvrit_ws/install/anvrit_navigation:/home/sudhanshu/ros2_ws/install/my_robot_controller:/home/sudhanshu/ros2_ws/install/find_factorial:/home/sudhanshu/ros2_ws/install/bot_control:/home/sudhanshu/ros2_ws/install/anvrit_navigation:/home/sudhanshu/ros2_ws/install/anvrit_gazebo:/home/sudhanshu/cyborg_ws/install/anvrit_navigation:/opt/ros/humble /usr/bin/cmake --build /home/sudhanshu/anvrit_ws/build/anvrit_description -- -j12 -l12
[0.561s] DEBUG:colcon.colcon_core.event_handler.log_command:Invoking command in '/home/sudhanshu/anvrit_ws/build/anvrit_gazebo': CMAKE_PREFIX_PATH=${CMAKE_PREFIX_PATH}:/home/sudhanshu/anvrit_ws/install/odometry_generator:/home/sudhanshu/anvrit_ws/install/anvrit_navigation:/home/sudhanshu/ros2_ws/install/my_robot_controller:/home/sudhanshu/ros2_ws/install/find_factorial:/home/sudhanshu/ros2_ws/install/bot_control:/home/sudhanshu/ros2_ws/install/anvrit_navigation:/home/sudhanshu/ros2_ws/install/anvrit_gazebo:/home/sudhanshu/cyborg_ws/install/anvrit_navigation:/opt/ros/humble /usr/bin/cmake --build /home/sudhanshu/anvrit_ws/build/anvrit_gazebo -- -j12 -l12
[0.951s] INFO:colcon.colcon_core.task.python.build:Building Python package in '/home/sudhanshu/anvrit_ws/src/anvrit_navigation'
[0.952s] INFO:colcon.colcon_core.shell:Skip shell extension 'powershell' for command environment: Not usable outside of PowerShell
[0.952s] DEBUG:colcon.colcon_core.shell:Skip shell extension 'dsv' for command environment
[1.341s] INFO:colcon.colcon_core.task.python.build:Building Python package in '/home/sudhanshu/anvrit_ws/src/odometry_generator'
[1.341s] INFO:colcon.colcon_core.shell:Skip shell extension 'powershell' for command environment: Not usable outside of PowerShell
[1.341s] DEBUG:colcon.colcon_core.shell:Skip shell extension 'dsv' for command environment
[1.351s] DEBUG:colcon.colcon_core.event_handler.log_command:Invoked command in '/home/sudhanshu/anvrit_ws/build/anvrit_description' returned '0': CMAKE_PREFIX_PATH=${CMAKE_PREFIX_PATH}:/home/sudhanshu/anvrit_ws/install/odometry_generator:/home/sudhanshu/anvrit_ws/install/anvrit_navigation:/home/sudhanshu/ros2_ws/install/my_robot_controller:/home/sudhanshu/ros2_ws/install/find_factorial:/home/sudhanshu/ros2_ws/install/bot_control:/home/sudhanshu/ros2_ws/install/anvrit_navigation:/home/sudhanshu/ros2_ws/install/anvrit_gazebo:/home/sudhanshu/cyborg_ws/install/anvrit_navigation:/opt/ros/humble /usr/bin/cmake --build /home/sudhanshu/anvrit_ws/build/anvrit_description -- -j12 -l12
[1.352s] DEBUG:colcon.colcon_core.event_handler.log_command:Invoked command in '/home/sudhanshu/anvrit_ws/build/anvrit_gazebo' returned '0': CMAKE_PREFIX_PATH=${CMAKE_PREFIX_PATH}:/home/sudhanshu/anvrit_ws/install/odometry_generator:/home/sudhanshu/anvrit_ws/install/anvrit_navigation:/home/sudhanshu/ros2_ws/install/my_robot_controller:/home/sudhanshu/ros2_ws/install/find_factorial:/home/sudhanshu/ros2_ws/install/bot_control:/home/sudhanshu/ros2_ws/install/anvrit_navigation:/home/sudhanshu/ros2_ws/install/anvrit_gazebo:/home/sudhanshu/cyborg_ws/install/anvrit_navigation:/opt/ros/humble /usr/bin/cmake --build /home/sudhanshu/anvrit_ws/build/anvrit_gazebo -- -j12 -l12
[1.399s] DEBUG:colcon.colcon_core.event_handler.log_command:Invoking command in '/home/sudhanshu/anvrit_ws/build/anvrit_description': CMAKE_PREFIX_PATH=${CMAKE_PREFIX_PATH}:/home/sudhanshu/anvrit_ws/install/odometry_generator:/home/sudhanshu/anvrit_ws/install/anvrit_navigation:/home/sudhanshu/ros2_ws/install/my_robot_controller:/home/sudhanshu/ros2_ws/install/find_factorial:/home/sudhanshu/ros2_ws/install/bot_control:/home/sudhanshu/ros2_ws/install/anvrit_navigation:/home/sudhanshu/ros2_ws/install/anvrit_gazebo:/home/sudhanshu/cyborg_ws/install/anvrit_navigation:/opt/ros/humble /usr/bin/cmake --install /home/sudhanshu/anvrit_ws/build/anvrit_description
[1.401s] DEBUG:colcon.colcon_core.event_handler.log_command:Invoking command in '/home/sudhanshu/anvrit_ws/build/anvrit_gazebo': CMAKE_PREFIX_PATH=${CMAKE_PREFIX_PATH}:/home/sudhanshu/anvrit_ws/install/odometry_generator:/home/sudhanshu/anvrit_ws/install/anvrit_navigation:/home/sudhanshu/ros2_ws/install/my_robot_controller:/home/sudhanshu/ros2_ws/install/find_factorial:/home/sudhanshu/ros2_ws/install/bot_control:/home/sudhanshu/ros2_ws/install/anvrit_navigation:/home/sudhanshu/ros2_ws/install/anvrit_gazebo:/home/sudhanshu/cyborg_ws/install/anvrit_navigation:/opt/ros/humble /usr/bin/cmake --install /home/sudhanshu/anvrit_ws/build/anvrit_gazebo
[1.436s] Level 1:colcon.colcon_core.environment:create_environment_scripts_only(anvrit_description)
[1.436s] DEBUG:colcon.colcon_core.event_handler.log_command:Invoked command in '/home/sudhanshu/anvrit_ws/build/anvrit_description' returned '0': CMAKE_PREFIX_PATH=${CMAKE_PREFIX_PATH}:/home/sudhanshu/anvrit_ws/install/odometry_generator:/home/sudhanshu/anvrit_ws/install/anvrit_navigation:/home/sudhanshu/ros2_ws/install/my_robot_controller:/home/sudhanshu/ros2_ws/install/find_factorial:/home/sudhanshu/ros2_ws/install/bot_control:/home/sudhanshu/ros2_ws/install/anvrit_navigation:/home/sudhanshu/ros2_ws/install/anvrit_gazebo:/home/sudhanshu/cyborg_ws/install/anvrit_navigation:/opt/ros/humble /usr/bin/cmake --install /home/sudhanshu/anvrit_ws/build/anvrit_description
[1.440s] Level 1:colcon.colcon_core.environment:checking '/home/sudhanshu/anvrit_ws/install/anvrit_description' for CMake module files
[1.441s] Level 1:colcon.colcon_core.environment:checking '/home/sudhanshu/anvrit_ws/install/anvrit_description' for CMake config files
[1.442s] Level 1:colcon.colcon_core.shell:create_environment_hook('anvrit_description', 'cmake_prefix_path')
[1.442s] INFO:colcon.colcon_core.shell:Creating environment hook '/home/sudhanshu/anvrit_ws/install/anvrit_description/share/anvrit_description/hook/cmake_prefix_path.ps1'
[1.443s] INFO:colcon.colcon_core.shell:Creating environment descriptor '/home/sudhanshu/anvrit_ws/install/anvrit_description/share/anvrit_description/hook/cmake_prefix_path.dsv'
[1.444s] INFO:colcon.colcon_core.shell:Creating environment hook '/home/sudhanshu/anvrit_ws/install/anvrit_description/share/anvrit_description/hook/cmake_prefix_path.sh'
[1.445s] Level 1:colcon.colcon_core.environment:checking '/home/sudhanshu/anvrit_ws/install/anvrit_description/bin'
[1.445s] Level 1:colcon.colcon_core.environment:checking '/home/sudhanshu/anvrit_ws/install/anvrit_description/lib/pkgconfig/anvrit_description.pc'
[1.445s] Level 1:colcon.colcon_core.environment:checking '/home/sudhanshu/anvrit_ws/install/anvrit_description/lib/python3.10/site-packages'
[1.446s] Level 1:colcon.colcon_core.environment:checking '/home/sudhanshu/anvrit_ws/install/anvrit_description/bin'
[1.446s] INFO:colcon.colcon_core.shell:Creating package script '/home/sudhanshu/anvrit_ws/install/anvrit_description/share/anvrit_description/package.ps1'
[1.447s] INFO:colcon.colcon_core.shell:Creating package descriptor '/home/sudhanshu/anvrit_ws/install/anvrit_description/share/anvrit_description/package.dsv'
[1.448s] INFO:colcon.colcon_core.shell:Creating package script '/home/sudhanshu/anvrit_ws/install/anvrit_description/share/anvrit_description/package.sh'
[1.449s] INFO:colcon.colcon_core.shell:Creating package script '/home/sudhanshu/anvrit_ws/install/anvrit_description/share/anvrit_description/package.bash'
[1.450s] INFO:colcon.colcon_core.shell:Creating package script '/home/sudhanshu/anvrit_ws/install/anvrit_description/share/anvrit_description/package.zsh'
[1.451s] Level 1:colcon.colcon_core.environment:create_file_with_runtime_dependencies(/home/sudhanshu/anvrit_ws/install/anvrit_description/share/colcon-core/packages/anvrit_description)
[1.453s] Level 1:colcon.colcon_core.environment:create_environment_scripts_only(anvrit_gazebo)
[1.453s] Level 1:colcon.colcon_core.environment:checking '/home/sudhanshu/anvrit_ws/install/anvrit_gazebo' for CMake module files
[1.454s] DEBUG:colcon.colcon_core.event_handler.log_command:Invoked command in '/home/sudhanshu/anvrit_ws/build/anvrit_gazebo' returned '0': CMAKE_PREFIX_PATH=${CMAKE_PREFIX_PATH}:/home/sudhanshu/anvrit_ws/install/odometry_generator:/home/sudhanshu/anvrit_ws/install/anvrit_navigation:/home/sudhanshu/ros2_ws/install/my_robot_controller:/home/sudhanshu/ros2_ws/install/find_factorial:/home/sudhanshu/ros2_ws/install/bot_control:/home/sudhanshu/ros2_ws/install/anvrit_navigation:/home/sudhanshu/ros2_ws/install/anvrit_gazebo:/home/sudhanshu/cyborg_ws/install/anvrit_navigation:/opt/ros/humble /usr/bin/cmake --install /home/sudhanshu/anvrit_ws/build/anvrit_gazebo
[1.454s] Level 1:colcon.colcon_core.environment:checking '/home/sudhanshu/anvrit_ws/install/anvrit_gazebo' for CMake config files
[1.456s] Level 1:colcon.colcon_core.shell:create_environment_hook('anvrit_gazebo', 'cmake_prefix_path')
[1.457s] INFO:colcon.colcon_core.shell:Creating environment hook '/home/sudhanshu/anvrit_ws/install/anvrit_gazebo/share/anvrit_gazebo/hook/cmake_prefix_path.ps1'
[1.457s] INFO:colcon.colcon_core.shell:Creating environment descriptor '/home/sudhanshu/anvrit_ws/install/anvrit_gazebo/share/anvrit_gazebo/hook/cmake_prefix_path.dsv'
[1.458s] INFO:colcon.colcon_core.shell:Creating environment hook '/home/sudhanshu/anvrit_ws/install/anvrit_gazebo/share/anvrit_gazebo/hook/cmake_prefix_path.sh'
[1.458s] Level 1:colcon.colcon_core.environment:checking '/home/sudhanshu/anvrit_ws/install/anvrit_gazebo/lib'
[1.458s] Level 1:colcon.colcon_core.environment:checking '/home/sudhanshu/anvrit_ws/install/anvrit_gazebo/bin'
[1.459s] Level 1:colcon.colcon_core.environment:checking '/home/sudhanshu/anvrit_ws/install/anvrit_gazebo/lib/pkgconfig/anvrit_gazebo.pc'
[1.459s] Level 1:colcon.colcon_core.environment:checking '/home/sudhanshu/anvrit_ws/install/anvrit_gazebo/lib/python3.10/site-packages'
[1.459s] Level 1:colcon.colcon_core.environment:checking '/home/sudhanshu/anvrit_ws/install/anvrit_gazebo/bin'
[1.459s] INFO:colcon.colcon_core.shell:Creating package script '/home/sudhanshu/anvrit_ws/install/anvrit_gazebo/share/anvrit_gazebo/package.ps1'
[1.460s] INFO:colcon.colcon_core.shell:Creating package descriptor '/home/sudhanshu/anvrit_ws/install/anvrit_gazebo/share/anvrit_gazebo/package.dsv'
[1.460s] INFO:colcon.colcon_core.shell:Creating package script '/home/sudhanshu/anvrit_ws/install/anvrit_gazebo/share/anvrit_gazebo/package.sh'
[1.461s] INFO:colcon.colcon_core.shell:Creating package script '/home/sudhanshu/anvrit_ws/install/anvrit_gazebo/share/anvrit_gazebo/package.bash'
[1.461s] INFO:colcon.colcon_core.shell:Creating package script '/home/sudhanshu/anvrit_ws/install/anvrit_gazebo/share/anvrit_gazebo/package.zsh'
[1.461s] Level 1:colcon.colcon_core.environment:create_file_with_runtime_dependencies(/home/sudhanshu/anvrit_ws/install/anvrit_gazebo/share/colcon-core/packages/anvrit_gazebo)
[1.484s] Level 1:colcon.colcon_core.environment:create_environment_scripts_only(anvrit_description)
[1.485s] Level 1:colcon.colcon_core.environment:checking '/home/sudhanshu/anvrit_ws/install/anvrit_description' for CMake module files
[1.485s] Level 1:colcon.colcon_core.environment:checking '/home/sudhanshu/anvrit_ws/install/anvrit_description' for CMake config files
[1.486s] Level 1:colcon.colcon_core.shell:create_environment_hook('anvrit_description', 'cmake_prefix_path')
[1.486s] INFO:colcon.colcon_core.shell:Creating environment hook '/home/sudhanshu/anvrit_ws/install/anvrit_description/share/anvrit_description/hook/cmake_prefix_path.ps1'
[1.487s] INFO:colcon.colcon_core.shell:Creating environment descriptor '/home/sudhanshu/anvrit_ws/install/anvrit_description/share/anvrit_description/hook/cmake_prefix_path.dsv'
[1.487s] INFO:colcon.colcon_core.shell:Creating environment hook '/home/sudhanshu/anvrit_ws/install/anvrit_description/share/anvrit_description/hook/cmake_prefix_path.sh'
[1.488s] Level 1:colcon.colcon_core.environment:checking '/home/sudhanshu/anvrit_ws/install/anvrit_description/bin'
[1.488s] Level 1:colcon.colcon_core.environment:checking '/home/sudhanshu/anvrit_ws/install/anvrit_description/lib/pkgconfig/anvrit_description.pc'
[1.488s] Level 1:colcon.colcon_core.environment:checking '/home/sudhanshu/anvrit_ws/install/anvrit_description/lib/python3.10/site-packages'
[1.488s] Level 1:colcon.colcon_core.environment:checking '/home/sudhanshu/anvrit_ws/install/anvrit_description/bin'
[1.489s] INFO:colcon.colcon_core.shell:Creating package script '/home/sudhanshu/anvrit_ws/install/anvrit_description/share/anvrit_description/package.ps1'
[1.489s] INFO:colcon.colcon_core.shell:Creating package descriptor '/home/sudhanshu/anvrit_ws/install/anvrit_description/share/anvrit_description/package.dsv'
[1.490s] INFO:colcon.colcon_core.shell:Creating package script '/home/sudhanshu/anvrit_ws/install/anvrit_description/share/anvrit_description/package.sh'
[1.490s] INFO:colcon.colcon_core.shell:Creating package script '/home/sudhanshu/anvrit_ws/install/anvrit_description/share/anvrit_description/package.bash'
[1.491s] INFO:colcon.colcon_core.shell:Creating package script '/home/sudhanshu/anvrit_ws/install/anvrit_description/share/anvrit_description/package.zsh'
[1.491s] Level 1:colcon.colcon_core.environment:create_file_with_runtime_dependencies(/home/sudhanshu/anvrit_ws/install/anvrit_description/share/colcon-core/packages/anvrit_description)
[1.495s] Level 1:colcon.colcon_core.environment:create_environment_scripts_only(anvrit_gazebo)
[1.495s] Level 1:colcon.colcon_core.environment:checking '/home/sudhanshu/anvrit_ws/install/anvrit_gazebo' for CMake module files
[1.495s] Level 1:colcon.colcon_core.environment:checking '/home/sudhanshu/anvrit_ws/install/anvrit_gazebo' for CMake config files
[1.498s] Level 1:colcon.colcon_core.shell:create_environment_hook('anvrit_gazebo', 'cmake_prefix_path')
[1.498s] INFO:colcon.colcon_core.shell:Creating environment hook '/home/sudhanshu/anvrit_ws/install/anvrit_gazebo/share/anvrit_gazebo/hook/cmake_prefix_path.ps1'
[1.498s] INFO:colcon.colcon_core.shell:Creating environment descriptor '/home/sudhanshu/anvrit_ws/install/anvrit_gazebo/share/anvrit_gazebo/hook/cmake_prefix_path.dsv'
[1.499s] INFO:colcon.colcon_core.shell:Creating environment hook '/home/sudhanshu/anvrit_ws/install/anvrit_gazebo/share/anvrit_gazebo/hook/cmake_prefix_path.sh'
[1.499s] Level 1:colcon.colcon_core.environment:checking '/home/sudhanshu/anvrit_ws/install/anvrit_gazebo/lib'
[1.499s] Level 1:colcon.colcon_core.environment:checking '/home/sudhanshu/anvrit_ws/install/anvrit_gazebo/bin'
[1.500s] Level 1:colcon.colcon_core.environment:checking '/home/sudhanshu/anvrit_ws/install/anvrit_gazebo/lib/pkgconfig/anvrit_gazebo.pc'
[1.500s] Level 1:colcon.colcon_core.environment:checking '/home/sudhanshu/anvrit_ws/install/anvrit_gazebo/lib/python3.10/site-packages'
[1.500s] Level 1:colcon.colcon_core.environment:checking '/home/sudhanshu/anvrit_ws/install/anvrit_gazebo/bin'
[1.500s] INFO:colcon.colcon_core.shell:Creating package script '/home/sudhanshu/anvrit_ws/install/anvrit_gazebo/share/anvrit_gazebo/package.ps1'
[1.501s] INFO:colcon.colcon_core.shell:Creating package descriptor '/home/sudhanshu/anvrit_ws/install/anvrit_gazebo/share/anvrit_gazebo/package.dsv'
[1.501s] INFO:colcon.colcon_core.shell:Creating package script '/home/sudhanshu/anvrit_ws/install/anvrit_gazebo/share/anvrit_gazebo/package.sh'
[1.502s] INFO:colcon.colcon_core.shell:Creating package script '/home/sudhanshu/anvrit_ws/install/anvrit_gazebo/share/anvrit_gazebo/package.bash'
[1.502s] INFO:colcon.colcon_core.shell:Creating package script '/home/sudhanshu/anvrit_ws/install/anvrit_gazebo/share/anvrit_gazebo/package.zsh'
[1.502s] Level 1:colcon.colcon_core.environment:create_file_with_runtime_dependencies(/home/sudhanshu/anvrit_ws/install/anvrit_gazebo/share/colcon-core/packages/anvrit_gazebo)
[1.971s] DEBUG:colcon.colcon_core.event_handler.log_command:Invoking command in '/home/sudhanshu/anvrit_ws/build/odometry_generator': PYTHONPATH=/home/sudhanshu/anvrit_ws/build/odometry_generator/prefix_override:/usr/lib/python3/dist-packages/colcon_core/task/python/colcon_distutils_commands:/home/sudhanshu/anvrit_ws/install/odometry_generator/lib/python3.10/site-packages:${PYTHONPATH} /usr/bin/python3 -W ignore:setup.py install is deprecated setup.py develop --editable --build-directory /home/sudhanshu/anvrit_ws/build/odometry_generator/build --no-deps symlink_data
[1.974s] DEBUG:colcon.colcon_core.event_handler.log_command:Invoking command in '/home/sudhanshu/anvrit_ws/build/anvrit_navigation': PYTHONPATH=/home/sudhanshu/anvrit_ws/build/anvrit_navigation/prefix_override:/usr/lib/python3/dist-packages/colcon_core/task/python/colcon_distutils_commands:/home/sudhanshu/anvrit_ws/install/anvrit_navigation/lib/python3.10/site-packages:${PYTHONPATH} /usr/bin/python3 -W ignore:setup.py install is deprecated setup.py develop --editable --build-directory /home/sudhanshu/anvrit_ws/build/anvrit_navigation/build --no-deps symlink_data
[2.656s] Level 1:colcon.colcon_core.shell:create_environment_hook('anvrit_navigation', 'pythonpath_develop')
[2.657s] DEBUG:colcon.colcon_core.event_handler.log_command:Invoked command in '/home/sudhanshu/anvrit_ws/build/anvrit_navigation' returned '0': PYTHONPATH=/home/sudhanshu/anvrit_ws/build/anvrit_navigation/prefix_override:/usr/lib/python3/dist-packages/colcon_core/task/python/colcon_distutils_commands:/home/sudhanshu/anvrit_ws/install/anvrit_navigation/lib/python3.10/site-packages:${PYTHONPATH} /usr/bin/python3 -W ignore:setup.py install is deprecated setup.py develop --editable --build-directory /home/sudhanshu/anvrit_ws/build/anvrit_navigation/build --no-deps symlink_data
[2.657s] INFO:colcon.colcon_core.shell:Creating environment hook '/home/sudhanshu/anvrit_ws/build/anvrit_navigation/share/anvrit_navigation/hook/pythonpath_develop.ps1'
[2.658s] INFO:colcon.colcon_core.shell:Creating environment descriptor '/home/sudhanshu/anvrit_ws/build/anvrit_navigation/share/anvrit_navigation/hook/pythonpath_develop.dsv'
[2.658s] INFO:colcon.colcon_core.shell:Creating environment hook '/home/sudhanshu/anvrit_ws/build/anvrit_navigation/share/anvrit_navigation/hook/pythonpath_develop.sh'
[2.659s] Level 1:colcon.colcon_core.environment:checking '/home/sudhanshu/anvrit_ws/install/anvrit_navigation' for CMake module files
[2.659s] Level 1:colcon.colcon_core.environment:checking '/home/sudhanshu/anvrit_ws/install/anvrit_navigation' for CMake config files
[2.660s] Level 1:colcon.colcon_core.environment:checking '/home/sudhanshu/anvrit_ws/install/anvrit_navigation/lib'
[2.660s] Level 1:colcon.colcon_core.environment:checking '/home/sudhanshu/anvrit_ws/install/anvrit_navigation/bin'
[2.660s] Level 1:colcon.colcon_core.environment:checking '/home/sudhanshu/anvrit_ws/install/anvrit_navigation/lib/pkgconfig/anvrit_navigation.pc'
[2.661s] Level 1:colcon.colcon_core.environment:checking '/home/sudhanshu/anvrit_ws/install/anvrit_navigation/lib/python3.10/site-packages'
[2.661s] Level 1:colcon.colcon_core.shell:create_environment_hook('anvrit_navigation', 'pythonpath')
[2.661s] INFO:colcon.colcon_core.shell:Creating environment hook '/home/sudhanshu/anvrit_ws/install/anvrit_navigation/share/anvrit_navigation/hook/pythonpath.ps1'
[2.661s] INFO:colcon.colcon_core.shell:Creating environment descriptor '/home/sudhanshu/anvrit_ws/install/anvrit_navigation/share/anvrit_navigation/hook/pythonpath.dsv'
[2.662s] INFO:colcon.colcon_core.shell:Creating environment hook '/home/sudhanshu/anvrit_ws/install/anvrit_navigation/share/anvrit_navigation/hook/pythonpath.sh'
[2.662s] Level 1:colcon.colcon_core.environment:checking '/home/sudhanshu/anvrit_ws/install/anvrit_navigation/bin'
[2.662s] Level 1:colcon.colcon_core.environment:create_environment_scripts_only(anvrit_navigation)
[2.663s] INFO:colcon.colcon_core.shell:Creating package script '/home/sudhanshu/anvrit_ws/install/anvrit_navigation/share/anvrit_navigation/package.ps1'
[2.663s] INFO:colcon.colcon_core.shell:Creating package descriptor '/home/sudhanshu/anvrit_ws/install/anvrit_navigation/share/anvrit_navigation/package.dsv'
[2.664s] INFO:colcon.colcon_core.shell:Creating package script '/home/sudhanshu/anvrit_ws/install/anvrit_navigation/share/anvrit_navigation/package.sh'
[2.664s] INFO:colcon.colcon_core.shell:Creating package script '/home/sudhanshu/anvrit_ws/install/anvrit_navigation/share/anvrit_navigation/package.bash'
[2.665s] INFO:colcon.colcon_core.shell:Creating package script '/home/sudhanshu/anvrit_ws/install/anvrit_navigation/share/anvrit_navigation/package.zsh'
[2.665s] Level 1:colcon.colcon_core.environment:create_file_with_runtime_dependencies(/home/sudhanshu/anvrit_ws/install/anvrit_navigation/share/colcon-core/packages/anvrit_navigation)
[2.667s] Level 1:colcon.colcon_core.shell:create_environment_hook('odometry_generator', 'pythonpath_develop')
[2.667s] INFO:colcon.colcon_core.shell:Creating environment hook '/home/sudhanshu/anvrit_ws/build/odometry_generator/share/odometry_generator/hook/pythonpath_develop.ps1'
[2.667s] DEBUG:colcon.colcon_core.event_handler.log_command:Invoked command in '/home/sudhanshu/anvrit_ws/build/odometry_generator' returned '0': PYTHONPATH=/home/sudhanshu/anvrit_ws/build/odometry_generator/prefix_override:/usr/lib/python3/dist-packages/colcon_core/task/python/colcon_distutils_commands:/home/sudhanshu/anvrit_ws/install/odometry_generator/lib/python3.10/site-packages:${PYTHONPATH} /usr/bin/python3 -W ignore:setup.py install is deprecated setup.py develop --editable --build-directory /home/sudhanshu/anvrit_ws/build/odometry_generator/build --no-deps symlink_data
[2.668s] INFO:colcon.colcon_core.shell:Creating environment descriptor '/home/sudhanshu/anvrit_ws/build/odometry_generator/share/odometry_generator/hook/pythonpath_develop.dsv'
[2.668s] INFO:colcon.colcon_core.shell:Creating environment hook '/home/sudhanshu/anvrit_ws/build/odometry_generator/share/odometry_generator/hook/pythonpath_develop.sh'
[2.669s] Level 1:colcon.colcon_core.environment:checking '/home/sudhanshu/anvrit_ws/install/odometry_generator' for CMake module files
[2.669s] Level 1:colcon.colcon_core.environment:checking '/home/sudhanshu/anvrit_ws/install/odometry_generator' for CMake config files
[2.670s] Level 1:colcon.colcon_core.environment:checking '/home/sudhanshu/anvrit_ws/install/odometry_generator/lib'
[2.670s] Level 1:colcon.colcon_core.environment:checking '/home/sudhanshu/anvrit_ws/install/odometry_generator/bin'
[2.670s] Level 1:colcon.colcon_core.environment:checking '/home/sudhanshu/anvrit_ws/install/odometry_generator/lib/pkgconfig/odometry_generator.pc'
[2.670s] Level 1:colcon.colcon_core.environment:checking '/home/sudhanshu/anvrit_ws/install/odometry_generator/lib/python3.10/site-packages'
[2.670s] Level 1:colcon.colcon_core.shell:create_environment_hook('odometry_generator', 'pythonpath')
[2.670s] INFO:colcon.colcon_core.shell:Creating environment hook '/home/sudhanshu/anvrit_ws/install/odometry_generator/share/odometry_generator/hook/pythonpath.ps1'
[2.671s] INFO:colcon.colcon_core.shell:Creating environment descriptor '/home/sudhanshu/anvrit_ws/install/odometry_generator/share/odometry_generator/hook/pythonpath.dsv'
[2.671s] INFO:colcon.colcon_core.shell:Creating environment hook '/home/sudhanshu/anvrit_ws/install/odometry_generator/share/odometry_generator/hook/pythonpath.sh'
[2.672s] Level 1:colcon.colcon_core.environment:checking '/home/sudhanshu/anvrit_ws/install/odometry_generator/bin'
[2.672s] Level 1:colcon.colcon_core.environment:create_environment_scripts_only(odometry_generator)
[2.672s] INFO:colcon.colcon_core.shell:Creating package script '/home/sudhanshu/anvrit_ws/install/odometry_generator/share/odometry_generator/package.ps1'
[2.673s] INFO:colcon.colcon_core.shell:Creating package descriptor '/home/sudhanshu/anvrit_ws/install/odometry_generator/share/odometry_generator/package.dsv'
[2.673s] INFO:colcon.colcon_core.shell:Creating package script '/home/sudhanshu/anvrit_ws/install/odometry_generator/share/odometry_generator/package.sh'
[2.674s] INFO:colcon.colcon_core.shell:Creating package script '/home/sudhanshu/anvrit_ws/install/odometry_generator/share/odometry_generator/package.bash'
[2.674s] INFO:colcon.colcon_core.shell:Creating package script '/home/sudhanshu/anvrit_ws/install/odometry_generator/share/odometry_generator/package.zsh'
[2.675s] Level 1:colcon.colcon_core.environment:create_file_with_runtime_dependencies(/home/sudhanshu/anvrit_ws/install/odometry_generator/share/colcon-core/packages/odometry_generator)
[2.675s] DEBUG:colcon.colcon_parallel_executor.executor.parallel:closing loop
[2.675s] DEBUG:colcon.colcon_parallel_executor.executor.parallel:loop closed
[2.675s] DEBUG:colcon.colcon_parallel_executor.executor.parallel:run_until_complete finished with '0'
[2.676s] DEBUG:colcon.colcon_core.event_reactor:joining thread
[2.682s] INFO:colcon.colcon_core.plugin_system:Skipping extension 'colcon_notification.desktop_notification.terminal_notifier': Not used on non-Darwin systems
[2.682s] INFO:colcon.colcon_core.plugin_system:Skipping extension 'colcon_notification.desktop_notification.win32': Not used on non-Windows systems
[2.682s] INFO:colcon.colcon_notification.desktop_notification:Sending desktop notification using 'notify2'
[2.696s] DEBUG:colcon.colcon_core.event_reactor:joined thread
[2.696s] INFO:colcon.colcon_core.shell:Creating prefix script '/home/sudhanshu/anvrit_ws/install/local_setup.ps1'
[2.697s] INFO:colcon.colcon_core.shell:Creating prefix util module '/home/sudhanshu/anvrit_ws/install/_local_setup_util_ps1.py'
[2.699s] INFO:colcon.colcon_core.shell:Creating prefix chain script '/home/sudhanshu/anvrit_ws/install/setup.ps1'
[2.701s] INFO:colcon.colcon_core.shell:Creating prefix script '/home/sudhanshu/anvrit_ws/install/local_setup.sh'
[2.702s] INFO:colcon.colcon_core.shell:Creating prefix util module '/home/sudhanshu/anvrit_ws/install/_local_setup_util_sh.py'
[2.703s] INFO:colcon.colcon_core.shell:Creating prefix chain script '/home/sudhanshu/anvrit_ws/install/setup.sh'
[2.705s] INFO:colcon.colcon_core.shell:Creating prefix script '/home/sudhanshu/anvrit_ws/install/local_setup.bash'
[2.706s] INFO:colcon.colcon_core.shell:Creating prefix chain script '/home/sudhanshu/anvrit_ws/install/setup.bash'
[2.708s] INFO:colcon.colcon_core.shell:Creating prefix script '/home/sudhanshu/anvrit_ws/install/local_setup.zsh'
[2.708s] INFO:colcon.colcon_core.shell:Creating prefix chain script '/home/sudhanshu/anvrit_ws/install/setup.zsh'
