running develop
running egg_info
creating anvrit_navigation.egg-info
writing anvrit_navigation.egg-info/PKG-INFO
writing dependency_links to anvrit_navigation.egg-info/dependency_links.txt
writing entry points to anvrit_navigation.egg-info/entry_points.txt
writing requirements to anvrit_navigation.egg-info/requires.txt
writing top-level names to anvrit_navigation.egg-info/top_level.txt
writing manifest file 'anvrit_navigation.egg-info/SOURCES.txt'
reading manifest file 'anvrit_navigation.egg-info/SOURCES.txt'
writing manifest file 'anvrit_navigation.egg-info/SOURCES.txt'
running build_ext
Creating /home/sudhanshu/anvrit_ws/install/anvrit_navigation/lib/python3.10/site-packages/anvrit-navigation.egg-link (link to .)

Installed /home/sudhanshu/anvrit_ws/build/anvrit_navigation
running symlink_data
creating /home/sudhanshu/anvrit_ws/install/anvrit_navigation/share/ament_index
creating /home/sudhanshu/anvrit_ws/install/anvrit_navigation/share/ament_index/resource_index
creating /home/sudhanshu/anvrit_ws/install/anvrit_navigation/share/ament_index/resource_index/packages
symbolically linking /home/sudhanshu/anvrit_ws/build/anvrit_navigation/resource/anvrit_navigation -> /home/sudhanshu/anvrit_ws/install/anvrit_navigation/share/ament_index/resource_index/packages
symbolically linking /home/sudhanshu/anvrit_ws/build/anvrit_navigation/package.xml -> /home/sudhanshu/anvrit_ws/install/anvrit_navigation/share/anvrit_navigation
creating /home/sudhanshu/anvrit_ws/install/anvrit_navigation/share/anvrit_navigation/launch
creating /home/sudhanshu/anvrit_ws/install/anvrit_navigation/share/anvrit_navigation/maps
creating /home/sudhanshu/anvrit_ws/install/anvrit_navigation/share/anvrit_navigation/config
creating /home/sudhanshu/anvrit_ws/install/anvrit_navigation/share/anvrit_navigation/params
symbolically linking /home/sudhanshu/anvrit_ws/build/anvrit_navigation/params/nav2_params.yaml -> /home/sudhanshu/anvrit_ws/install/anvrit_navigation/share/anvrit_navigation/params
symbolically linking /home/sudhanshu/anvrit_ws/build/anvrit_navigation/params/mapper_params_online_async.yaml -> /home/sudhanshu/anvrit_ws/install/anvrit_navigation/share/anvrit_navigation/params
