[0.772s] Invoking command in '/home/sudhanshu/anvrit_ws/build/anvrit_navigation': PYTHONPATH=/home/sudhanshu/anvrit_ws/build/anvrit_navigation/prefix_override:/usr/lib/python3/dist-packages/colcon_core/task/python/colcon_distutils_commands:/home/sudhanshu/anvrit_ws/install/anvrit_navigation/lib/python3.10/site-packages:${PYTHONPATH} /usr/bin/python3 -W ignore:setup.py install is deprecated setup.py develop --editable --build-directory /home/sudhanshu/anvrit_ws/build/anvrit_navigation/build --no-deps symlink_data
[1.071s] running develop
[1.291s] running egg_info
[1.291s] creating anvrit_navigation.egg-info
[1.291s] writing anvrit_navigation.egg-info/PKG-INFO
[1.291s] writing dependency_links to anvrit_navigation.egg-info/dependency_links.txt
[1.291s] writing entry points to anvrit_navigation.egg-info/entry_points.txt
[1.291s] writing requirements to anvrit_navigation.egg-info/requires.txt
[1.291s] writing top-level names to anvrit_navigation.egg-info/top_level.txt
[1.292s] writing manifest file 'anvrit_navigation.egg-info/SOURCES.txt'
[1.293s] reading manifest file 'anvrit_navigation.egg-info/SOURCES.txt'
[1.293s] writing manifest file 'anvrit_navigation.egg-info/SOURCES.txt'
[1.295s] running build_ext
[1.295s] Creating /home/sudhanshu/anvrit_ws/install/anvrit_navigation/lib/python3.10/site-packages/anvrit-navigation.egg-link (link to .)
[1.295s] 
[1.295s] Installed /home/sudhanshu/anvrit_ws/build/anvrit_navigation
[1.295s] running symlink_data
[1.296s] creating /home/sudhanshu/anvrit_ws/install/anvrit_navigation/share/ament_index
[1.296s] creating /home/sudhanshu/anvrit_ws/install/anvrit_navigation/share/ament_index/resource_index
[1.296s] creating /home/sudhanshu/anvrit_ws/install/anvrit_navigation/share/ament_index/resource_index/packages
[1.296s] symbolically linking /home/sudhanshu/anvrit_ws/build/anvrit_navigation/resource/anvrit_navigation -> /home/sudhanshu/anvrit_ws/install/anvrit_navigation/share/ament_index/resource_index/packages
[1.296s] symbolically linking /home/sudhanshu/anvrit_ws/build/anvrit_navigation/package.xml -> /home/sudhanshu/anvrit_ws/install/anvrit_navigation/share/anvrit_navigation
[1.296s] creating /home/sudhanshu/anvrit_ws/install/anvrit_navigation/share/anvrit_navigation/launch
[1.296s] creating /home/sudhanshu/anvrit_ws/install/anvrit_navigation/share/anvrit_navigation/maps
[1.296s] creating /home/sudhanshu/anvrit_ws/install/anvrit_navigation/share/anvrit_navigation/config
[1.296s] creating /home/sudhanshu/anvrit_ws/install/anvrit_navigation/share/anvrit_navigation/params
[1.296s] symbolically linking /home/sudhanshu/anvrit_ws/build/anvrit_navigation/params/nav2_params.yaml -> /home/sudhanshu/anvrit_ws/install/anvrit_navigation/share/anvrit_navigation/params
[1.296s] symbolically linking /home/sudhanshu/anvrit_ws/build/anvrit_navigation/params/mapper_params_online_async.yaml -> /home/sudhanshu/anvrit_ws/install/anvrit_navigation/share/anvrit_navigation/params
[1.325s] Invoked command in '/home/sudhanshu/anvrit_ws/build/anvrit_navigation' returned '0': PYTHONPATH=/home/sudhanshu/anvrit_ws/build/anvrit_navigation/prefix_override:/usr/lib/python3/dist-packages/colcon_core/task/python/colcon_distutils_commands:/home/sudhanshu/anvrit_ws/install/anvrit_navigation/lib/python3.10/site-packages:${PYTHONPATH} /usr/bin/python3 -W ignore:setup.py install is deprecated setup.py develop --editable --build-directory /home/sudhanshu/anvrit_ws/build/anvrit_navigation/build --no-deps symlink_data
