[0.062s] Invoking command in '/home/sudhanshu/anvrit_ws/build/anvrit_gazebo': CMAKE_PREFIX_PATH=${CMAKE_PREFIX_PATH}:/home/sudhanshu/anvrit_ws/install/anvrit_navigation:/home/sudhanshu/ros2_ws/install/my_robot_controller:/home/sudhanshu/ros2_ws/install/find_factorial:/home/sudhanshu/ros2_ws/install/bot_control:/home/sudhanshu/ros2_ws/install/anvrit_navigation:/home/sudhanshu/ros2_ws/install/anvrit_gazebo:/home/sudhanshu/cyborg_ws/install/anvrit_navigation:/opt/ros/humble /usr/bin/cmake --build /home/sudhanshu/anvrit_ws/build/anvrit_gazebo -- -j12 -l12
[0.962s] Invoked command in '/home/sudhanshu/anvrit_ws/build/anvrit_gazebo' returned '0': CMAKE_PREFIX_PATH=${CMAKE_PREFIX_PATH}:/home/sudhanshu/anvrit_ws/install/anvrit_navigation:/home/sudhanshu/ros2_ws/install/my_robot_controller:/home/sudhanshu/ros2_ws/install/find_factorial:/home/sudhanshu/ros2_ws/install/bot_control:/home/sudhanshu/ros2_ws/install/anvrit_navigation:/home/sudhanshu/ros2_ws/install/anvrit_gazebo:/home/sudhanshu/cyborg_ws/install/anvrit_navigation:/opt/ros/humble /usr/bin/cmake --build /home/sudhanshu/anvrit_ws/build/anvrit_gazebo -- -j12 -l12
[1.068s] Invoking command in '/home/sudhanshu/anvrit_ws/build/anvrit_gazebo': CMAKE_PREFIX_PATH=${CMAKE_PREFIX_PATH}:/home/sudhanshu/anvrit_ws/install/anvrit_navigation:/home/sudhanshu/ros2_ws/install/my_robot_controller:/home/sudhanshu/ros2_ws/install/find_factorial:/home/sudhanshu/ros2_ws/install/bot_control:/home/sudhanshu/ros2_ws/install/anvrit_navigation:/home/sudhanshu/ros2_ws/install/anvrit_gazebo:/home/sudhanshu/cyborg_ws/install/anvrit_navigation:/opt/ros/humble /usr/bin/cmake --install /home/sudhanshu/anvrit_ws/build/anvrit_gazebo
[1.090s] -- Install configuration: ""
[1.090s] -- Execute custom install script
[1.091s] -- Up-to-date symlink: /home/sudhanshu/anvrit_ws/install/anvrit_gazebo/share/anvrit_gazebo//launch/warehouse_world.launch.py
[1.092s] -- Up-to-date symlink: /home/sudhanshu/anvrit_ws/install/anvrit_gazebo/share/anvrit_gazebo//worlds/no_roof_small_warehouse.world
[1.093s] -- Up-to-date symlink: /home/sudhanshu/anvrit_ws/install/anvrit_gazebo/share/anvrit_gazebo//worlds/small_warehouse.world
[1.097s] -- Up-to-date symlink: /home/sudhanshu/anvrit_ws/install/anvrit_gazebo/share/anvrit_gazebo//models/aws_robomaker_warehouse_Bucket_01/.DS_Store
[1.097s] -- Up-to-date symlink: /home/sudhanshu/anvrit_ws/install/anvrit_gazebo/share/anvrit_gazebo//models/aws_robomaker_warehouse_Bucket_01/materials/.DS_Store
[1.097s] -- Up-to-date symlink: /home/sudhanshu/anvrit_ws/install/anvrit_gazebo/share/anvrit_gazebo//models/aws_robomaker_warehouse_Bucket_01/materials/textures/aws_robomaker_warehouse_Bucket_01.png
[1.098s] -- Up-to-date symlink: /home/sudhanshu/anvrit_ws/install/anvrit_gazebo/share/anvrit_gazebo//models/aws_robomaker_warehouse_Bucket_01/meshes/aws_robomaker_warehouse_Bucket_01_collision.DAE
[1.098s] -- Up-to-date symlink: /home/sudhanshu/anvrit_ws/install/anvrit_gazebo/share/anvrit_gazebo//models/aws_robomaker_warehouse_Bucket_01/meshes/aws_robomaker_warehouse_Bucket_01_visual.DAE
[1.098s] -- Up-to-date symlink: /home/sudhanshu/anvrit_ws/install/anvrit_gazebo/share/anvrit_gazebo//models/aws_robomaker_warehouse_Bucket_01/model.config
[1.099s] -- Up-to-date symlink: /home/sudhanshu/anvrit_ws/install/anvrit_gazebo/share/anvrit_gazebo//models/aws_robomaker_warehouse_Bucket_01/model.sdf
[1.099s] -- Up-to-date symlink: /home/sudhanshu/anvrit_ws/install/anvrit_gazebo/share/anvrit_gazebo//models/aws_robomaker_warehouse_ClutteringA_01/.DS_Store
[1.099s] -- Up-to-date symlink: /home/sudhanshu/anvrit_ws/install/anvrit_gazebo/share/anvrit_gazebo//models/aws_robomaker_warehouse_ClutteringA_01/materials/.DS_Store
[1.100s] -- Up-to-date symlink: /home/sudhanshu/anvrit_ws/install/anvrit_gazebo/share/anvrit_gazebo//models/aws_robomaker_warehouse_ClutteringA_01/materials/textures/.DS_Store
[1.100s] -- Up-to-date symlink: /home/sudhanshu/anvrit_ws/install/anvrit_gazebo/share/anvrit_gazebo//models/aws_robomaker_warehouse_ClutteringA_01/materials/textures/aws_robomaker_warehouse_ClutteringA_01.png
[1.100s] -- Up-to-date symlink: /home/sudhanshu/anvrit_ws/install/anvrit_gazebo/share/anvrit_gazebo//models/aws_robomaker_warehouse_ClutteringA_01/materials/textures/aws_robomaker_warehouse_ClutteringA_02.png
[1.101s] -- Up-to-date symlink: /home/sudhanshu/anvrit_ws/install/anvrit_gazebo/share/anvrit_gazebo//models/aws_robomaker_warehouse_ClutteringA_01/materials/textures/aws_robomaker_warehouse_ClutteringA_03.png
[1.101s] -- Up-to-date symlink: /home/sudhanshu/anvrit_ws/install/anvrit_gazebo/share/anvrit_gazebo//models/aws_robomaker_warehouse_ClutteringA_01/meshes/aws_robomaker_warehouse_ClutteringA_01_collision.DAE
[1.101s] -- Up-to-date symlink: /home/sudhanshu/anvrit_ws/install/anvrit_gazebo/share/anvrit_gazebo//models/aws_robomaker_warehouse_ClutteringA_01/meshes/aws_robomaker_warehouse_ClutteringA_01_visual.DAE
[1.102s] -- Up-to-date symlink: /home/sudhanshu/anvrit_ws/install/anvrit_gazebo/share/anvrit_gazebo//models/aws_robomaker_warehouse_ClutteringA_01/model.config
[1.102s] -- Up-to-date symlink: /home/sudhanshu/anvrit_ws/install/anvrit_gazebo/share/anvrit_gazebo//models/aws_robomaker_warehouse_ClutteringA_01/model.sdf
[1.102s] -- Up-to-date symlink: /home/sudhanshu/anvrit_ws/install/anvrit_gazebo/share/anvrit_gazebo//models/aws_robomaker_warehouse_ClutteringC_01/materials/textures/aws_robomaker_warehouse_ClutteringC_01.png
[1.102s] -- Up-to-date symlink: /home/sudhanshu/anvrit_ws/install/anvrit_gazebo/share/anvrit_gazebo//models/aws_robomaker_warehouse_ClutteringC_01/materials/textures/aws_robomaker_warehouse_ClutteringC_02.png
[1.103s] -- Up-to-date symlink: /home/sudhanshu/anvrit_ws/install/anvrit_gazebo/share/anvrit_gazebo//models/aws_robomaker_warehouse_ClutteringC_01/meshes/aws_robomaker_warehouse_ClutteringC_01_collision.DAE
[1.104s] -- Up-to-date symlink: /home/sudhanshu/anvrit_ws/install/anvrit_gazebo/share/anvrit_gazebo//models/aws_robomaker_warehouse_ClutteringC_01/meshes/aws_robomaker_warehouse_ClutteringC_01_visual.DAE
[1.104s] -- Up-to-date symlink: /home/sudhanshu/anvrit_ws/install/anvrit_gazebo/share/anvrit_gazebo//models/aws_robomaker_warehouse_ClutteringC_01/model.config
[1.104s] -- Up-to-date symlink: /home/sudhanshu/anvrit_ws/install/anvrit_gazebo/share/anvrit_gazebo//models/aws_robomaker_warehouse_ClutteringC_01/model.sdf
[1.104s] -- Up-to-date symlink: /home/sudhanshu/anvrit_ws/install/anvrit_gazebo/share/anvrit_gazebo//models/aws_robomaker_warehouse_ClutteringD_01/materials/textures/aws_robomaker_warehouse_ClutteringD_01.png
[1.105s] -- Up-to-date symlink: /home/sudhanshu/anvrit_ws/install/anvrit_gazebo/share/anvrit_gazebo//models/aws_robomaker_warehouse_ClutteringD_01/materials/textures/aws_robomaker_warehouse_ClutteringD_02.png
[1.105s] -- Up-to-date symlink: /home/sudhanshu/anvrit_ws/install/anvrit_gazebo/share/anvrit_gazebo//models/aws_robomaker_warehouse_ClutteringD_01/meshes/aws_robomaker_warehouse_ClutteringD_01_collision.DAE
[1.105s] -- Up-to-date symlink: /home/sudhanshu/anvrit_ws/install/anvrit_gazebo/share/anvrit_gazebo//models/aws_robomaker_warehouse_ClutteringD_01/meshes/aws_robomaker_warehouse_ClutteringD_01_visual.DAE
[1.106s] -- Up-to-date symlink: /home/sudhanshu/anvrit_ws/install/anvrit_gazebo/share/anvrit_gazebo//models/aws_robomaker_warehouse_ClutteringD_01/model.config
[1.106s] -- Up-to-date symlink: /home/sudhanshu/anvrit_ws/install/anvrit_gazebo/share/anvrit_gazebo//models/aws_robomaker_warehouse_ClutteringD_01/model.sdf
[1.106s] -- Up-to-date symlink: /home/sudhanshu/anvrit_ws/install/anvrit_gazebo/share/anvrit_gazebo//models/aws_robomaker_warehouse_DeskC_01/materials/.DS_Store
[1.106s] -- Up-to-date symlink: /home/sudhanshu/anvrit_ws/install/anvrit_gazebo/share/anvrit_gazebo//models/aws_robomaker_warehouse_DeskC_01/materials/textures/aws_robomaker_warehouse_DeskC_01.png
[1.107s] -- Up-to-date symlink: /home/sudhanshu/anvrit_ws/install/anvrit_gazebo/share/anvrit_gazebo//models/aws_robomaker_warehouse_DeskC_01/materials/textures/aws_robomaker_warehouse_DeskC_02.png
[1.107s] -- Up-to-date symlink: /home/sudhanshu/anvrit_ws/install/anvrit_gazebo/share/anvrit_gazebo//models/aws_robomaker_warehouse_DeskC_01/materials/textures/aws_robomaker_warehouse_DeskC_03.png
[1.107s] -- Up-to-date symlink: /home/sudhanshu/anvrit_ws/install/anvrit_gazebo/share/anvrit_gazebo//models/aws_robomaker_warehouse_DeskC_01/materials/textures/aws_robomaker_warehouse_DeskC_03.psd
[1.107s] -- Up-to-date symlink: /home/sudhanshu/anvrit_ws/install/anvrit_gazebo/share/anvrit_gazebo//models/aws_robomaker_warehouse_DeskC_01/materials/textures/aws_robomaker_warehouse_DeskC_04.png
[1.108s] -- Up-to-date symlink: /home/sudhanshu/anvrit_ws/install/anvrit_gazebo/share/anvrit_gazebo//models/aws_robomaker_warehouse_DeskC_01/meshes/aws_robomaker_warehouse_DeskC_01_collision.DAE
[1.108s] -- Up-to-date symlink: /home/sudhanshu/anvrit_ws/install/anvrit_gazebo/share/anvrit_gazebo//models/aws_robomaker_warehouse_DeskC_01/meshes/aws_robomaker_warehouse_DeskC_01_visual.DAE
[1.108s] -- Up-to-date symlink: /home/sudhanshu/anvrit_ws/install/anvrit_gazebo/share/anvrit_gazebo//models/aws_robomaker_warehouse_DeskC_01/model.config
[1.108s] -- Up-to-date symlink: /home/sudhanshu/anvrit_ws/install/anvrit_gazebo/share/anvrit_gazebo//models/aws_robomaker_warehouse_DeskC_01/model.sdf
[1.109s] -- Up-to-date symlink: /home/sudhanshu/anvrit_ws/install/anvrit_gazebo/share/anvrit_gazebo//models/aws_robomaker_warehouse_GroundB_01/materials/textures/aws_robomaker_warehouse_GroundB_01.png
[1.109s] -- Up-to-date symlink: /home/sudhanshu/anvrit_ws/install/anvrit_gazebo/share/anvrit_gazebo//models/aws_robomaker_warehouse_GroundB_01/materials/textures/aws_robomaker_warehouse_GroundB_02.png
[1.109s] -- Up-to-date symlink: /home/sudhanshu/anvrit_ws/install/anvrit_gazebo/share/anvrit_gazebo//models/aws_robomaker_warehouse_GroundB_01/meshes/aws_robomaker_warehouse_GroundB_01_collision.DAE
[1.110s] -- Up-to-date symlink: /home/sudhanshu/anvrit_ws/install/anvrit_gazebo/share/anvrit_gazebo//models/aws_robomaker_warehouse_GroundB_01/meshes/aws_robomaker_warehouse_GroundB_01_visual.DAE
[1.110s] -- Up-to-date symlink: /home/sudhanshu/anvrit_ws/install/anvrit_gazebo/share/anvrit_gazebo//models/aws_robomaker_warehouse_GroundB_01/model.config
[1.110s] -- Up-to-date symlink: /home/sudhanshu/anvrit_ws/install/anvrit_gazebo/share/anvrit_gazebo//models/aws_robomaker_warehouse_GroundB_01/model.sdf
[1.111s] -- Up-to-date symlink: /home/sudhanshu/anvrit_ws/install/anvrit_gazebo/share/anvrit_gazebo//models/aws_robomaker_warehouse_Lamp_01/materials/textures/aws_robomaker_warehouse_Lamp_01.png
[1.111s] -- Up-to-date symlink: /home/sudhanshu/anvrit_ws/install/anvrit_gazebo/share/anvrit_gazebo//models/aws_robomaker_warehouse_Lamp_01/meshes/aws_robomaker_warehouse_Lamp_01_collision.DAE
[1.111s] -- Up-to-date symlink: /home/sudhanshu/anvrit_ws/install/anvrit_gazebo/share/anvrit_gazebo//models/aws_robomaker_warehouse_Lamp_01/meshes/aws_robomaker_warehouse_Lamp_01_visual.DAE
[1.111s] -- Up-to-date symlink: /home/sudhanshu/anvrit_ws/install/anvrit_gazebo/share/anvrit_gazebo//models/aws_robomaker_warehouse_Lamp_01/model.config
[1.112s] -- Up-to-date symlink: /home/sudhanshu/anvrit_ws/install/anvrit_gazebo/share/anvrit_gazebo//models/aws_robomaker_warehouse_Lamp_01/model.sdf
[1.112s] -- Up-to-date symlink: /home/sudhanshu/anvrit_ws/install/anvrit_gazebo/share/anvrit_gazebo//models/aws_robomaker_warehouse_PalletJackB_01/.DS_Store
[1.112s] -- Up-to-date symlink: /home/sudhanshu/anvrit_ws/install/anvrit_gazebo/share/anvrit_gazebo//models/aws_robomaker_warehouse_PalletJackB_01/materials/.DS_Store
[1.112s] -- Up-to-date symlink: /home/sudhanshu/anvrit_ws/install/anvrit_gazebo/share/anvrit_gazebo//models/aws_robomaker_warehouse_PalletJackB_01/materials/textures/aws_robomaker_warehouse_PalletJackB_01.png
[1.113s] -- Up-to-date symlink: /home/sudhanshu/anvrit_ws/install/anvrit_gazebo/share/anvrit_gazebo//models/aws_robomaker_warehouse_PalletJackB_01/materials/textures/aws_robomaker_warehouse_PalletJackB_02.png
[1.113s] -- Up-to-date symlink: /home/sudhanshu/anvrit_ws/install/anvrit_gazebo/share/anvrit_gazebo//models/aws_robomaker_warehouse_PalletJackB_01/meshes/aws_robomaker_warehouse_PalletJackB_01_collision.DAE
[1.113s] -- Up-to-date symlink: /home/sudhanshu/anvrit_ws/install/anvrit_gazebo/share/anvrit_gazebo//models/aws_robomaker_warehouse_PalletJackB_01/meshes/aws_robomaker_warehouse_PalletJackB_01_visual.DAE
[1.113s] -- Up-to-date symlink: /home/sudhanshu/anvrit_ws/install/anvrit_gazebo/share/anvrit_gazebo//models/aws_robomaker_warehouse_PalletJackB_01/model.config
[1.113s] -- Up-to-date symlink: /home/sudhanshu/anvrit_ws/install/anvrit_gazebo/share/anvrit_gazebo//models/aws_robomaker_warehouse_PalletJackB_01/model.sdf
[1.114s] -- Up-to-date symlink: /home/sudhanshu/anvrit_ws/install/anvrit_gazebo/share/anvrit_gazebo//models/aws_robomaker_warehouse_RoofB_01/materials/textures/aws_robomaker_warehouse_RoofB_01.png
[1.114s] -- Up-to-date symlink: /home/sudhanshu/anvrit_ws/install/anvrit_gazebo/share/anvrit_gazebo//models/aws_robomaker_warehouse_RoofB_01/meshes/aws_robomaker_warehouse_RoofB_01_collision.DAE
[1.114s] -- Up-to-date symlink: /home/sudhanshu/anvrit_ws/install/anvrit_gazebo/share/anvrit_gazebo//models/aws_robomaker_warehouse_RoofB_01/meshes/aws_robomaker_warehouse_RoofB_01_visual.DAE
[1.114s] -- Up-to-date symlink: /home/sudhanshu/anvrit_ws/install/anvrit_gazebo/share/anvrit_gazebo//models/aws_robomaker_warehouse_RoofB_01/model.config
[1.115s] -- Up-to-date symlink: /home/sudhanshu/anvrit_ws/install/anvrit_gazebo/share/anvrit_gazebo//models/aws_robomaker_warehouse_RoofB_01/model.sdf
[1.115s] -- Up-to-date symlink: /home/sudhanshu/anvrit_ws/install/anvrit_gazebo/share/anvrit_gazebo//models/aws_robomaker_warehouse_ShelfD_01/materials/textures/aws_robomaker_warehouse_ShelfD_01.png
[1.115s] -- Up-to-date symlink: /home/sudhanshu/anvrit_ws/install/anvrit_gazebo/share/anvrit_gazebo//models/aws_robomaker_warehouse_ShelfD_01/materials/textures/aws_robomaker_warehouse_ShelfD_02.png
[1.116s] -- Up-to-date symlink: /home/sudhanshu/anvrit_ws/install/anvrit_gazebo/share/anvrit_gazebo//models/aws_robomaker_warehouse_ShelfD_01/materials/textures/aws_robomaker_warehouse_ShelfD_03.png
[1.116s] -- Up-to-date symlink: /home/sudhanshu/anvrit_ws/install/anvrit_gazebo/share/anvrit_gazebo//models/aws_robomaker_warehouse_ShelfD_01/materials/textures/aws_robomaker_warehouse_ShelfD_04.png
[1.117s] -- Up-to-date symlink: /home/sudhanshu/anvrit_ws/install/anvrit_gazebo/share/anvrit_gazebo//models/aws_robomaker_warehouse_ShelfD_01/meshes/aws_robomaker_warehouse_ShelfD_01_collision.DAE
[1.117s] -- Up-to-date symlink: /home/sudhanshu/anvrit_ws/install/anvrit_gazebo/share/anvrit_gazebo//models/aws_robomaker_warehouse_ShelfD_01/meshes/aws_robomaker_warehouse_ShelfD_01_visual.DAE
[1.117s] -- Up-to-date symlink: /home/sudhanshu/anvrit_ws/install/anvrit_gazebo/share/anvrit_gazebo//models/aws_robomaker_warehouse_ShelfD_01/model.config
[1.118s] -- Up-to-date symlink: /home/sudhanshu/anvrit_ws/install/anvrit_gazebo/share/anvrit_gazebo//models/aws_robomaker_warehouse_ShelfD_01/model.sdf
[1.118s] -- Up-to-date symlink: /home/sudhanshu/anvrit_ws/install/anvrit_gazebo/share/anvrit_gazebo//models/aws_robomaker_warehouse_ShelfE_01/.DS_Store
[1.118s] -- Up-to-date symlink: /home/sudhanshu/anvrit_ws/install/anvrit_gazebo/share/anvrit_gazebo//models/aws_robomaker_warehouse_ShelfE_01/materials/.DS_Store
[1.119s] -- Up-to-date symlink: /home/sudhanshu/anvrit_ws/install/anvrit_gazebo/share/anvrit_gazebo//models/aws_robomaker_warehouse_ShelfE_01/materials/textures/aws_robomaker_warehouse_ShelfE_01.png
[1.119s] -- Up-to-date symlink: /home/sudhanshu/anvrit_ws/install/anvrit_gazebo/share/anvrit_gazebo//models/aws_robomaker_warehouse_ShelfE_01/materials/textures/aws_robomaker_warehouse_ShelfE_02.png
[1.119s] -- Up-to-date symlink: /home/sudhanshu/anvrit_ws/install/anvrit_gazebo/share/anvrit_gazebo//models/aws_robomaker_warehouse_ShelfE_01/materials/textures/aws_robomaker_warehouse_ShelfE_03.png
[1.119s] -- Up-to-date symlink: /home/sudhanshu/anvrit_ws/install/anvrit_gazebo/share/anvrit_gazebo//models/aws_robomaker_warehouse_ShelfE_01/materials/textures/aws_robomaker_warehouse_ShelfE_04.png
[1.120s] -- Up-to-date symlink: /home/sudhanshu/anvrit_ws/install/anvrit_gazebo/share/anvrit_gazebo//models/aws_robomaker_warehouse_ShelfE_01/meshes/aws_robomaker_warehouse_ShelfE_01_collision.DAE
[1.120s] -- Up-to-date symlink: /home/sudhanshu/anvrit_ws/install/anvrit_gazebo/share/anvrit_gazebo//models/aws_robomaker_warehouse_ShelfE_01/meshes/aws_robomaker_warehouse_ShelfE_01_visual.DAE
[1.121s] -- Up-to-date symlink: /home/sudhanshu/anvrit_ws/install/anvrit_gazebo/share/anvrit_gazebo//models/aws_robomaker_warehouse_ShelfE_01/model.config
[1.121s] -- Up-to-date symlink: /home/sudhanshu/anvrit_ws/install/anvrit_gazebo/share/anvrit_gazebo//models/aws_robomaker_warehouse_ShelfE_01/model.sdf
[1.121s] -- Up-to-date symlink: /home/sudhanshu/anvrit_ws/install/anvrit_gazebo/share/anvrit_gazebo//models/aws_robomaker_warehouse_ShelfF_01/materials/textures/aws_robomaker_warehouse_ShelfF_01.png
[1.122s] -- Up-to-date symlink: /home/sudhanshu/anvrit_ws/install/anvrit_gazebo/share/anvrit_gazebo//models/aws_robomaker_warehouse_ShelfF_01/materials/textures/aws_robomaker_warehouse_ShelfF_02.png
[1.123s] -- Up-to-date symlink: /home/sudhanshu/anvrit_ws/install/anvrit_gazebo/share/anvrit_gazebo//models/aws_robomaker_warehouse_ShelfF_01/materials/textures/aws_robomaker_warehouse_ShelfF_03.png
[1.123s] -- Up-to-date symlink: /home/sudhanshu/anvrit_ws/install/anvrit_gazebo/share/anvrit_gazebo//models/aws_robomaker_warehouse_ShelfF_01/meshes/aws_robomaker_warehouse_ShelfF_01_collision.DAE
[1.123s] -- Up-to-date symlink: /home/sudhanshu/anvrit_ws/install/anvrit_gazebo/share/anvrit_gazebo//models/aws_robomaker_warehouse_ShelfF_01/meshes/aws_robomaker_warehouse_ShelfF_01_visual.DAE
[1.124s] -- Up-to-date symlink: /home/sudhanshu/anvrit_ws/install/anvrit_gazebo/share/anvrit_gazebo//models/aws_robomaker_warehouse_ShelfF_01/model.config
[1.124s] -- Up-to-date symlink: /home/sudhanshu/anvrit_ws/install/anvrit_gazebo/share/anvrit_gazebo//models/aws_robomaker_warehouse_ShelfF_01/model.sdf
[1.124s] -- Up-to-date symlink: /home/sudhanshu/anvrit_ws/install/anvrit_gazebo/share/anvrit_gazebo//models/aws_robomaker_warehouse_TrashCanC_01/materials/textures/aws_robomaker_warehouse_TrashCanC_01.png
[1.125s] -- Up-to-date symlink: /home/sudhanshu/anvrit_ws/install/anvrit_gazebo/share/anvrit_gazebo//models/aws_robomaker_warehouse_TrashCanC_01/meshes/aws_robomaker_warehouse_TrashCanC_01_collision.DAE
[1.125s] -- Up-to-date symlink: /home/sudhanshu/anvrit_ws/install/anvrit_gazebo/share/anvrit_gazebo//models/aws_robomaker_warehouse_TrashCanC_01/meshes/aws_robomaker_warehouse_TrashCanC_01_visual.DAE
[1.126s] -- Up-to-date symlink: /home/sudhanshu/anvrit_ws/install/anvrit_gazebo/share/anvrit_gazebo//models/aws_robomaker_warehouse_TrashCanC_01/model.config
[1.126s] -- Up-to-date symlink: /home/sudhanshu/anvrit_ws/install/anvrit_gazebo/share/anvrit_gazebo//models/aws_robomaker_warehouse_TrashCanC_01/model.sdf
[1.126s] -- Up-to-date symlink: /home/sudhanshu/anvrit_ws/install/anvrit_gazebo/share/anvrit_gazebo//models/aws_robomaker_warehouse_WallB_01/materials/textures/aws_robomaker_warehouse_WallB_01.png
[1.127s] -- Up-to-date symlink: /home/sudhanshu/anvrit_ws/install/anvrit_gazebo/share/anvrit_gazebo//models/aws_robomaker_warehouse_WallB_01/meshes/aws_robomaker_warehouse_WallB_01_collision.DAE
[1.127s] -- Up-to-date symlink: /home/sudhanshu/anvrit_ws/install/anvrit_gazebo/share/anvrit_gazebo//models/aws_robomaker_warehouse_WallB_01/meshes/aws_robomaker_warehouse_WallB_01_visual.DAE
[1.127s] -- Up-to-date symlink: /home/sudhanshu/anvrit_ws/install/anvrit_gazebo/share/anvrit_gazebo//models/aws_robomaker_warehouse_WallB_01/model.config
[1.127s] -- Up-to-date symlink: /home/sudhanshu/anvrit_ws/install/anvrit_gazebo/share/anvrit_gazebo//models/aws_robomaker_warehouse_WallB_01/model.sdf
[1.128s] -- Up-to-date symlink: /home/sudhanshu/anvrit_ws/install/anvrit_gazebo/share/ament_index/resource_index/package_run_dependencies/anvrit_gazebo
[1.128s] -- Up-to-date symlink: /home/sudhanshu/anvrit_ws/install/anvrit_gazebo/share/ament_index/resource_index/parent_prefix_path/anvrit_gazebo
[1.128s] -- Up-to-date symlink: /home/sudhanshu/anvrit_ws/install/anvrit_gazebo/share/anvrit_gazebo/environment/ament_prefix_path.sh
[1.129s] -- Up-to-date symlink: /home/sudhanshu/anvrit_ws/install/anvrit_gazebo/share/anvrit_gazebo/environment/ament_prefix_path.dsv
[1.130s] -- Up-to-date symlink: /home/sudhanshu/anvrit_ws/install/anvrit_gazebo/share/anvrit_gazebo/environment/path.sh
[1.130s] -- Up-to-date symlink: /home/sudhanshu/anvrit_ws/install/anvrit_gazebo/share/anvrit_gazebo/environment/path.dsv
[1.131s] -- Up-to-date symlink: /home/sudhanshu/anvrit_ws/install/anvrit_gazebo/share/anvrit_gazebo/local_setup.bash
[1.131s] -- Up-to-date symlink: /home/sudhanshu/anvrit_ws/install/anvrit_gazebo/share/anvrit_gazebo/local_setup.sh
[1.134s] -- Up-to-date symlink: /home/sudhanshu/anvrit_ws/install/anvrit_gazebo/share/anvrit_gazebo/local_setup.zsh
[1.134s] -- Up-to-date symlink: /home/sudhanshu/anvrit_ws/install/anvrit_gazebo/share/anvrit_gazebo/local_setup.dsv
[1.135s] -- Symlinking: /home/sudhanshu/anvrit_ws/install/anvrit_gazebo/share/anvrit_gazebo/package.dsv
[1.165s] -- Up-to-date symlink: /home/sudhanshu/anvrit_ws/install/anvrit_gazebo/share/ament_index/resource_index/packages/anvrit_gazebo
[1.166s] -- Up-to-date symlink: /home/sudhanshu/anvrit_ws/install/anvrit_gazebo/share/anvrit_gazebo/cmake/anvrit_gazeboConfig.cmake
[1.166s] -- Up-to-date symlink: /home/sudhanshu/anvrit_ws/install/anvrit_gazebo/share/anvrit_gazebo/cmake/anvrit_gazeboConfig-version.cmake
[1.166s] -- Up-to-date symlink: /home/sudhanshu/anvrit_ws/install/anvrit_gazebo/share/anvrit_gazebo/package.xml
[1.174s] Invoked command in '/home/sudhanshu/anvrit_ws/build/anvrit_gazebo' returned '0': CMAKE_PREFIX_PATH=${CMAKE_PREFIX_PATH}:/home/sudhanshu/anvrit_ws/install/anvrit_navigation:/home/sudhanshu/ros2_ws/install/my_robot_controller:/home/sudhanshu/ros2_ws/install/find_factorial:/home/sudhanshu/ros2_ws/install/bot_control:/home/sudhanshu/ros2_ws/install/anvrit_navigation:/home/sudhanshu/ros2_ws/install/anvrit_gazebo:/home/sudhanshu/cyborg_ws/install/anvrit_navigation:/opt/ros/humble /usr/bin/cmake --install /home/sudhanshu/anvrit_ws/build/anvrit_gazebo
