[0.058s] Invoking command in '/home/sudhanshu/anvrit_ws/build/anvrit_gazebo': CMAKE_PREFIX_PATH=${CMAKE_PREFIX_PATH}:/home/sudhanshu/anvrit_ws/install/anvrit_navigation:/home/sudhanshu/ros2_ws/install/my_robot_controller:/home/sudhanshu/ros2_ws/install/find_factorial:/home/sudhanshu/ros2_ws/install/bot_control:/home/sudhanshu/ros2_ws/install/anvrit_navigation:/home/sudhanshu/ros2_ws/install/anvrit_gazebo:/home/sudhanshu/cyborg_ws/install/anvrit_navigation:/opt/ros/humble /usr/bin/cmake --build /home/sudhanshu/anvrit_ws/build/anvrit_gazebo -- -j12 -l12
[0.868s] Invoked command in '/home/sudhanshu/anvrit_ws/build/anvrit_gazebo' returned '0': CMAKE_PREFIX_PATH=${CMAKE_PREFIX_PATH}:/home/sudhanshu/anvrit_ws/install/anvrit_navigation:/home/sudhanshu/ros2_ws/install/my_robot_controller:/home/sudhanshu/ros2_ws/install/find_factorial:/home/sudhanshu/ros2_ws/install/bot_control:/home/sudhanshu/ros2_ws/install/anvrit_navigation:/home/sudhanshu/ros2_ws/install/anvrit_gazebo:/home/sudhanshu/cyborg_ws/install/anvrit_navigation:/opt/ros/humble /usr/bin/cmake --build /home/sudhanshu/anvrit_ws/build/anvrit_gazebo -- -j12 -l12
[0.965s] Invoking command in '/home/sudhanshu/anvrit_ws/build/anvrit_gazebo': CMAKE_PREFIX_PATH=${CMAKE_PREFIX_PATH}:/home/sudhanshu/anvrit_ws/install/anvrit_navigation:/home/sudhanshu/ros2_ws/install/my_robot_controller:/home/sudhanshu/ros2_ws/install/find_factorial:/home/sudhanshu/ros2_ws/install/bot_control:/home/sudhanshu/ros2_ws/install/anvrit_navigation:/home/sudhanshu/ros2_ws/install/anvrit_gazebo:/home/sudhanshu/cyborg_ws/install/anvrit_navigation:/opt/ros/humble /usr/bin/cmake --install /home/sudhanshu/anvrit_ws/build/anvrit_gazebo
[0.990s] -- Install configuration: ""
[0.992s] -- Execute custom install script
[0.993s] -- Up-to-date symlink: /home/sudhanshu/anvrit_ws/install/anvrit_gazebo/share/anvrit_gazebo//launch/warehouse_world.launch.py
[0.994s] -- Up-to-date symlink: /home/sudhanshu/anvrit_ws/install/anvrit_gazebo/share/anvrit_gazebo//worlds/no_roof_small_warehouse.world
[0.995s] -- Up-to-date symlink: /home/sudhanshu/anvrit_ws/install/anvrit_gazebo/share/anvrit_gazebo//worlds/small_warehouse.world
[1.001s] -- Up-to-date symlink: /home/sudhanshu/anvrit_ws/install/anvrit_gazebo/share/anvrit_gazebo//models/aws_robomaker_warehouse_Bucket_01/.DS_Store
[1.001s] -- Up-to-date symlink: /home/sudhanshu/anvrit_ws/install/anvrit_gazebo/share/anvrit_gazebo//models/aws_robomaker_warehouse_Bucket_01/materials/.DS_Store
[1.002s] -- Up-to-date symlink: /home/sudhanshu/anvrit_ws/install/anvrit_gazebo/share/anvrit_gazebo//models/aws_robomaker_warehouse_Bucket_01/materials/textures/aws_robomaker_warehouse_Bucket_01.png
[1.002s] -- Up-to-date symlink: /home/sudhanshu/anvrit_ws/install/anvrit_gazebo/share/anvrit_gazebo//models/aws_robomaker_warehouse_Bucket_01/meshes/aws_robomaker_warehouse_Bucket_01_collision.DAE
[1.003s] -- Up-to-date symlink: /home/sudhanshu/anvrit_ws/install/anvrit_gazebo/share/anvrit_gazebo//models/aws_robomaker_warehouse_Bucket_01/meshes/aws_robomaker_warehouse_Bucket_01_visual.DAE
[1.003s] -- Up-to-date symlink: /home/sudhanshu/anvrit_ws/install/anvrit_gazebo/share/anvrit_gazebo//models/aws_robomaker_warehouse_Bucket_01/model.config
[1.004s] -- Up-to-date symlink: /home/sudhanshu/anvrit_ws/install/anvrit_gazebo/share/anvrit_gazebo//models/aws_robomaker_warehouse_Bucket_01/model.sdf
[1.004s] -- Up-to-date symlink: /home/sudhanshu/anvrit_ws/install/anvrit_gazebo/share/anvrit_gazebo//models/aws_robomaker_warehouse_ClutteringA_01/.DS_Store
[1.004s] -- Up-to-date symlink: /home/sudhanshu/anvrit_ws/install/anvrit_gazebo/share/anvrit_gazebo//models/aws_robomaker_warehouse_ClutteringA_01/materials/.DS_Store
[1.004s] -- Up-to-date symlink: /home/sudhanshu/anvrit_ws/install/anvrit_gazebo/share/anvrit_gazebo//models/aws_robomaker_warehouse_ClutteringA_01/materials/textures/.DS_Store
[1.005s] -- Up-to-date symlink: /home/sudhanshu/anvrit_ws/install/anvrit_gazebo/share/anvrit_gazebo//models/aws_robomaker_warehouse_ClutteringA_01/materials/textures/aws_robomaker_warehouse_ClutteringA_01.png
[1.005s] -- Up-to-date symlink: /home/sudhanshu/anvrit_ws/install/anvrit_gazebo/share/anvrit_gazebo//models/aws_robomaker_warehouse_ClutteringA_01/materials/textures/aws_robomaker_warehouse_ClutteringA_02.png
[1.005s] -- Up-to-date symlink: /home/sudhanshu/anvrit_ws/install/anvrit_gazebo/share/anvrit_gazebo//models/aws_robomaker_warehouse_ClutteringA_01/materials/textures/aws_robomaker_warehouse_ClutteringA_03.png
[1.006s] -- Up-to-date symlink: /home/sudhanshu/anvrit_ws/install/anvrit_gazebo/share/anvrit_gazebo//models/aws_robomaker_warehouse_ClutteringA_01/meshes/aws_robomaker_warehouse_ClutteringA_01_collision.DAE
[1.006s] -- Up-to-date symlink: /home/sudhanshu/anvrit_ws/install/anvrit_gazebo/share/anvrit_gazebo//models/aws_robomaker_warehouse_ClutteringA_01/meshes/aws_robomaker_warehouse_ClutteringA_01_visual.DAE
[1.007s] -- Up-to-date symlink: /home/sudhanshu/anvrit_ws/install/anvrit_gazebo/share/anvrit_gazebo//models/aws_robomaker_warehouse_ClutteringA_01/model.config
[1.007s] -- Up-to-date symlink: /home/sudhanshu/anvrit_ws/install/anvrit_gazebo/share/anvrit_gazebo//models/aws_robomaker_warehouse_ClutteringA_01/model.sdf
[1.008s] -- Up-to-date symlink: /home/sudhanshu/anvrit_ws/install/anvrit_gazebo/share/anvrit_gazebo//models/aws_robomaker_warehouse_ClutteringC_01/materials/textures/aws_robomaker_warehouse_ClutteringC_01.png
[1.008s] -- Up-to-date symlink: /home/sudhanshu/anvrit_ws/install/anvrit_gazebo/share/anvrit_gazebo//models/aws_robomaker_warehouse_ClutteringC_01/materials/textures/aws_robomaker_warehouse_ClutteringC_02.png
[1.008s] -- Up-to-date symlink: /home/sudhanshu/anvrit_ws/install/anvrit_gazebo/share/anvrit_gazebo//models/aws_robomaker_warehouse_ClutteringC_01/meshes/aws_robomaker_warehouse_ClutteringC_01_collision.DAE
[1.009s] -- Up-to-date symlink: /home/sudhanshu/anvrit_ws/install/anvrit_gazebo/share/anvrit_gazebo//models/aws_robomaker_warehouse_ClutteringC_01/meshes/aws_robomaker_warehouse_ClutteringC_01_visual.DAE
[1.009s] -- Up-to-date symlink: /home/sudhanshu/anvrit_ws/install/anvrit_gazebo/share/anvrit_gazebo//models/aws_robomaker_warehouse_ClutteringC_01/model.config
[1.010s] -- Up-to-date symlink: /home/sudhanshu/anvrit_ws/install/anvrit_gazebo/share/anvrit_gazebo//models/aws_robomaker_warehouse_ClutteringC_01/model.sdf
[1.010s] -- Up-to-date symlink: /home/sudhanshu/anvrit_ws/install/anvrit_gazebo/share/anvrit_gazebo//models/aws_robomaker_warehouse_ClutteringD_01/materials/textures/aws_robomaker_warehouse_ClutteringD_01.png
[1.010s] -- Up-to-date symlink: /home/sudhanshu/anvrit_ws/install/anvrit_gazebo/share/anvrit_gazebo//models/aws_robomaker_warehouse_ClutteringD_01/materials/textures/aws_robomaker_warehouse_ClutteringD_02.png
[1.012s] -- Up-to-date symlink: /home/sudhanshu/anvrit_ws/install/anvrit_gazebo/share/anvrit_gazebo//models/aws_robomaker_warehouse_ClutteringD_01/meshes/aws_robomaker_warehouse_ClutteringD_01_collision.DAE
[1.012s] -- Up-to-date symlink: /home/sudhanshu/anvrit_ws/install/anvrit_gazebo/share/anvrit_gazebo//models/aws_robomaker_warehouse_ClutteringD_01/meshes/aws_robomaker_warehouse_ClutteringD_01_visual.DAE
[1.013s] -- Up-to-date symlink: /home/sudhanshu/anvrit_ws/install/anvrit_gazebo/share/anvrit_gazebo//models/aws_robomaker_warehouse_ClutteringD_01/model.config
[1.013s] -- Up-to-date symlink: /home/sudhanshu/anvrit_ws/install/anvrit_gazebo/share/anvrit_gazebo//models/aws_robomaker_warehouse_ClutteringD_01/model.sdf
[1.014s] -- Up-to-date symlink: /home/sudhanshu/anvrit_ws/install/anvrit_gazebo/share/anvrit_gazebo//models/aws_robomaker_warehouse_DeskC_01/materials/.DS_Store
[1.014s] -- Up-to-date symlink: /home/sudhanshu/anvrit_ws/install/anvrit_gazebo/share/anvrit_gazebo//models/aws_robomaker_warehouse_DeskC_01/materials/textures/aws_robomaker_warehouse_DeskC_01.png
[1.016s] -- Up-to-date symlink: /home/sudhanshu/anvrit_ws/install/anvrit_gazebo/share/anvrit_gazebo//models/aws_robomaker_warehouse_DeskC_01/materials/textures/aws_robomaker_warehouse_DeskC_02.png
[1.016s] -- Up-to-date symlink: /home/sudhanshu/anvrit_ws/install/anvrit_gazebo/share/anvrit_gazebo//models/aws_robomaker_warehouse_DeskC_01/materials/textures/aws_robomaker_warehouse_DeskC_03.png
[1.016s] -- Up-to-date symlink: /home/sudhanshu/anvrit_ws/install/anvrit_gazebo/share/anvrit_gazebo//models/aws_robomaker_warehouse_DeskC_01/materials/textures/aws_robomaker_warehouse_DeskC_03.psd
[1.017s] -- Up-to-date symlink: /home/sudhanshu/anvrit_ws/install/anvrit_gazebo/share/anvrit_gazebo//models/aws_robomaker_warehouse_DeskC_01/materials/textures/aws_robomaker_warehouse_DeskC_04.png
[1.017s] -- Up-to-date symlink: /home/sudhanshu/anvrit_ws/install/anvrit_gazebo/share/anvrit_gazebo//models/aws_robomaker_warehouse_DeskC_01/meshes/aws_robomaker_warehouse_DeskC_01_collision.DAE
[1.018s] -- Up-to-date symlink: /home/sudhanshu/anvrit_ws/install/anvrit_gazebo/share/anvrit_gazebo//models/aws_robomaker_warehouse_DeskC_01/meshes/aws_robomaker_warehouse_DeskC_01_visual.DAE
[1.018s] -- Up-to-date symlink: /home/sudhanshu/anvrit_ws/install/anvrit_gazebo/share/anvrit_gazebo//models/aws_robomaker_warehouse_DeskC_01/model.config
[1.018s] -- Up-to-date symlink: /home/sudhanshu/anvrit_ws/install/anvrit_gazebo/share/anvrit_gazebo//models/aws_robomaker_warehouse_DeskC_01/model.sdf
[1.019s] -- Up-to-date symlink: /home/sudhanshu/anvrit_ws/install/anvrit_gazebo/share/anvrit_gazebo//models/aws_robomaker_warehouse_GroundB_01/materials/textures/aws_robomaker_warehouse_GroundB_01.png
[1.019s] -- Up-to-date symlink: /home/sudhanshu/anvrit_ws/install/anvrit_gazebo/share/anvrit_gazebo//models/aws_robomaker_warehouse_GroundB_01/materials/textures/aws_robomaker_warehouse_GroundB_02.png
[1.020s] -- Up-to-date symlink: /home/sudhanshu/anvrit_ws/install/anvrit_gazebo/share/anvrit_gazebo//models/aws_robomaker_warehouse_GroundB_01/meshes/aws_robomaker_warehouse_GroundB_01_collision.DAE
[1.020s] -- Up-to-date symlink: /home/sudhanshu/anvrit_ws/install/anvrit_gazebo/share/anvrit_gazebo//models/aws_robomaker_warehouse_GroundB_01/meshes/aws_robomaker_warehouse_GroundB_01_visual.DAE
[1.021s] -- Up-to-date symlink: /home/sudhanshu/anvrit_ws/install/anvrit_gazebo/share/anvrit_gazebo//models/aws_robomaker_warehouse_GroundB_01/model.config
[1.021s] -- Up-to-date symlink: /home/sudhanshu/anvrit_ws/install/anvrit_gazebo/share/anvrit_gazebo//models/aws_robomaker_warehouse_GroundB_01/model.sdf
[1.021s] -- Up-to-date symlink: /home/sudhanshu/anvrit_ws/install/anvrit_gazebo/share/anvrit_gazebo//models/aws_robomaker_warehouse_Lamp_01/materials/textures/aws_robomaker_warehouse_Lamp_01.png
[1.022s] -- Up-to-date symlink: /home/sudhanshu/anvrit_ws/install/anvrit_gazebo/share/anvrit_gazebo//models/aws_robomaker_warehouse_Lamp_01/meshes/aws_robomaker_warehouse_Lamp_01_collision.DAE
[1.022s] -- Up-to-date symlink: /home/sudhanshu/anvrit_ws/install/anvrit_gazebo/share/anvrit_gazebo//models/aws_robomaker_warehouse_Lamp_01/meshes/aws_robomaker_warehouse_Lamp_01_visual.DAE
[1.022s] -- Up-to-date symlink: /home/sudhanshu/anvrit_ws/install/anvrit_gazebo/share/anvrit_gazebo//models/aws_robomaker_warehouse_Lamp_01/model.config
[1.023s] -- Up-to-date symlink: /home/sudhanshu/anvrit_ws/install/anvrit_gazebo/share/anvrit_gazebo//models/aws_robomaker_warehouse_Lamp_01/model.sdf
[1.023s] -- Up-to-date symlink: /home/sudhanshu/anvrit_ws/install/anvrit_gazebo/share/anvrit_gazebo//models/aws_robomaker_warehouse_PalletJackB_01/.DS_Store
[1.023s] -- Up-to-date symlink: /home/sudhanshu/anvrit_ws/install/anvrit_gazebo/share/anvrit_gazebo//models/aws_robomaker_warehouse_PalletJackB_01/materials/.DS_Store
[1.024s] -- Up-to-date symlink: /home/sudhanshu/anvrit_ws/install/anvrit_gazebo/share/anvrit_gazebo//models/aws_robomaker_warehouse_PalletJackB_01/materials/textures/aws_robomaker_warehouse_PalletJackB_01.png
[1.024s] -- Up-to-date symlink: /home/sudhanshu/anvrit_ws/install/anvrit_gazebo/share/anvrit_gazebo//models/aws_robomaker_warehouse_PalletJackB_01/materials/textures/aws_robomaker_warehouse_PalletJackB_02.png
[1.025s] -- Up-to-date symlink: /home/sudhanshu/anvrit_ws/install/anvrit_gazebo/share/anvrit_gazebo//models/aws_robomaker_warehouse_PalletJackB_01/meshes/aws_robomaker_warehouse_PalletJackB_01_collision.DAE
[1.025s] -- Up-to-date symlink: /home/sudhanshu/anvrit_ws/install/anvrit_gazebo/share/anvrit_gazebo//models/aws_robomaker_warehouse_PalletJackB_01/meshes/aws_robomaker_warehouse_PalletJackB_01_visual.DAE
[1.025s] -- Up-to-date symlink: /home/sudhanshu/anvrit_ws/install/anvrit_gazebo/share/anvrit_gazebo//models/aws_robomaker_warehouse_PalletJackB_01/model.config
[1.026s] -- Up-to-date symlink: /home/sudhanshu/anvrit_ws/install/anvrit_gazebo/share/anvrit_gazebo//models/aws_robomaker_warehouse_PalletJackB_01/model.sdf
[1.026s] -- Up-to-date symlink: /home/sudhanshu/anvrit_ws/install/anvrit_gazebo/share/anvrit_gazebo//models/aws_robomaker_warehouse_RoofB_01/materials/textures/aws_robomaker_warehouse_RoofB_01.png
[1.026s] -- Up-to-date symlink: /home/sudhanshu/anvrit_ws/install/anvrit_gazebo/share/anvrit_gazebo//models/aws_robomaker_warehouse_RoofB_01/meshes/aws_robomaker_warehouse_RoofB_01_collision.DAE
[1.027s] -- Up-to-date symlink: /home/sudhanshu/anvrit_ws/install/anvrit_gazebo/share/anvrit_gazebo//models/aws_robomaker_warehouse_RoofB_01/meshes/aws_robomaker_warehouse_RoofB_01_visual.DAE
[1.027s] -- Up-to-date symlink: /home/sudhanshu/anvrit_ws/install/anvrit_gazebo/share/anvrit_gazebo//models/aws_robomaker_warehouse_RoofB_01/model.config
[1.027s] -- Up-to-date symlink: /home/sudhanshu/anvrit_ws/install/anvrit_gazebo/share/anvrit_gazebo//models/aws_robomaker_warehouse_RoofB_01/model.sdf
[1.028s] -- Up-to-date symlink: /home/sudhanshu/anvrit_ws/install/anvrit_gazebo/share/anvrit_gazebo//models/aws_robomaker_warehouse_ShelfD_01/materials/textures/aws_robomaker_warehouse_ShelfD_01.png
[1.028s] -- Up-to-date symlink: /home/sudhanshu/anvrit_ws/install/anvrit_gazebo/share/anvrit_gazebo//models/aws_robomaker_warehouse_ShelfD_01/materials/textures/aws_robomaker_warehouse_ShelfD_02.png
[1.029s] -- Up-to-date symlink: /home/sudhanshu/anvrit_ws/install/anvrit_gazebo/share/anvrit_gazebo//models/aws_robomaker_warehouse_ShelfD_01/materials/textures/aws_robomaker_warehouse_ShelfD_03.png
[1.029s] -- Up-to-date symlink: /home/sudhanshu/anvrit_ws/install/anvrit_gazebo/share/anvrit_gazebo//models/aws_robomaker_warehouse_ShelfD_01/materials/textures/aws_robomaker_warehouse_ShelfD_04.png
[1.029s] -- Up-to-date symlink: /home/sudhanshu/anvrit_ws/install/anvrit_gazebo/share/anvrit_gazebo//models/aws_robomaker_warehouse_ShelfD_01/meshes/aws_robomaker_warehouse_ShelfD_01_collision.DAE
[1.030s] -- Up-to-date symlink: /home/sudhanshu/anvrit_ws/install/anvrit_gazebo/share/anvrit_gazebo//models/aws_robomaker_warehouse_ShelfD_01/meshes/aws_robomaker_warehouse_ShelfD_01_visual.DAE
[1.030s] -- Up-to-date symlink: /home/sudhanshu/anvrit_ws/install/anvrit_gazebo/share/anvrit_gazebo//models/aws_robomaker_warehouse_ShelfD_01/model.config
[1.030s] -- Up-to-date symlink: /home/sudhanshu/anvrit_ws/install/anvrit_gazebo/share/anvrit_gazebo//models/aws_robomaker_warehouse_ShelfD_01/model.sdf
[1.031s] -- Up-to-date symlink: /home/sudhanshu/anvrit_ws/install/anvrit_gazebo/share/anvrit_gazebo//models/aws_robomaker_warehouse_ShelfE_01/.DS_Store
[1.031s] -- Up-to-date symlink: /home/sudhanshu/anvrit_ws/install/anvrit_gazebo/share/anvrit_gazebo//models/aws_robomaker_warehouse_ShelfE_01/materials/.DS_Store
[1.031s] -- Up-to-date symlink: /home/sudhanshu/anvrit_ws/install/anvrit_gazebo/share/anvrit_gazebo//models/aws_robomaker_warehouse_ShelfE_01/materials/textures/aws_robomaker_warehouse_ShelfE_01.png
[1.032s] -- Up-to-date symlink: /home/sudhanshu/anvrit_ws/install/anvrit_gazebo/share/anvrit_gazebo//models/aws_robomaker_warehouse_ShelfE_01/materials/textures/aws_robomaker_warehouse_ShelfE_02.png
[1.032s] -- Up-to-date symlink: /home/sudhanshu/anvrit_ws/install/anvrit_gazebo/share/anvrit_gazebo//models/aws_robomaker_warehouse_ShelfE_01/materials/textures/aws_robomaker_warehouse_ShelfE_03.png
[1.033s] -- Up-to-date symlink: /home/sudhanshu/anvrit_ws/install/anvrit_gazebo/share/anvrit_gazebo//models/aws_robomaker_warehouse_ShelfE_01/materials/textures/aws_robomaker_warehouse_ShelfE_04.png
[1.033s] -- Up-to-date symlink: /home/sudhanshu/anvrit_ws/install/anvrit_gazebo/share/anvrit_gazebo//models/aws_robomaker_warehouse_ShelfE_01/meshes/aws_robomaker_warehouse_ShelfE_01_collision.DAE
[1.034s] -- Up-to-date symlink: /home/sudhanshu/anvrit_ws/install/anvrit_gazebo/share/anvrit_gazebo//models/aws_robomaker_warehouse_ShelfE_01/meshes/aws_robomaker_warehouse_ShelfE_01_visual.DAE
[1.034s] -- Up-to-date symlink: /home/sudhanshu/anvrit_ws/install/anvrit_gazebo/share/anvrit_gazebo//models/aws_robomaker_warehouse_ShelfE_01/model.config
[1.035s] -- Up-to-date symlink: /home/sudhanshu/anvrit_ws/install/anvrit_gazebo/share/anvrit_gazebo//models/aws_robomaker_warehouse_ShelfE_01/model.sdf
[1.035s] -- Up-to-date symlink: /home/sudhanshu/anvrit_ws/install/anvrit_gazebo/share/anvrit_gazebo//models/aws_robomaker_warehouse_ShelfF_01/materials/textures/aws_robomaker_warehouse_ShelfF_01.png
[1.036s] -- Up-to-date symlink: /home/sudhanshu/anvrit_ws/install/anvrit_gazebo/share/anvrit_gazebo//models/aws_robomaker_warehouse_ShelfF_01/materials/textures/aws_robomaker_warehouse_ShelfF_02.png
[1.036s] -- Up-to-date symlink: /home/sudhanshu/anvrit_ws/install/anvrit_gazebo/share/anvrit_gazebo//models/aws_robomaker_warehouse_ShelfF_01/materials/textures/aws_robomaker_warehouse_ShelfF_03.png
[1.036s] -- Up-to-date symlink: /home/sudhanshu/anvrit_ws/install/anvrit_gazebo/share/anvrit_gazebo//models/aws_robomaker_warehouse_ShelfF_01/meshes/aws_robomaker_warehouse_ShelfF_01_collision.DAE
[1.036s] -- Up-to-date symlink: /home/sudhanshu/anvrit_ws/install/anvrit_gazebo/share/anvrit_gazebo//models/aws_robomaker_warehouse_ShelfF_01/meshes/aws_robomaker_warehouse_ShelfF_01_visual.DAE
[1.037s] -- Up-to-date symlink: /home/sudhanshu/anvrit_ws/install/anvrit_gazebo/share/anvrit_gazebo//models/aws_robomaker_warehouse_ShelfF_01/model.config
[1.038s] -- Up-to-date symlink: /home/sudhanshu/anvrit_ws/install/anvrit_gazebo/share/anvrit_gazebo//models/aws_robomaker_warehouse_ShelfF_01/model.sdf
[1.039s] -- Up-to-date symlink: /home/sudhanshu/anvrit_ws/install/anvrit_gazebo/share/anvrit_gazebo//models/aws_robomaker_warehouse_TrashCanC_01/materials/textures/aws_robomaker_warehouse_TrashCanC_01.png
[1.040s] -- Up-to-date symlink: /home/sudhanshu/anvrit_ws/install/anvrit_gazebo/share/anvrit_gazebo//models/aws_robomaker_warehouse_TrashCanC_01/meshes/aws_robomaker_warehouse_TrashCanC_01_collision.DAE
[1.041s] -- Up-to-date symlink: /home/sudhanshu/anvrit_ws/install/anvrit_gazebo/share/anvrit_gazebo//models/aws_robomaker_warehouse_TrashCanC_01/meshes/aws_robomaker_warehouse_TrashCanC_01_visual.DAE
[1.041s] -- Up-to-date symlink: /home/sudhanshu/anvrit_ws/install/anvrit_gazebo/share/anvrit_gazebo//models/aws_robomaker_warehouse_TrashCanC_01/model.config
[1.042s] -- Up-to-date symlink: /home/sudhanshu/anvrit_ws/install/anvrit_gazebo/share/anvrit_gazebo//models/aws_robomaker_warehouse_TrashCanC_01/model.sdf
[1.042s] -- Up-to-date symlink: /home/sudhanshu/anvrit_ws/install/anvrit_gazebo/share/anvrit_gazebo//models/aws_robomaker_warehouse_WallB_01/materials/textures/aws_robomaker_warehouse_WallB_01.png
[1.044s] -- Up-to-date symlink: /home/sudhanshu/anvrit_ws/install/anvrit_gazebo/share/anvrit_gazebo//models/aws_robomaker_warehouse_WallB_01/meshes/aws_robomaker_warehouse_WallB_01_collision.DAE
[1.044s] -- Up-to-date symlink: /home/sudhanshu/anvrit_ws/install/anvrit_gazebo/share/anvrit_gazebo//models/aws_robomaker_warehouse_WallB_01/meshes/aws_robomaker_warehouse_WallB_01_visual.DAE
[1.044s] -- Up-to-date symlink: /home/sudhanshu/anvrit_ws/install/anvrit_gazebo/share/anvrit_gazebo//models/aws_robomaker_warehouse_WallB_01/model.config
[1.045s] -- Up-to-date symlink: /home/sudhanshu/anvrit_ws/install/anvrit_gazebo/share/anvrit_gazebo//models/aws_robomaker_warehouse_WallB_01/model.sdf
[1.045s] -- Up-to-date symlink: /home/sudhanshu/anvrit_ws/install/anvrit_gazebo/share/ament_index/resource_index/package_run_dependencies/anvrit_gazebo
[1.045s] -- Up-to-date symlink: /home/sudhanshu/anvrit_ws/install/anvrit_gazebo/share/ament_index/resource_index/parent_prefix_path/anvrit_gazebo
[1.046s] -- Up-to-date symlink: /home/sudhanshu/anvrit_ws/install/anvrit_gazebo/share/anvrit_gazebo/environment/ament_prefix_path.sh
[1.046s] -- Up-to-date symlink: /home/sudhanshu/anvrit_ws/install/anvrit_gazebo/share/anvrit_gazebo/environment/ament_prefix_path.dsv
[1.046s] -- Up-to-date symlink: /home/sudhanshu/anvrit_ws/install/anvrit_gazebo/share/anvrit_gazebo/environment/path.sh
[1.046s] -- Up-to-date symlink: /home/sudhanshu/anvrit_ws/install/anvrit_gazebo/share/anvrit_gazebo/environment/path.dsv
[1.046s] -- Up-to-date symlink: /home/sudhanshu/anvrit_ws/install/anvrit_gazebo/share/anvrit_gazebo/local_setup.bash
[1.047s] -- Up-to-date symlink: /home/sudhanshu/anvrit_ws/install/anvrit_gazebo/share/anvrit_gazebo/local_setup.sh
[1.047s] -- Up-to-date symlink: /home/sudhanshu/anvrit_ws/install/anvrit_gazebo/share/anvrit_gazebo/local_setup.zsh
[1.048s] -- Up-to-date symlink: /home/sudhanshu/anvrit_ws/install/anvrit_gazebo/share/anvrit_gazebo/local_setup.dsv
[1.048s] -- Symlinking: /home/sudhanshu/anvrit_ws/install/anvrit_gazebo/share/anvrit_gazebo/package.dsv
[1.074s] -- Up-to-date symlink: /home/sudhanshu/anvrit_ws/install/anvrit_gazebo/share/ament_index/resource_index/packages/anvrit_gazebo
[1.074s] -- Up-to-date symlink: /home/sudhanshu/anvrit_ws/install/anvrit_gazebo/share/anvrit_gazebo/cmake/anvrit_gazeboConfig.cmake
[1.075s] -- Up-to-date symlink: /home/sudhanshu/anvrit_ws/install/anvrit_gazebo/share/anvrit_gazebo/cmake/anvrit_gazeboConfig-version.cmake
[1.075s] -- Up-to-date symlink: /home/sudhanshu/anvrit_ws/install/anvrit_gazebo/share/anvrit_gazebo/package.xml
[1.081s] Invoked command in '/home/sudhanshu/anvrit_ws/build/anvrit_gazebo' returned '0': CMAKE_PREFIX_PATH=${CMAKE_PREFIX_PATH}:/home/sudhanshu/anvrit_ws/install/anvrit_navigation:/home/sudhanshu/ros2_ws/install/my_robot_controller:/home/sudhanshu/ros2_ws/install/find_factorial:/home/sudhanshu/ros2_ws/install/bot_control:/home/sudhanshu/ros2_ws/install/anvrit_navigation:/home/sudhanshu/ros2_ws/install/anvrit_gazebo:/home/sudhanshu/cyborg_ws/install/anvrit_navigation:/opt/ros/humble /usr/bin/cmake --install /home/sudhanshu/anvrit_ws/build/anvrit_gazebo
