[0.035s] Invoking command in '/home/sudhanshu/anvrit_ws/build/anvrit_gazebo': CMAKE_PREFIX_PATH=${CMAKE_PREFIX_PATH}:/home/sudhanshu/anvrit_ws/install/odometry_generator:/home/sudhanshu/anvrit_ws/install/anvrit_navigation:/home/sudhanshu/ros2_ws/install/my_robot_controller:/home/sudhanshu/ros2_ws/install/find_factorial:/home/sudhanshu/ros2_ws/install/bot_control:/home/sudhanshu/ros2_ws/install/anvrit_navigation:/home/sudhanshu/ros2_ws/install/anvrit_gazebo:/home/sudhanshu/cyborg_ws/install/anvrit_navigation:/opt/ros/humble /usr/bin/cmake --build /home/sudhanshu/anvrit_ws/build/anvrit_gazebo -- -j12 -l12
[0.871s] Invoked command in '/home/sudhanshu/anvrit_ws/build/anvrit_gazebo' returned '0': CMAKE_PREFIX_PATH=${CMAKE_PREFIX_PATH}:/home/sudhanshu/anvrit_ws/install/odometry_generator:/home/sudhanshu/anvrit_ws/install/anvrit_navigation:/home/sudhanshu/ros2_ws/install/my_robot_controller:/home/sudhanshu/ros2_ws/install/find_factorial:/home/sudhanshu/ros2_ws/install/bot_control:/home/sudhanshu/ros2_ws/install/anvrit_navigation:/home/sudhanshu/ros2_ws/install/anvrit_gazebo:/home/sudhanshu/cyborg_ws/install/anvrit_navigation:/opt/ros/humble /usr/bin/cmake --build /home/sudhanshu/anvrit_ws/build/anvrit_gazebo -- -j12 -l12
[0.907s] Invoking command in '/home/sudhanshu/anvrit_ws/build/anvrit_gazebo': CMAKE_PREFIX_PATH=${CMAKE_PREFIX_PATH}:/home/sudhanshu/anvrit_ws/install/odometry_generator:/home/sudhanshu/anvrit_ws/install/anvrit_navigation:/home/sudhanshu/ros2_ws/install/my_robot_controller:/home/sudhanshu/ros2_ws/install/find_factorial:/home/sudhanshu/ros2_ws/install/bot_control:/home/sudhanshu/ros2_ws/install/anvrit_navigation:/home/sudhanshu/ros2_ws/install/anvrit_gazebo:/home/sudhanshu/cyborg_ws/install/anvrit_navigation:/opt/ros/humble /usr/bin/cmake --install /home/sudhanshu/anvrit_ws/build/anvrit_gazebo
[0.918s] -- Install configuration: ""
[0.918s] -- Execute custom install script
[0.919s] -- Up-to-date symlink: /home/sudhanshu/anvrit_ws/install/anvrit_gazebo/share/anvrit_gazebo//launch/warehouse_world.launch.py
[0.919s] -- Up-to-date symlink: /home/sudhanshu/anvrit_ws/install/anvrit_gazebo/share/anvrit_gazebo//worlds/no_roof_small_warehouse.world
[0.919s] -- Up-to-date symlink: /home/sudhanshu/anvrit_ws/install/anvrit_gazebo/share/anvrit_gazebo//worlds/small_warehouse.world
[0.923s] -- Up-to-date symlink: /home/sudhanshu/anvrit_ws/install/anvrit_gazebo/share/anvrit_gazebo//models/aws_robomaker_warehouse_Bucket_01/.DS_Store
[0.923s] -- Up-to-date symlink: /home/sudhanshu/anvrit_ws/install/anvrit_gazebo/share/anvrit_gazebo//models/aws_robomaker_warehouse_Bucket_01/materials/.DS_Store
[0.923s] -- Up-to-date symlink: /home/sudhanshu/anvrit_ws/install/anvrit_gazebo/share/anvrit_gazebo//models/aws_robomaker_warehouse_Bucket_01/materials/textures/aws_robomaker_warehouse_Bucket_01.png
[0.923s] -- Up-to-date symlink: /home/sudhanshu/anvrit_ws/install/anvrit_gazebo/share/anvrit_gazebo//models/aws_robomaker_warehouse_Bucket_01/meshes/aws_robomaker_warehouse_Bucket_01_collision.DAE
[0.923s] -- Up-to-date symlink: /home/sudhanshu/anvrit_ws/install/anvrit_gazebo/share/anvrit_gazebo//models/aws_robomaker_warehouse_Bucket_01/meshes/aws_robomaker_warehouse_Bucket_01_visual.DAE
[0.923s] -- Up-to-date symlink: /home/sudhanshu/anvrit_ws/install/anvrit_gazebo/share/anvrit_gazebo//models/aws_robomaker_warehouse_Bucket_01/model.config
[0.924s] -- Up-to-date symlink: /home/sudhanshu/anvrit_ws/install/anvrit_gazebo/share/anvrit_gazebo//models/aws_robomaker_warehouse_Bucket_01/model.sdf
[0.924s] -- Up-to-date symlink: /home/sudhanshu/anvrit_ws/install/anvrit_gazebo/share/anvrit_gazebo//models/aws_robomaker_warehouse_ClutteringA_01/.DS_Store
[0.924s] -- Up-to-date symlink: /home/sudhanshu/anvrit_ws/install/anvrit_gazebo/share/anvrit_gazebo//models/aws_robomaker_warehouse_ClutteringA_01/materials/.DS_Store
[0.924s] -- Up-to-date symlink: /home/sudhanshu/anvrit_ws/install/anvrit_gazebo/share/anvrit_gazebo//models/aws_robomaker_warehouse_ClutteringA_01/materials/textures/.DS_Store
[0.924s] -- Up-to-date symlink: /home/sudhanshu/anvrit_ws/install/anvrit_gazebo/share/anvrit_gazebo//models/aws_robomaker_warehouse_ClutteringA_01/materials/textures/aws_robomaker_warehouse_ClutteringA_01.png
[0.924s] -- Up-to-date symlink: /home/sudhanshu/anvrit_ws/install/anvrit_gazebo/share/anvrit_gazebo//models/aws_robomaker_warehouse_ClutteringA_01/materials/textures/aws_robomaker_warehouse_ClutteringA_02.png
[0.924s] -- Up-to-date symlink: /home/sudhanshu/anvrit_ws/install/anvrit_gazebo/share/anvrit_gazebo//models/aws_robomaker_warehouse_ClutteringA_01/materials/textures/aws_robomaker_warehouse_ClutteringA_03.png
[0.924s] -- Up-to-date symlink: /home/sudhanshu/anvrit_ws/install/anvrit_gazebo/share/anvrit_gazebo//models/aws_robomaker_warehouse_ClutteringA_01/meshes/aws_robomaker_warehouse_ClutteringA_01_collision.DAE
[0.924s] -- Up-to-date symlink: /home/sudhanshu/anvrit_ws/install/anvrit_gazebo/share/anvrit_gazebo//models/aws_robomaker_warehouse_ClutteringA_01/meshes/aws_robomaker_warehouse_ClutteringA_01_visual.DAE
[0.924s] -- Up-to-date symlink: /home/sudhanshu/anvrit_ws/install/anvrit_gazebo/share/anvrit_gazebo//models/aws_robomaker_warehouse_ClutteringA_01/model.config
[0.925s] -- Up-to-date symlink: /home/sudhanshu/anvrit_ws/install/anvrit_gazebo/share/anvrit_gazebo//models/aws_robomaker_warehouse_ClutteringA_01/model.sdf
[0.925s] -- Up-to-date symlink: /home/sudhanshu/anvrit_ws/install/anvrit_gazebo/share/anvrit_gazebo//models/aws_robomaker_warehouse_ClutteringC_01/materials/textures/aws_robomaker_warehouse_ClutteringC_01.png
[0.925s] -- Up-to-date symlink: /home/sudhanshu/anvrit_ws/install/anvrit_gazebo/share/anvrit_gazebo//models/aws_robomaker_warehouse_ClutteringC_01/materials/textures/aws_robomaker_warehouse_ClutteringC_02.png
[0.925s] -- Up-to-date symlink: /home/sudhanshu/anvrit_ws/install/anvrit_gazebo/share/anvrit_gazebo//models/aws_robomaker_warehouse_ClutteringC_01/meshes/aws_robomaker_warehouse_ClutteringC_01_collision.DAE
[0.925s] -- Up-to-date symlink: /home/sudhanshu/anvrit_ws/install/anvrit_gazebo/share/anvrit_gazebo//models/aws_robomaker_warehouse_ClutteringC_01/meshes/aws_robomaker_warehouse_ClutteringC_01_visual.DAE
[0.925s] -- Up-to-date symlink: /home/sudhanshu/anvrit_ws/install/anvrit_gazebo/share/anvrit_gazebo//models/aws_robomaker_warehouse_ClutteringC_01/model.config
[0.926s] -- Up-to-date symlink: /home/sudhanshu/anvrit_ws/install/anvrit_gazebo/share/anvrit_gazebo//models/aws_robomaker_warehouse_ClutteringC_01/model.sdf
[0.926s] -- Up-to-date symlink: /home/sudhanshu/anvrit_ws/install/anvrit_gazebo/share/anvrit_gazebo//models/aws_robomaker_warehouse_ClutteringD_01/materials/textures/aws_robomaker_warehouse_ClutteringD_01.png
[0.926s] -- Up-to-date symlink: /home/sudhanshu/anvrit_ws/install/anvrit_gazebo/share/anvrit_gazebo//models/aws_robomaker_warehouse_ClutteringD_01/materials/textures/aws_robomaker_warehouse_ClutteringD_02.png
[0.927s] -- Up-to-date symlink: /home/sudhanshu/anvrit_ws/install/anvrit_gazebo/share/anvrit_gazebo//models/aws_robomaker_warehouse_ClutteringD_01/meshes/aws_robomaker_warehouse_ClutteringD_01_collision.DAE
[0.927s] -- Up-to-date symlink: /home/sudhanshu/anvrit_ws/install/anvrit_gazebo/share/anvrit_gazebo//models/aws_robomaker_warehouse_ClutteringD_01/meshes/aws_robomaker_warehouse_ClutteringD_01_visual.DAE
[0.927s] -- Up-to-date symlink: /home/sudhanshu/anvrit_ws/install/anvrit_gazebo/share/anvrit_gazebo//models/aws_robomaker_warehouse_ClutteringD_01/model.config
[0.927s] -- Up-to-date symlink: /home/sudhanshu/anvrit_ws/install/anvrit_gazebo/share/anvrit_gazebo//models/aws_robomaker_warehouse_ClutteringD_01/model.sdf
[0.927s] -- Up-to-date symlink: /home/sudhanshu/anvrit_ws/install/anvrit_gazebo/share/anvrit_gazebo//models/aws_robomaker_warehouse_DeskC_01/materials/.DS_Store
[0.928s] -- Up-to-date symlink: /home/sudhanshu/anvrit_ws/install/anvrit_gazebo/share/anvrit_gazebo//models/aws_robomaker_warehouse_DeskC_01/materials/textures/aws_robomaker_warehouse_DeskC_01.png
[0.928s] -- Up-to-date symlink: /home/sudhanshu/anvrit_ws/install/anvrit_gazebo/share/anvrit_gazebo//models/aws_robomaker_warehouse_DeskC_01/materials/textures/aws_robomaker_warehouse_DeskC_02.png
[0.928s] -- Up-to-date symlink: /home/sudhanshu/anvrit_ws/install/anvrit_gazebo/share/anvrit_gazebo//models/aws_robomaker_warehouse_DeskC_01/materials/textures/aws_robomaker_warehouse_DeskC_03.png
[0.929s] -- Up-to-date symlink: /home/sudhanshu/anvrit_ws/install/anvrit_gazebo/share/anvrit_gazebo//models/aws_robomaker_warehouse_DeskC_01/materials/textures/aws_robomaker_warehouse_DeskC_03.psd
[0.930s] -- Up-to-date symlink: /home/sudhanshu/anvrit_ws/install/anvrit_gazebo/share/anvrit_gazebo//models/aws_robomaker_warehouse_DeskC_01/materials/textures/aws_robomaker_warehouse_DeskC_04.png
[0.930s] -- Up-to-date symlink: /home/sudhanshu/anvrit_ws/install/anvrit_gazebo/share/anvrit_gazebo//models/aws_robomaker_warehouse_DeskC_01/meshes/aws_robomaker_warehouse_DeskC_01_collision.DAE
[0.930s] -- Up-to-date symlink: /home/sudhanshu/anvrit_ws/install/anvrit_gazebo/share/anvrit_gazebo//models/aws_robomaker_warehouse_DeskC_01/meshes/aws_robomaker_warehouse_DeskC_01_visual.DAE
[0.930s] -- Up-to-date symlink: /home/sudhanshu/anvrit_ws/install/anvrit_gazebo/share/anvrit_gazebo//models/aws_robomaker_warehouse_DeskC_01/model.config
[0.931s] -- Up-to-date symlink: /home/sudhanshu/anvrit_ws/install/anvrit_gazebo/share/anvrit_gazebo//models/aws_robomaker_warehouse_DeskC_01/model.sdf
[0.931s] -- Up-to-date symlink: /home/sudhanshu/anvrit_ws/install/anvrit_gazebo/share/anvrit_gazebo//models/aws_robomaker_warehouse_GroundB_01/materials/textures/aws_robomaker_warehouse_GroundB_01.png
[0.931s] -- Up-to-date symlink: /home/sudhanshu/anvrit_ws/install/anvrit_gazebo/share/anvrit_gazebo//models/aws_robomaker_warehouse_GroundB_01/materials/textures/aws_robomaker_warehouse_GroundB_02.png
[0.931s] -- Up-to-date symlink: /home/sudhanshu/anvrit_ws/install/anvrit_gazebo/share/anvrit_gazebo//models/aws_robomaker_warehouse_GroundB_01/meshes/aws_robomaker_warehouse_GroundB_01_collision.DAE
[0.931s] -- Up-to-date symlink: /home/sudhanshu/anvrit_ws/install/anvrit_gazebo/share/anvrit_gazebo//models/aws_robomaker_warehouse_GroundB_01/meshes/aws_robomaker_warehouse_GroundB_01_visual.DAE
[0.931s] -- Up-to-date symlink: /home/sudhanshu/anvrit_ws/install/anvrit_gazebo/share/anvrit_gazebo//models/aws_robomaker_warehouse_GroundB_01/model.config
[0.931s] -- Up-to-date symlink: /home/sudhanshu/anvrit_ws/install/anvrit_gazebo/share/anvrit_gazebo//models/aws_robomaker_warehouse_GroundB_01/model.sdf
[0.932s] -- Up-to-date symlink: /home/sudhanshu/anvrit_ws/install/anvrit_gazebo/share/anvrit_gazebo//models/aws_robomaker_warehouse_Lamp_01/materials/textures/aws_robomaker_warehouse_Lamp_01.png
[0.932s] -- Up-to-date symlink: /home/sudhanshu/anvrit_ws/install/anvrit_gazebo/share/anvrit_gazebo//models/aws_robomaker_warehouse_Lamp_01/meshes/aws_robomaker_warehouse_Lamp_01_collision.DAE
[0.932s] -- Up-to-date symlink: /home/sudhanshu/anvrit_ws/install/anvrit_gazebo/share/anvrit_gazebo//models/aws_robomaker_warehouse_Lamp_01/meshes/aws_robomaker_warehouse_Lamp_01_visual.DAE
[0.932s] -- Up-to-date symlink: /home/sudhanshu/anvrit_ws/install/anvrit_gazebo/share/anvrit_gazebo//models/aws_robomaker_warehouse_Lamp_01/model.config
[0.932s] -- Up-to-date symlink: /home/sudhanshu/anvrit_ws/install/anvrit_gazebo/share/anvrit_gazebo//models/aws_robomaker_warehouse_Lamp_01/model.sdf
[0.932s] -- Up-to-date symlink: /home/sudhanshu/anvrit_ws/install/anvrit_gazebo/share/anvrit_gazebo//models/aws_robomaker_warehouse_PalletJackB_01/.DS_Store
[0.932s] -- Up-to-date symlink: /home/sudhanshu/anvrit_ws/install/anvrit_gazebo/share/anvrit_gazebo//models/aws_robomaker_warehouse_PalletJackB_01/materials/.DS_Store
[0.932s] -- Up-to-date symlink: /home/sudhanshu/anvrit_ws/install/anvrit_gazebo/share/anvrit_gazebo//models/aws_robomaker_warehouse_PalletJackB_01/materials/textures/aws_robomaker_warehouse_PalletJackB_01.png
[0.932s] -- Up-to-date symlink: /home/sudhanshu/anvrit_ws/install/anvrit_gazebo/share/anvrit_gazebo//models/aws_robomaker_warehouse_PalletJackB_01/materials/textures/aws_robomaker_warehouse_PalletJackB_02.png
[0.932s] -- Up-to-date symlink: /home/sudhanshu/anvrit_ws/install/anvrit_gazebo/share/anvrit_gazebo//models/aws_robomaker_warehouse_PalletJackB_01/meshes/aws_robomaker_warehouse_PalletJackB_01_collision.DAE
[0.933s] -- Up-to-date symlink: /home/sudhanshu/anvrit_ws/install/anvrit_gazebo/share/anvrit_gazebo//models/aws_robomaker_warehouse_PalletJackB_01/meshes/aws_robomaker_warehouse_PalletJackB_01_visual.DAE
[0.933s] -- Up-to-date symlink: /home/sudhanshu/anvrit_ws/install/anvrit_gazebo/share/anvrit_gazebo//models/aws_robomaker_warehouse_PalletJackB_01/model.config
[0.933s] -- Up-to-date symlink: /home/sudhanshu/anvrit_ws/install/anvrit_gazebo/share/anvrit_gazebo//models/aws_robomaker_warehouse_PalletJackB_01/model.sdf
[0.933s] -- Up-to-date symlink: /home/sudhanshu/anvrit_ws/install/anvrit_gazebo/share/anvrit_gazebo//models/aws_robomaker_warehouse_RoofB_01/materials/textures/aws_robomaker_warehouse_RoofB_01.png
[0.933s] -- Up-to-date symlink: /home/sudhanshu/anvrit_ws/install/anvrit_gazebo/share/anvrit_gazebo//models/aws_robomaker_warehouse_RoofB_01/meshes/aws_robomaker_warehouse_RoofB_01_collision.DAE
[0.933s] -- Up-to-date symlink: /home/sudhanshu/anvrit_ws/install/anvrit_gazebo/share/anvrit_gazebo//models/aws_robomaker_warehouse_RoofB_01/meshes/aws_robomaker_warehouse_RoofB_01_visual.DAE
[0.934s] -- Up-to-date symlink: /home/sudhanshu/anvrit_ws/install/anvrit_gazebo/share/anvrit_gazebo//models/aws_robomaker_warehouse_RoofB_01/model.config
[0.934s] -- Up-to-date symlink: /home/sudhanshu/anvrit_ws/install/anvrit_gazebo/share/anvrit_gazebo//models/aws_robomaker_warehouse_RoofB_01/model.sdf
[0.934s] -- Up-to-date symlink: /home/sudhanshu/anvrit_ws/install/anvrit_gazebo/share/anvrit_gazebo//models/aws_robomaker_warehouse_ShelfD_01/materials/textures/aws_robomaker_warehouse_ShelfD_01.png
[0.934s] -- Up-to-date symlink: /home/sudhanshu/anvrit_ws/install/anvrit_gazebo/share/anvrit_gazebo//models/aws_robomaker_warehouse_ShelfD_01/materials/textures/aws_robomaker_warehouse_ShelfD_02.png
[0.935s] -- Up-to-date symlink: /home/sudhanshu/anvrit_ws/install/anvrit_gazebo/share/anvrit_gazebo//models/aws_robomaker_warehouse_ShelfD_01/materials/textures/aws_robomaker_warehouse_ShelfD_03.png
[0.935s] -- Up-to-date symlink: /home/sudhanshu/anvrit_ws/install/anvrit_gazebo/share/anvrit_gazebo//models/aws_robomaker_warehouse_ShelfD_01/materials/textures/aws_robomaker_warehouse_ShelfD_04.png
[0.935s] -- Up-to-date symlink: /home/sudhanshu/anvrit_ws/install/anvrit_gazebo/share/anvrit_gazebo//models/aws_robomaker_warehouse_ShelfD_01/meshes/aws_robomaker_warehouse_ShelfD_01_collision.DAE
[0.935s] -- Up-to-date symlink: /home/sudhanshu/anvrit_ws/install/anvrit_gazebo/share/anvrit_gazebo//models/aws_robomaker_warehouse_ShelfD_01/meshes/aws_robomaker_warehouse_ShelfD_01_visual.DAE
[0.935s] -- Up-to-date symlink: /home/sudhanshu/anvrit_ws/install/anvrit_gazebo/share/anvrit_gazebo//models/aws_robomaker_warehouse_ShelfD_01/model.config
[0.935s] -- Up-to-date symlink: /home/sudhanshu/anvrit_ws/install/anvrit_gazebo/share/anvrit_gazebo//models/aws_robomaker_warehouse_ShelfD_01/model.sdf
[0.935s] -- Up-to-date symlink: /home/sudhanshu/anvrit_ws/install/anvrit_gazebo/share/anvrit_gazebo//models/aws_robomaker_warehouse_ShelfE_01/.DS_Store
[0.935s] -- Up-to-date symlink: /home/sudhanshu/anvrit_ws/install/anvrit_gazebo/share/anvrit_gazebo//models/aws_robomaker_warehouse_ShelfE_01/materials/.DS_Store
[0.936s] -- Up-to-date symlink: /home/sudhanshu/anvrit_ws/install/anvrit_gazebo/share/anvrit_gazebo//models/aws_robomaker_warehouse_ShelfE_01/materials/textures/aws_robomaker_warehouse_ShelfE_01.png
[0.937s] -- Up-to-date symlink: /home/sudhanshu/anvrit_ws/install/anvrit_gazebo/share/anvrit_gazebo//models/aws_robomaker_warehouse_ShelfE_01/materials/textures/aws_robomaker_warehouse_ShelfE_02.png
[0.937s] -- Up-to-date symlink: /home/sudhanshu/anvrit_ws/install/anvrit_gazebo/share/anvrit_gazebo//models/aws_robomaker_warehouse_ShelfE_01/materials/textures/aws_robomaker_warehouse_ShelfE_03.png
[0.937s] -- Up-to-date symlink: /home/sudhanshu/anvrit_ws/install/anvrit_gazebo/share/anvrit_gazebo//models/aws_robomaker_warehouse_ShelfE_01/materials/textures/aws_robomaker_warehouse_ShelfE_04.png
[0.937s] -- Up-to-date symlink: /home/sudhanshu/anvrit_ws/install/anvrit_gazebo/share/anvrit_gazebo//models/aws_robomaker_warehouse_ShelfE_01/meshes/aws_robomaker_warehouse_ShelfE_01_collision.DAE
[0.937s] -- Up-to-date symlink: /home/sudhanshu/anvrit_ws/install/anvrit_gazebo/share/anvrit_gazebo//models/aws_robomaker_warehouse_ShelfE_01/meshes/aws_robomaker_warehouse_ShelfE_01_visual.DAE
[0.937s] -- Up-to-date symlink: /home/sudhanshu/anvrit_ws/install/anvrit_gazebo/share/anvrit_gazebo//models/aws_robomaker_warehouse_ShelfE_01/model.config
[0.937s] -- Up-to-date symlink: /home/sudhanshu/anvrit_ws/install/anvrit_gazebo/share/anvrit_gazebo//models/aws_robomaker_warehouse_ShelfE_01/model.sdf
[0.937s] -- Up-to-date symlink: /home/sudhanshu/anvrit_ws/install/anvrit_gazebo/share/anvrit_gazebo//models/aws_robomaker_warehouse_ShelfF_01/materials/textures/aws_robomaker_warehouse_ShelfF_01.png
[0.937s] -- Up-to-date symlink: /home/sudhanshu/anvrit_ws/install/anvrit_gazebo/share/anvrit_gazebo//models/aws_robomaker_warehouse_ShelfF_01/materials/textures/aws_robomaker_warehouse_ShelfF_02.png
[0.937s] -- Up-to-date symlink: /home/sudhanshu/anvrit_ws/install/anvrit_gazebo/share/anvrit_gazebo//models/aws_robomaker_warehouse_ShelfF_01/materials/textures/aws_robomaker_warehouse_ShelfF_03.png
[0.938s] -- Up-to-date symlink: /home/sudhanshu/anvrit_ws/install/anvrit_gazebo/share/anvrit_gazebo//models/aws_robomaker_warehouse_ShelfF_01/meshes/aws_robomaker_warehouse_ShelfF_01_collision.DAE
[0.938s] -- Up-to-date symlink: /home/sudhanshu/anvrit_ws/install/anvrit_gazebo/share/anvrit_gazebo//models/aws_robomaker_warehouse_ShelfF_01/meshes/aws_robomaker_warehouse_ShelfF_01_visual.DAE
[0.938s] -- Up-to-date symlink: /home/sudhanshu/anvrit_ws/install/anvrit_gazebo/share/anvrit_gazebo//models/aws_robomaker_warehouse_ShelfF_01/model.config
[0.938s] -- Up-to-date symlink: /home/sudhanshu/anvrit_ws/install/anvrit_gazebo/share/anvrit_gazebo//models/aws_robomaker_warehouse_ShelfF_01/model.sdf
[0.938s] -- Up-to-date symlink: /home/sudhanshu/anvrit_ws/install/anvrit_gazebo/share/anvrit_gazebo//models/aws_robomaker_warehouse_TrashCanC_01/materials/textures/aws_robomaker_warehouse_TrashCanC_01.png
[0.938s] -- Up-to-date symlink: /home/sudhanshu/anvrit_ws/install/anvrit_gazebo/share/anvrit_gazebo//models/aws_robomaker_warehouse_TrashCanC_01/meshes/aws_robomaker_warehouse_TrashCanC_01_collision.DAE
[0.938s] -- Up-to-date symlink: /home/sudhanshu/anvrit_ws/install/anvrit_gazebo/share/anvrit_gazebo//models/aws_robomaker_warehouse_TrashCanC_01/meshes/aws_robomaker_warehouse_TrashCanC_01_visual.DAE
[0.938s] -- Up-to-date symlink: /home/sudhanshu/anvrit_ws/install/anvrit_gazebo/share/anvrit_gazebo//models/aws_robomaker_warehouse_TrashCanC_01/model.config
[0.938s] -- Up-to-date symlink: /home/sudhanshu/anvrit_ws/install/anvrit_gazebo/share/anvrit_gazebo//models/aws_robomaker_warehouse_TrashCanC_01/model.sdf
[0.938s] -- Up-to-date symlink: /home/sudhanshu/anvrit_ws/install/anvrit_gazebo/share/anvrit_gazebo//models/aws_robomaker_warehouse_WallB_01/materials/textures/aws_robomaker_warehouse_WallB_01.png
[0.939s] -- Up-to-date symlink: /home/sudhanshu/anvrit_ws/install/anvrit_gazebo/share/anvrit_gazebo//models/aws_robomaker_warehouse_WallB_01/meshes/aws_robomaker_warehouse_WallB_01_collision.DAE
[0.939s] -- Up-to-date symlink: /home/sudhanshu/anvrit_ws/install/anvrit_gazebo/share/anvrit_gazebo//models/aws_robomaker_warehouse_WallB_01/meshes/aws_robomaker_warehouse_WallB_01_visual.DAE
[0.939s] -- Up-to-date symlink: /home/sudhanshu/anvrit_ws/install/anvrit_gazebo/share/anvrit_gazebo//models/aws_robomaker_warehouse_WallB_01/model.config
[0.939s] -- Up-to-date symlink: /home/sudhanshu/anvrit_ws/install/anvrit_gazebo/share/anvrit_gazebo//models/aws_robomaker_warehouse_WallB_01/model.sdf
[0.939s] -- Up-to-date symlink: /home/sudhanshu/anvrit_ws/install/anvrit_gazebo/share/ament_index/resource_index/package_run_dependencies/anvrit_gazebo
[0.939s] -- Up-to-date symlink: /home/sudhanshu/anvrit_ws/install/anvrit_gazebo/share/ament_index/resource_index/parent_prefix_path/anvrit_gazebo
[0.939s] -- Up-to-date symlink: /home/sudhanshu/anvrit_ws/install/anvrit_gazebo/share/anvrit_gazebo/environment/ament_prefix_path.sh
[0.939s] -- Up-to-date symlink: /home/sudhanshu/anvrit_ws/install/anvrit_gazebo/share/anvrit_gazebo/environment/ament_prefix_path.dsv
[0.939s] -- Up-to-date symlink: /home/sudhanshu/anvrit_ws/install/anvrit_gazebo/share/anvrit_gazebo/environment/path.sh
[0.939s] -- Up-to-date symlink: /home/sudhanshu/anvrit_ws/install/anvrit_gazebo/share/anvrit_gazebo/environment/path.dsv
[0.939s] -- Up-to-date symlink: /home/sudhanshu/anvrit_ws/install/anvrit_gazebo/share/anvrit_gazebo/local_setup.bash
[0.939s] -- Up-to-date symlink: /home/sudhanshu/anvrit_ws/install/anvrit_gazebo/share/anvrit_gazebo/local_setup.sh
[0.939s] -- Up-to-date symlink: /home/sudhanshu/anvrit_ws/install/anvrit_gazebo/share/anvrit_gazebo/local_setup.zsh
[0.939s] -- Up-to-date symlink: /home/sudhanshu/anvrit_ws/install/anvrit_gazebo/share/anvrit_gazebo/local_setup.dsv
[0.940s] -- Symlinking: /home/sudhanshu/anvrit_ws/install/anvrit_gazebo/share/anvrit_gazebo/package.dsv
[0.953s] -- Up-to-date symlink: /home/sudhanshu/anvrit_ws/install/anvrit_gazebo/share/ament_index/resource_index/packages/anvrit_gazebo
[0.953s] -- Up-to-date symlink: /home/sudhanshu/anvrit_ws/install/anvrit_gazebo/share/anvrit_gazebo/cmake/anvrit_gazeboConfig.cmake
[0.953s] -- Up-to-date symlink: /home/sudhanshu/anvrit_ws/install/anvrit_gazebo/share/anvrit_gazebo/cmake/anvrit_gazeboConfig-version.cmake
[0.953s] -- Up-to-date symlink: /home/sudhanshu/anvrit_ws/install/anvrit_gazebo/share/anvrit_gazebo/package.xml
[0.957s] Invoked command in '/home/sudhanshu/anvrit_ws/build/anvrit_gazebo' returned '0': CMAKE_PREFIX_PATH=${CMAKE_PREFIX_PATH}:/home/sudhanshu/anvrit_ws/install/odometry_generator:/home/sudhanshu/anvrit_ws/install/anvrit_navigation:/home/sudhanshu/ros2_ws/install/my_robot_controller:/home/sudhanshu/ros2_ws/install/find_factorial:/home/sudhanshu/ros2_ws/install/bot_control:/home/sudhanshu/ros2_ws/install/anvrit_navigation:/home/sudhanshu/ros2_ws/install/anvrit_gazebo:/home/sudhanshu/cyborg_ws/install/anvrit_navigation:/opt/ros/humble /usr/bin/cmake --install /home/sudhanshu/anvrit_ws/build/anvrit_gazebo
