[0.133s] DEBUG:colcon:Command line arguments: ['/usr/bin/colcon', 'build', '--symlink-install']
[0.133s] DEBUG:colcon:Parsed command line arguments: Namespace(log_base=None, log_level=None, verb_name='build', build_base='build', install_base='install', merge_install=False, symlink_install=True, test_result_base=None, continue_on_error=False, executor='parallel', parallel_workers=12, event_handlers=None, ignore_user_meta=False, metas=['./colcon.meta'], base_paths=['.'], packages_ignore=None, packages_ignore_regex=None, paths=None, packages_up_to=None, packages_up_to_regex=None, packages_above=None, packages_above_and_dependencies=None, packages_above_depth=None, packages_select_by_dep=None, packages_skip_by_dep=None, packages_skip_up_to=None, packages_select_build_failed=False, packages_skip_build_finished=False, packages_select_test_failures=False, packages_skip_test_passed=False, packages_select=None, packages_skip=None, packages_select_regex=None, packages_skip_regex=None, packages_start=None, packages_end=None, allow_overriding=[], cmake_args=None, cmake_target=None, cmake_target_skip_unavailable=False, cmake_clean_cache=False, cmake_clean_first=False, cmake_force_configure=False, ament_cmake_args=None, catkin_cmake_args=None, catkin_skip_building_tests=False, mixin_files=None, mixin=None, verb_parser=<colcon_mixin.mixin.mixin_argument.MixinArgumentDecorator object at 0x7bcde0a7e7d0>, verb_extension=<colcon_core.verb.build.BuildVerb object at 0x7bcde0a7ddb0>, main=<bound method BuildVerb.main of <colcon_core.verb.build.BuildVerb object at 0x7bcde0a7ddb0>>, mixin_verb=('build',))
[0.366s] Level 1:colcon.colcon_core.package_discovery:discover_packages(colcon_meta) check parameters
[0.366s] Level 1:colcon.colcon_core.package_discovery:discover_packages(recursive) check parameters
[0.366s] Level 1:colcon.colcon_core.package_discovery:discover_packages(ignore) check parameters
[0.366s] Level 1:colcon.colcon_core.package_discovery:discover_packages(path) check parameters
[0.366s] Level 1:colcon.colcon_core.package_discovery:discover_packages(colcon_meta) discover
[0.366s] Level 1:colcon.colcon_core.package_discovery:discover_packages(recursive) discover
[0.366s] INFO:colcon.colcon_core.package_discovery:Crawling recursively for packages in '/home/sudhanshu/anvrit_ws'
[0.366s] Level 1:colcon.colcon_core.package_identification:_identify(.) by extensions ['ignore', 'ignore_ament_install']
[0.366s] Level 1:colcon.colcon_core.package_identification:_identify(.) by extension 'ignore'
[0.366s] Level 1:colcon.colcon_core.package_identification:_identify(.) by extension 'ignore_ament_install'
[0.367s] Level 1:colcon.colcon_core.package_identification:_identify(.) by extensions ['colcon_pkg']
[0.367s] Level 1:colcon.colcon_core.package_identification:_identify(.) by extension 'colcon_pkg'
[0.367s] Level 1:colcon.colcon_core.package_identification:_identify(.) by extensions ['colcon_meta']
[0.367s] Level 1:colcon.colcon_core.package_identification:_identify(.) by extension 'colcon_meta'
[0.367s] Level 1:colcon.colcon_core.package_identification:_identify(.) by extensions ['ros']
[0.367s] Level 1:colcon.colcon_core.package_identification:_identify(.) by extension 'ros'
[0.379s] Level 1:colcon.colcon_core.package_identification:_identify(.) by extensions ['cmake', 'python']
[0.379s] Level 1:colcon.colcon_core.package_identification:_identify(.) by extension 'cmake'
[0.379s] Level 1:colcon.colcon_core.package_identification:_identify(.) by extension 'python'
[0.379s] Level 1:colcon.colcon_core.package_identification:_identify(.) by extensions ['python_setup_py']
[0.379s] Level 1:colcon.colcon_core.package_identification:_identify(.) by extension 'python_setup_py'
[0.379s] Level 1:colcon.colcon_core.package_identification:_identify(build) by extensions ['ignore', 'ignore_ament_install']
[0.379s] Level 1:colcon.colcon_core.package_identification:_identify(build) by extension 'ignore'
[0.379s] Level 1:colcon.colcon_core.package_identification:_identify(build) ignored
[0.379s] Level 1:colcon.colcon_core.package_identification:_identify(install) by extensions ['ignore', 'ignore_ament_install']
[0.379s] Level 1:colcon.colcon_core.package_identification:_identify(install) by extension 'ignore'
[0.379s] Level 1:colcon.colcon_core.package_identification:_identify(install) ignored
[0.379s] Level 1:colcon.colcon_core.package_identification:_identify(log) by extensions ['ignore', 'ignore_ament_install']
[0.379s] Level 1:colcon.colcon_core.package_identification:_identify(log) by extension 'ignore'
[0.380s] Level 1:colcon.colcon_core.package_identification:_identify(log) ignored
[0.380s] Level 1:colcon.colcon_core.package_identification:_identify(src) by extensions ['ignore', 'ignore_ament_install']
[0.380s] Level 1:colcon.colcon_core.package_identification:_identify(src) by extension 'ignore'
[0.380s] Level 1:colcon.colcon_core.package_identification:_identify(src) by extension 'ignore_ament_install'
[0.380s] Level 1:colcon.colcon_core.package_identification:_identify(src) by extensions ['colcon_pkg']
[0.380s] Level 1:colcon.colcon_core.package_identification:_identify(src) by extension 'colcon_pkg'
[0.380s] Level 1:colcon.colcon_core.package_identification:_identify(src) by extensions ['colcon_meta']
[0.380s] Level 1:colcon.colcon_core.package_identification:_identify(src) by extension 'colcon_meta'
[0.380s] Level 1:colcon.colcon_core.package_identification:_identify(src) by extensions ['ros']
[0.380s] Level 1:colcon.colcon_core.package_identification:_identify(src) by extension 'ros'
[0.380s] Level 1:colcon.colcon_core.package_identification:_identify(src) by extensions ['cmake', 'python']
[0.380s] Level 1:colcon.colcon_core.package_identification:_identify(src) by extension 'cmake'
[0.380s] Level 1:colcon.colcon_core.package_identification:_identify(src) by extension 'python'
[0.380s] Level 1:colcon.colcon_core.package_identification:_identify(src) by extensions ['python_setup_py']
[0.380s] Level 1:colcon.colcon_core.package_identification:_identify(src) by extension 'python_setup_py'
[0.380s] Level 1:colcon.colcon_core.package_identification:_identify(src/anvrit_description) by extensions ['ignore', 'ignore_ament_install']
[0.380s] Level 1:colcon.colcon_core.package_identification:_identify(src/anvrit_description) by extension 'ignore'
[0.380s] Level 1:colcon.colcon_core.package_identification:_identify(src/anvrit_description) by extension 'ignore_ament_install'
[0.380s] Level 1:colcon.colcon_core.package_identification:_identify(src/anvrit_description) by extensions ['colcon_pkg']
[0.381s] Level 1:colcon.colcon_core.package_identification:_identify(src/anvrit_description) by extension 'colcon_pkg'
[0.381s] Level 1:colcon.colcon_core.package_identification:_identify(src/anvrit_description) by extensions ['colcon_meta']
[0.381s] Level 1:colcon.colcon_core.package_identification:_identify(src/anvrit_description) by extension 'colcon_meta'
[0.381s] Level 1:colcon.colcon_core.package_identification:_identify(src/anvrit_description) by extensions ['ros']
[0.381s] Level 1:colcon.colcon_core.package_identification:_identify(src/anvrit_description) by extension 'ros'
[0.383s] DEBUG:colcon.colcon_core.package_identification:Package 'src/anvrit_description' with type 'ros.ament_cmake' and name 'anvrit_description'
[0.383s] Level 1:colcon.colcon_core.package_identification:_identify(src/anvrit_gazebo) by extensions ['ignore', 'ignore_ament_install']
[0.384s] Level 1:colcon.colcon_core.package_identification:_identify(src/anvrit_gazebo) by extension 'ignore'
[0.384s] Level 1:colcon.colcon_core.package_identification:_identify(src/anvrit_gazebo) by extension 'ignore_ament_install'
[0.384s] Level 1:colcon.colcon_core.package_identification:_identify(src/anvrit_gazebo) by extensions ['colcon_pkg']
[0.384s] Level 1:colcon.colcon_core.package_identification:_identify(src/anvrit_gazebo) by extension 'colcon_pkg'
[0.384s] Level 1:colcon.colcon_core.package_identification:_identify(src/anvrit_gazebo) by extensions ['colcon_meta']
[0.384s] Level 1:colcon.colcon_core.package_identification:_identify(src/anvrit_gazebo) by extension 'colcon_meta'
[0.384s] Level 1:colcon.colcon_core.package_identification:_identify(src/anvrit_gazebo) by extensions ['ros']
[0.384s] Level 1:colcon.colcon_core.package_identification:_identify(src/anvrit_gazebo) by extension 'ros'
[0.385s] DEBUG:colcon.colcon_core.package_identification:Package 'src/anvrit_gazebo' with type 'ros.ament_cmake' and name 'anvrit_gazebo'
[0.385s] Level 1:colcon.colcon_core.package_identification:_identify(src/anvrit_navigation) by extensions ['ignore', 'ignore_ament_install']
[0.385s] Level 1:colcon.colcon_core.package_identification:_identify(src/anvrit_navigation) by extension 'ignore'
[0.385s] Level 1:colcon.colcon_core.package_identification:_identify(src/anvrit_navigation) by extension 'ignore_ament_install'
[0.385s] Level 1:colcon.colcon_core.package_identification:_identify(src/anvrit_navigation) by extensions ['colcon_pkg']
[0.385s] Level 1:colcon.colcon_core.package_identification:_identify(src/anvrit_navigation) by extension 'colcon_pkg'
[0.385s] Level 1:colcon.colcon_core.package_identification:_identify(src/anvrit_navigation) by extensions ['colcon_meta']
[0.385s] Level 1:colcon.colcon_core.package_identification:_identify(src/anvrit_navigation) by extension 'colcon_meta'
[0.385s] Level 1:colcon.colcon_core.package_identification:_identify(src/anvrit_navigation) by extensions ['ros']
[0.385s] Level 1:colcon.colcon_core.package_identification:_identify(src/anvrit_navigation) by extension 'ros'
[0.386s] DEBUG:colcon.colcon_core.package_identification:Package 'src/anvrit_navigation' with type 'ros.ament_python' and name 'anvrit_navigation'
[0.386s] Level 1:colcon.colcon_core.package_identification:_identify(src/odometry_generator) by extensions ['ignore', 'ignore_ament_install']
[0.386s] Level 1:colcon.colcon_core.package_identification:_identify(src/odometry_generator) by extension 'ignore'
[0.386s] Level 1:colcon.colcon_core.package_identification:_identify(src/odometry_generator) by extension 'ignore_ament_install'
[0.386s] Level 1:colcon.colcon_core.package_identification:_identify(src/odometry_generator) by extensions ['colcon_pkg']
[0.386s] Level 1:colcon.colcon_core.package_identification:_identify(src/odometry_generator) by extension 'colcon_pkg'
[0.386s] Level 1:colcon.colcon_core.package_identification:_identify(src/odometry_generator) by extensions ['colcon_meta']
[0.386s] Level 1:colcon.colcon_core.package_identification:_identify(src/odometry_generator) by extension 'colcon_meta'
[0.386s] Level 1:colcon.colcon_core.package_identification:_identify(src/odometry_generator) by extensions ['ros']
[0.386s] Level 1:colcon.colcon_core.package_identification:_identify(src/odometry_generator) by extension 'ros'
[0.387s] DEBUG:colcon.colcon_core.package_identification:Package 'src/odometry_generator' with type 'ros.ament_python' and name 'odometry_generator'
[0.387s] Level 1:colcon.colcon_core.package_discovery:discover_packages(recursive) using defaults
[0.387s] Level 1:colcon.colcon_core.package_discovery:discover_packages(ignore) discover
[0.387s] Level 1:colcon.colcon_core.package_discovery:discover_packages(ignore) using defaults
[0.387s] Level 1:colcon.colcon_core.package_discovery:discover_packages(path) discover
[0.387s] Level 1:colcon.colcon_core.package_discovery:discover_packages(path) using defaults
[0.409s] Level 1:colcon.colcon_core.package_discovery:discover_packages(prefix_path) check parameters
[0.409s] Level 1:colcon.colcon_core.package_discovery:discover_packages(prefix_path) discover
[0.410s] WARNING:colcon.colcon_ros.prefix_path.ament:The path '/home/sudhanshu/anvrit_ws/install/odometry_generator' in the environment variable AMENT_PREFIX_PATH doesn't exist
[0.410s] WARNING:colcon.colcon_ros.prefix_path.ament:The path '/home/sudhanshu/anvrit_ws/install/anvrit_navigation' in the environment variable AMENT_PREFIX_PATH doesn't exist
[0.410s] WARNING:colcon.colcon_ros.prefix_path.ament:The path '/home/sudhanshu/anvrit_ws/install/anvrit_gazebo' in the environment variable AMENT_PREFIX_PATH doesn't exist
[0.410s] WARNING:colcon.colcon_ros.prefix_path.ament:The path '/home/sudhanshu/anvrit_ws/install/anvrit_description' in the environment variable AMENT_PREFIX_PATH doesn't exist
[0.411s] WARNING:colcon.colcon_ros.prefix_path.catkin:The path '/home/sudhanshu/anvrit_ws/install/anvrit_gazebo' in the environment variable CMAKE_PREFIX_PATH doesn't exist
[0.411s] WARNING:colcon.colcon_ros.prefix_path.catkin:The path '/home/sudhanshu/anvrit_ws/install/anvrit_description' in the environment variable CMAKE_PREFIX_PATH doesn't exist
[0.412s] DEBUG:colcon.colcon_installed_package_information.package_discovery:Found 3 installed packages in /home/sudhanshu/cyborg_ws/install
[0.412s] DEBUG:colcon.colcon_installed_package_information.package_discovery:Found 1 installed packages in /home/sudhanshu/dev_ws/install
[0.413s] DEBUG:colcon.colcon_installed_package_information.package_discovery:Found 10 installed packages in /home/sudhanshu/ros2_ws/install
[0.414s] DEBUG:colcon.colcon_installed_package_information.package_discovery:Found 0 installed packages in /home/sudhanshu/anvrit_ws/install
[0.416s] DEBUG:colcon.colcon_installed_package_information.package_discovery:Found 392 installed packages in /opt/ros/humble
[0.433s] Level 1:colcon.colcon_core.package_discovery:discover_packages(prefix_path) using defaults
[0.486s] Level 5:colcon.colcon_core.verb:set package 'anvrit_description' build argument 'cmake_args' from command line to 'None'
[0.486s] Level 5:colcon.colcon_core.verb:set package 'anvrit_description' build argument 'cmake_target' from command line to 'None'
[0.486s] Level 5:colcon.colcon_core.verb:set package 'anvrit_description' build argument 'cmake_target_skip_unavailable' from command line to 'False'
[0.486s] Level 5:colcon.colcon_core.verb:set package 'anvrit_description' build argument 'cmake_clean_cache' from command line to 'False'
[0.486s] Level 5:colcon.colcon_core.verb:set package 'anvrit_description' build argument 'cmake_clean_first' from command line to 'False'
[0.486s] Level 5:colcon.colcon_core.verb:set package 'anvrit_description' build argument 'cmake_force_configure' from command line to 'False'
[0.486s] Level 5:colcon.colcon_core.verb:set package 'anvrit_description' build argument 'ament_cmake_args' from command line to 'None'
[0.486s] Level 5:colcon.colcon_core.verb:set package 'anvrit_description' build argument 'catkin_cmake_args' from command line to 'None'
[0.486s] Level 5:colcon.colcon_core.verb:set package 'anvrit_description' build argument 'catkin_skip_building_tests' from command line to 'False'
[0.486s] DEBUG:colcon.colcon_core.verb:Building package 'anvrit_description' with the following arguments: {'ament_cmake_args': None, 'build_base': '/home/sudhanshu/anvrit_ws/build/anvrit_description', 'catkin_cmake_args': None, 'catkin_skip_building_tests': False, 'cmake_args': None, 'cmake_clean_cache': False, 'cmake_clean_first': False, 'cmake_force_configure': False, 'cmake_target': None, 'cmake_target_skip_unavailable': False, 'install_base': '/home/sudhanshu/anvrit_ws/install/anvrit_description', 'merge_install': False, 'path': '/home/sudhanshu/anvrit_ws/src/anvrit_description', 'symlink_install': True, 'test_result_base': None}
[0.486s] Level 5:colcon.colcon_core.verb:set package 'anvrit_gazebo' build argument 'cmake_args' from command line to 'None'
[0.486s] Level 5:colcon.colcon_core.verb:set package 'anvrit_gazebo' build argument 'cmake_target' from command line to 'None'
[0.486s] Level 5:colcon.colcon_core.verb:set package 'anvrit_gazebo' build argument 'cmake_target_skip_unavailable' from command line to 'False'
[0.487s] Level 5:colcon.colcon_core.verb:set package 'anvrit_gazebo' build argument 'cmake_clean_cache' from command line to 'False'
[0.487s] Level 5:colcon.colcon_core.verb:set package 'anvrit_gazebo' build argument 'cmake_clean_first' from command line to 'False'
[0.487s] Level 5:colcon.colcon_core.verb:set package 'anvrit_gazebo' build argument 'cmake_force_configure' from command line to 'False'
[0.487s] Level 5:colcon.colcon_core.verb:set package 'anvrit_gazebo' build argument 'ament_cmake_args' from command line to 'None'
[0.487s] Level 5:colcon.colcon_core.verb:set package 'anvrit_gazebo' build argument 'catkin_cmake_args' from command line to 'None'
[0.487s] Level 5:colcon.colcon_core.verb:set package 'anvrit_gazebo' build argument 'catkin_skip_building_tests' from command line to 'False'
[0.487s] DEBUG:colcon.colcon_core.verb:Building package 'anvrit_gazebo' with the following arguments: {'ament_cmake_args': None, 'build_base': '/home/sudhanshu/anvrit_ws/build/anvrit_gazebo', 'catkin_cmake_args': None, 'catkin_skip_building_tests': False, 'cmake_args': None, 'cmake_clean_cache': False, 'cmake_clean_first': False, 'cmake_force_configure': False, 'cmake_target': None, 'cmake_target_skip_unavailable': False, 'install_base': '/home/sudhanshu/anvrit_ws/install/anvrit_gazebo', 'merge_install': False, 'path': '/home/sudhanshu/anvrit_ws/src/anvrit_gazebo', 'symlink_install': True, 'test_result_base': None}
[0.487s] Level 5:colcon.colcon_core.verb:set package 'anvrit_navigation' build argument 'cmake_args' from command line to 'None'
[0.487s] Level 5:colcon.colcon_core.verb:set package 'anvrit_navigation' build argument 'cmake_target' from command line to 'None'
[0.487s] Level 5:colcon.colcon_core.verb:set package 'anvrit_navigation' build argument 'cmake_target_skip_unavailable' from command line to 'False'
[0.487s] Level 5:colcon.colcon_core.verb:set package 'anvrit_navigation' build argument 'cmake_clean_cache' from command line to 'False'
[0.487s] Level 5:colcon.colcon_core.verb:set package 'anvrit_navigation' build argument 'cmake_clean_first' from command line to 'False'
[0.487s] Level 5:colcon.colcon_core.verb:set package 'anvrit_navigation' build argument 'cmake_force_configure' from command line to 'False'
[0.487s] Level 5:colcon.colcon_core.verb:set package 'anvrit_navigation' build argument 'ament_cmake_args' from command line to 'None'
[0.487s] Level 5:colcon.colcon_core.verb:set package 'anvrit_navigation' build argument 'catkin_cmake_args' from command line to 'None'
[0.487s] Level 5:colcon.colcon_core.verb:set package 'anvrit_navigation' build argument 'catkin_skip_building_tests' from command line to 'False'
[0.487s] DEBUG:colcon.colcon_core.verb:Building package 'anvrit_navigation' with the following arguments: {'ament_cmake_args': None, 'build_base': '/home/sudhanshu/anvrit_ws/build/anvrit_navigation', 'catkin_cmake_args': None, 'catkin_skip_building_tests': False, 'cmake_args': None, 'cmake_clean_cache': False, 'cmake_clean_first': False, 'cmake_force_configure': False, 'cmake_target': None, 'cmake_target_skip_unavailable': False, 'install_base': '/home/sudhanshu/anvrit_ws/install/anvrit_navigation', 'merge_install': False, 'path': '/home/sudhanshu/anvrit_ws/src/anvrit_navigation', 'symlink_install': True, 'test_result_base': None}
[0.488s] Level 5:colcon.colcon_core.verb:set package 'odometry_generator' build argument 'cmake_args' from command line to 'None'
[0.488s] Level 5:colcon.colcon_core.verb:set package 'odometry_generator' build argument 'cmake_target' from command line to 'None'
[0.488s] Level 5:colcon.colcon_core.verb:set package 'odometry_generator' build argument 'cmake_target_skip_unavailable' from command line to 'False'
[0.488s] Level 5:colcon.colcon_core.verb:set package 'odometry_generator' build argument 'cmake_clean_cache' from command line to 'False'
[0.488s] Level 5:colcon.colcon_core.verb:set package 'odometry_generator' build argument 'cmake_clean_first' from command line to 'False'
[0.488s] Level 5:colcon.colcon_core.verb:set package 'odometry_generator' build argument 'cmake_force_configure' from command line to 'False'
[0.488s] Level 5:colcon.colcon_core.verb:set package 'odometry_generator' build argument 'ament_cmake_args' from command line to 'None'
[0.488s] Level 5:colcon.colcon_core.verb:set package 'odometry_generator' build argument 'catkin_cmake_args' from command line to 'None'
[0.488s] Level 5:colcon.colcon_core.verb:set package 'odometry_generator' build argument 'catkin_skip_building_tests' from command line to 'False'
[0.488s] DEBUG:colcon.colcon_core.verb:Building package 'odometry_generator' with the following arguments: {'ament_cmake_args': None, 'build_base': '/home/sudhanshu/anvrit_ws/build/odometry_generator', 'catkin_cmake_args': None, 'catkin_skip_building_tests': False, 'cmake_args': None, 'cmake_clean_cache': False, 'cmake_clean_first': False, 'cmake_force_configure': False, 'cmake_target': None, 'cmake_target_skip_unavailable': False, 'install_base': '/home/sudhanshu/anvrit_ws/install/odometry_generator', 'merge_install': False, 'path': '/home/sudhanshu/anvrit_ws/src/odometry_generator', 'symlink_install': True, 'test_result_base': None}
[0.488s] INFO:colcon.colcon_core.executor:Executing jobs using 'parallel' executor
[0.489s] DEBUG:colcon.colcon_parallel_executor.executor.parallel:run_until_complete
[0.489s] INFO:colcon.colcon_ros.task.ament_cmake.build:Building ROS package in '/home/sudhanshu/anvrit_ws/src/anvrit_description' with build type 'ament_cmake'
[0.490s] INFO:colcon.colcon_cmake.task.cmake.build:Building CMake package in '/home/sudhanshu/anvrit_ws/src/anvrit_description'
[0.492s] INFO:colcon.colcon_core.plugin_system:Skipping extension 'colcon_core.shell.bat': Not used on non-Windows systems
[0.492s] INFO:colcon.colcon_core.shell:Skip shell extension 'powershell' for command environment: Not usable outside of PowerShell
[0.492s] DEBUG:colcon.colcon_core.shell:Skip shell extension 'dsv' for command environment
[0.499s] INFO:colcon.colcon_ros.task.ament_cmake.build:Building ROS package in '/home/sudhanshu/anvrit_ws/src/anvrit_gazebo' with build type 'ament_cmake'
[0.499s] INFO:colcon.colcon_cmake.task.cmake.build:Building CMake package in '/home/sudhanshu/anvrit_ws/src/anvrit_gazebo'
[0.499s] INFO:colcon.colcon_core.shell:Skip shell extension 'powershell' for command environment: Not usable outside of PowerShell
[0.499s] DEBUG:colcon.colcon_core.shell:Skip shell extension 'dsv' for command environment
[0.505s] INFO:colcon.colcon_ros.task.ament_python.build:Building ROS package in '/home/sudhanshu/anvrit_ws/src/anvrit_navigation' with build type 'ament_python'
[0.505s] Level 1:colcon.colcon_core.shell:create_environment_hook('anvrit_navigation', 'ament_prefix_path')
[0.505s] INFO:colcon.colcon_core.shell:Creating environment hook '/home/sudhanshu/anvrit_ws/install/anvrit_navigation/share/anvrit_navigation/hook/ament_prefix_path.ps1'
[0.506s] INFO:colcon.colcon_core.shell:Creating environment descriptor '/home/sudhanshu/anvrit_ws/install/anvrit_navigation/share/anvrit_navigation/hook/ament_prefix_path.dsv'
[0.507s] INFO:colcon.colcon_core.shell:Creating environment hook '/home/sudhanshu/anvrit_ws/install/anvrit_navigation/share/anvrit_navigation/hook/ament_prefix_path.sh'
[0.507s] INFO:colcon.colcon_core.shell:Skip shell extension 'powershell' for command environment: Not usable outside of PowerShell
[0.507s] DEBUG:colcon.colcon_core.shell:Skip shell extension 'dsv' for command environment
[0.513s] INFO:colcon.colcon_ros.task.ament_python.build:Building ROS package in '/home/sudhanshu/anvrit_ws/src/odometry_generator' with build type 'ament_python'
[0.513s] Level 1:colcon.colcon_core.shell:create_environment_hook('odometry_generator', 'ament_prefix_path')
[0.513s] INFO:colcon.colcon_core.shell:Creating environment hook '/home/sudhanshu/anvrit_ws/install/odometry_generator/share/odometry_generator/hook/ament_prefix_path.ps1'
[0.514s] INFO:colcon.colcon_core.shell:Creating environment descriptor '/home/sudhanshu/anvrit_ws/install/odometry_generator/share/odometry_generator/hook/ament_prefix_path.dsv'
[0.514s] INFO:colcon.colcon_core.shell:Creating environment hook '/home/sudhanshu/anvrit_ws/install/odometry_generator/share/odometry_generator/hook/ament_prefix_path.sh'
[0.515s] INFO:colcon.colcon_core.shell:Skip shell extension 'powershell' for command environment: Not usable outside of PowerShell
[0.515s] DEBUG:colcon.colcon_core.shell:Skip shell extension 'dsv' for command environment
[0.527s] DEBUG:colcon.colcon_core.event_handler.log_command:Invoking command in '/home/sudhanshu/anvrit_ws/build/anvrit_description': CMAKE_PREFIX_PATH=${CMAKE_PREFIX_PATH}:/home/sudhanshu/anvrit_ws/install/odometry_generator:/home/sudhanshu/anvrit_ws/install/anvrit_navigation:/home/sudhanshu/ros2_ws/install/my_robot_controller:/home/sudhanshu/ros2_ws/install/find_factorial:/home/sudhanshu/ros2_ws/install/bot_control:/home/sudhanshu/ros2_ws/install/anvrit_navigation:/home/sudhanshu/ros2_ws/install/anvrit_gazebo:/home/sudhanshu/cyborg_ws/install/anvrit_navigation:/opt/ros/humble /usr/bin/cmake /home/sudhanshu/anvrit_ws/src/anvrit_description -DAMENT_CMAKE_SYMLINK_INSTALL=1 -DCMAKE_INSTALL_PREFIX=/home/sudhanshu/anvrit_ws/install/anvrit_description
[0.530s] DEBUG:colcon.colcon_core.event_handler.log_command:Invoking command in '/home/sudhanshu/anvrit_ws/build/anvrit_gazebo': CMAKE_PREFIX_PATH=${CMAKE_PREFIX_PATH}:/home/sudhanshu/anvrit_ws/install/odometry_generator:/home/sudhanshu/anvrit_ws/install/anvrit_navigation:/home/sudhanshu/ros2_ws/install/my_robot_controller:/home/sudhanshu/ros2_ws/install/find_factorial:/home/sudhanshu/ros2_ws/install/bot_control:/home/sudhanshu/ros2_ws/install/anvrit_navigation:/home/sudhanshu/ros2_ws/install/anvrit_gazebo:/home/sudhanshu/cyborg_ws/install/anvrit_navigation:/opt/ros/humble /usr/bin/cmake /home/sudhanshu/anvrit_ws/src/anvrit_gazebo -DAMENT_CMAKE_SYMLINK_INSTALL=1 -DCMAKE_INSTALL_PREFIX=/home/sudhanshu/anvrit_ws/install/anvrit_gazebo
[0.937s] INFO:colcon.colcon_core.task.python.build:Building Python package in '/home/sudhanshu/anvrit_ws/src/anvrit_navigation'
[0.938s] INFO:colcon.colcon_core.shell:Skip shell extension 'powershell' for command environment: Not usable outside of PowerShell
[0.938s] DEBUG:colcon.colcon_core.shell:Skip shell extension 'dsv' for command environment
[1.365s] INFO:colcon.colcon_core.task.python.build:Building Python package in '/home/sudhanshu/anvrit_ws/src/odometry_generator'
[1.366s] INFO:colcon.colcon_core.shell:Skip shell extension 'powershell' for command environment: Not usable outside of PowerShell
[1.366s] DEBUG:colcon.colcon_core.shell:Skip shell extension 'dsv' for command environment
[1.508s] DEBUG:colcon.colcon_core.event_handler.log_command:Invoked command in '/home/sudhanshu/anvrit_ws/build/anvrit_description' returned '0': CMAKE_PREFIX_PATH=${CMAKE_PREFIX_PATH}:/home/sudhanshu/anvrit_ws/install/odometry_generator:/home/sudhanshu/anvrit_ws/install/anvrit_navigation:/home/sudhanshu/ros2_ws/install/my_robot_controller:/home/sudhanshu/ros2_ws/install/find_factorial:/home/sudhanshu/ros2_ws/install/bot_control:/home/sudhanshu/ros2_ws/install/anvrit_navigation:/home/sudhanshu/ros2_ws/install/anvrit_gazebo:/home/sudhanshu/cyborg_ws/install/anvrit_navigation:/opt/ros/humble /usr/bin/cmake /home/sudhanshu/anvrit_ws/src/anvrit_description -DAMENT_CMAKE_SYMLINK_INSTALL=1 -DCMAKE_INSTALL_PREFIX=/home/sudhanshu/anvrit_ws/install/anvrit_description
[1.510s] DEBUG:colcon.colcon_core.event_handler.log_command:Invoking command in '/home/sudhanshu/anvrit_ws/build/anvrit_description': CMAKE_PREFIX_PATH=${CMAKE_PREFIX_PATH}:/home/sudhanshu/anvrit_ws/install/odometry_generator:/home/sudhanshu/anvrit_ws/install/anvrit_navigation:/home/sudhanshu/ros2_ws/install/my_robot_controller:/home/sudhanshu/ros2_ws/install/find_factorial:/home/sudhanshu/ros2_ws/install/bot_control:/home/sudhanshu/ros2_ws/install/anvrit_navigation:/home/sudhanshu/ros2_ws/install/anvrit_gazebo:/home/sudhanshu/cyborg_ws/install/anvrit_navigation:/opt/ros/humble /usr/bin/cmake --build /home/sudhanshu/anvrit_ws/build/anvrit_description -- -j12 -l12
[1.570s] DEBUG:colcon.colcon_core.event_handler.log_command:Invoked command in '/home/sudhanshu/anvrit_ws/build/anvrit_description' returned '0': CMAKE_PREFIX_PATH=${CMAKE_PREFIX_PATH}:/home/sudhanshu/anvrit_ws/install/odometry_generator:/home/sudhanshu/anvrit_ws/install/anvrit_navigation:/home/sudhanshu/ros2_ws/install/my_robot_controller:/home/sudhanshu/ros2_ws/install/find_factorial:/home/sudhanshu/ros2_ws/install/bot_control:/home/sudhanshu/ros2_ws/install/anvrit_navigation:/home/sudhanshu/ros2_ws/install/anvrit_gazebo:/home/sudhanshu/cyborg_ws/install/anvrit_navigation:/opt/ros/humble /usr/bin/cmake --build /home/sudhanshu/anvrit_ws/build/anvrit_description -- -j12 -l12
[1.619s] DEBUG:colcon.colcon_core.event_handler.log_command:Invoking command in '/home/sudhanshu/anvrit_ws/build/anvrit_description': CMAKE_PREFIX_PATH=${CMAKE_PREFIX_PATH}:/home/sudhanshu/anvrit_ws/install/odometry_generator:/home/sudhanshu/anvrit_ws/install/anvrit_navigation:/home/sudhanshu/ros2_ws/install/my_robot_controller:/home/sudhanshu/ros2_ws/install/find_factorial:/home/sudhanshu/ros2_ws/install/bot_control:/home/sudhanshu/ros2_ws/install/anvrit_navigation:/home/sudhanshu/ros2_ws/install/anvrit_gazebo:/home/sudhanshu/cyborg_ws/install/anvrit_navigation:/opt/ros/humble /usr/bin/cmake --install /home/sudhanshu/anvrit_ws/build/anvrit_description
[2.024s] DEBUG:colcon.colcon_core.event_handler.log_command:Invoking command in '/home/sudhanshu/anvrit_ws/build/anvrit_navigation': PYTHONPATH=/home/sudhanshu/anvrit_ws/build/anvrit_navigation/prefix_override:/usr/lib/python3/dist-packages/colcon_core/task/python/colcon_distutils_commands:/home/sudhanshu/anvrit_ws/install/anvrit_navigation/lib/python3.10/site-packages:${PYTHONPATH} /usr/bin/python3 -W ignore:setup.py install is deprecated setup.py develop --editable --build-directory /home/sudhanshu/anvrit_ws/build/anvrit_navigation/build --no-deps symlink_data
[2.070s] DEBUG:colcon.colcon_core.event_handler.log_command:Invoking command in '/home/sudhanshu/anvrit_ws/build/odometry_generator': PYTHONPATH=/home/sudhanshu/anvrit_ws/build/odometry_generator/prefix_override:/usr/lib/python3/dist-packages/colcon_core/task/python/colcon_distutils_commands:/home/sudhanshu/anvrit_ws/install/odometry_generator/lib/python3.10/site-packages:${PYTHONPATH} /usr/bin/python3 -W ignore:setup.py install is deprecated setup.py develop --editable --build-directory /home/sudhanshu/anvrit_ws/build/odometry_generator/build --no-deps symlink_data
[2.080s] Level 1:colcon.colcon_core.environment:create_environment_scripts_only(anvrit_description)
[2.081s] DEBUG:colcon.colcon_core.event_handler.log_command:Invoked command in '/home/sudhanshu/anvrit_ws/build/anvrit_description' returned '0': CMAKE_PREFIX_PATH=${CMAKE_PREFIX_PATH}:/home/sudhanshu/anvrit_ws/install/odometry_generator:/home/sudhanshu/anvrit_ws/install/anvrit_navigation:/home/sudhanshu/ros2_ws/install/my_robot_controller:/home/sudhanshu/ros2_ws/install/find_factorial:/home/sudhanshu/ros2_ws/install/bot_control:/home/sudhanshu/ros2_ws/install/anvrit_navigation:/home/sudhanshu/ros2_ws/install/anvrit_gazebo:/home/sudhanshu/cyborg_ws/install/anvrit_navigation:/opt/ros/humble /usr/bin/cmake --install /home/sudhanshu/anvrit_ws/build/anvrit_description
[2.083s] Level 1:colcon.colcon_core.environment:checking '/home/sudhanshu/anvrit_ws/install/anvrit_description' for CMake module files
[2.084s] Level 1:colcon.colcon_core.environment:checking '/home/sudhanshu/anvrit_ws/install/anvrit_description' for CMake config files
[2.085s] Level 1:colcon.colcon_core.shell:create_environment_hook('anvrit_description', 'cmake_prefix_path')
[2.085s] INFO:colcon.colcon_core.shell:Creating environment hook '/home/sudhanshu/anvrit_ws/install/anvrit_description/share/anvrit_description/hook/cmake_prefix_path.ps1'
[2.085s] INFO:colcon.colcon_core.shell:Creating environment descriptor '/home/sudhanshu/anvrit_ws/install/anvrit_description/share/anvrit_description/hook/cmake_prefix_path.dsv'
[2.086s] INFO:colcon.colcon_core.shell:Creating environment hook '/home/sudhanshu/anvrit_ws/install/anvrit_description/share/anvrit_description/hook/cmake_prefix_path.sh'
[2.086s] Level 1:colcon.colcon_core.environment:checking '/home/sudhanshu/anvrit_ws/install/anvrit_description/bin'
[2.086s] Level 1:colcon.colcon_core.environment:checking '/home/sudhanshu/anvrit_ws/install/anvrit_description/lib/pkgconfig/anvrit_description.pc'
[2.087s] Level 1:colcon.colcon_core.environment:checking '/home/sudhanshu/anvrit_ws/install/anvrit_description/lib/python3.10/site-packages'
[2.087s] Level 1:colcon.colcon_core.environment:checking '/home/sudhanshu/anvrit_ws/install/anvrit_description/bin'
[2.087s] INFO:colcon.colcon_core.shell:Creating package script '/home/sudhanshu/anvrit_ws/install/anvrit_description/share/anvrit_description/package.ps1'
[2.088s] INFO:colcon.colcon_core.shell:Creating package descriptor '/home/sudhanshu/anvrit_ws/install/anvrit_description/share/anvrit_description/package.dsv'
[2.088s] INFO:colcon.colcon_core.shell:Creating package script '/home/sudhanshu/anvrit_ws/install/anvrit_description/share/anvrit_description/package.sh'
[2.089s] INFO:colcon.colcon_core.shell:Creating package script '/home/sudhanshu/anvrit_ws/install/anvrit_description/share/anvrit_description/package.bash'
[2.090s] INFO:colcon.colcon_core.shell:Creating package script '/home/sudhanshu/anvrit_ws/install/anvrit_description/share/anvrit_description/package.zsh'
[2.091s] Level 1:colcon.colcon_core.environment:create_file_with_runtime_dependencies(/home/sudhanshu/anvrit_ws/install/anvrit_description/share/colcon-core/packages/anvrit_description)
[2.126s] Level 1:colcon.colcon_core.environment:create_environment_scripts_only(anvrit_description)
[2.126s] Level 1:colcon.colcon_core.environment:checking '/home/sudhanshu/anvrit_ws/install/anvrit_description' for CMake module files
[2.127s] Level 1:colcon.colcon_core.environment:checking '/home/sudhanshu/anvrit_ws/install/anvrit_description' for CMake config files
[2.127s] Level 1:colcon.colcon_core.shell:create_environment_hook('anvrit_description', 'cmake_prefix_path')
[2.128s] INFO:colcon.colcon_core.shell:Creating environment hook '/home/sudhanshu/anvrit_ws/install/anvrit_description/share/anvrit_description/hook/cmake_prefix_path.ps1'
[2.128s] INFO:colcon.colcon_core.shell:Creating environment descriptor '/home/sudhanshu/anvrit_ws/install/anvrit_description/share/anvrit_description/hook/cmake_prefix_path.dsv'
[2.129s] INFO:colcon.colcon_core.shell:Creating environment hook '/home/sudhanshu/anvrit_ws/install/anvrit_description/share/anvrit_description/hook/cmake_prefix_path.sh'
[2.129s] Level 1:colcon.colcon_core.environment:checking '/home/sudhanshu/anvrit_ws/install/anvrit_description/bin'
[2.129s] Level 1:colcon.colcon_core.environment:checking '/home/sudhanshu/anvrit_ws/install/anvrit_description/lib/pkgconfig/anvrit_description.pc'
[2.130s] Level 1:colcon.colcon_core.environment:checking '/home/sudhanshu/anvrit_ws/install/anvrit_description/lib/python3.10/site-packages'
[2.130s] Level 1:colcon.colcon_core.environment:checking '/home/sudhanshu/anvrit_ws/install/anvrit_description/bin'
[2.130s] INFO:colcon.colcon_core.shell:Creating package script '/home/sudhanshu/anvrit_ws/install/anvrit_description/share/anvrit_description/package.ps1'
[2.131s] INFO:colcon.colcon_core.shell:Creating package descriptor '/home/sudhanshu/anvrit_ws/install/anvrit_description/share/anvrit_description/package.dsv'
[2.131s] INFO:colcon.colcon_core.shell:Creating package script '/home/sudhanshu/anvrit_ws/install/anvrit_description/share/anvrit_description/package.sh'
[2.131s] INFO:colcon.colcon_core.shell:Creating package script '/home/sudhanshu/anvrit_ws/install/anvrit_description/share/anvrit_description/package.bash'
[2.132s] INFO:colcon.colcon_core.shell:Creating package script '/home/sudhanshu/anvrit_ws/install/anvrit_description/share/anvrit_description/package.zsh'
[2.132s] Level 1:colcon.colcon_core.environment:create_file_with_runtime_dependencies(/home/sudhanshu/anvrit_ws/install/anvrit_description/share/colcon-core/packages/anvrit_description)
[2.294s] DEBUG:colcon.colcon_core.event_handler.log_command:Invoked command in '/home/sudhanshu/anvrit_ws/build/anvrit_gazebo' returned '0': CMAKE_PREFIX_PATH=${CMAKE_PREFIX_PATH}:/home/sudhanshu/anvrit_ws/install/odometry_generator:/home/sudhanshu/anvrit_ws/install/anvrit_navigation:/home/sudhanshu/ros2_ws/install/my_robot_controller:/home/sudhanshu/ros2_ws/install/find_factorial:/home/sudhanshu/ros2_ws/install/bot_control:/home/sudhanshu/ros2_ws/install/anvrit_navigation:/home/sudhanshu/ros2_ws/install/anvrit_gazebo:/home/sudhanshu/cyborg_ws/install/anvrit_navigation:/opt/ros/humble /usr/bin/cmake /home/sudhanshu/anvrit_ws/src/anvrit_gazebo -DAMENT_CMAKE_SYMLINK_INSTALL=1 -DCMAKE_INSTALL_PREFIX=/home/sudhanshu/anvrit_ws/install/anvrit_gazebo
[2.296s] DEBUG:colcon.colcon_core.event_handler.log_command:Invoking command in '/home/sudhanshu/anvrit_ws/build/anvrit_gazebo': CMAKE_PREFIX_PATH=${CMAKE_PREFIX_PATH}:/home/sudhanshu/anvrit_ws/install/odometry_generator:/home/sudhanshu/anvrit_ws/install/anvrit_navigation:/home/sudhanshu/ros2_ws/install/my_robot_controller:/home/sudhanshu/ros2_ws/install/find_factorial:/home/sudhanshu/ros2_ws/install/bot_control:/home/sudhanshu/ros2_ws/install/anvrit_navigation:/home/sudhanshu/ros2_ws/install/anvrit_gazebo:/home/sudhanshu/cyborg_ws/install/anvrit_navigation:/opt/ros/humble /usr/bin/cmake --build /home/sudhanshu/anvrit_ws/build/anvrit_gazebo -- -j12 -l12
[2.358s] DEBUG:colcon.colcon_core.event_handler.log_command:Invoked command in '/home/sudhanshu/anvrit_ws/build/anvrit_gazebo' returned '0': CMAKE_PREFIX_PATH=${CMAKE_PREFIX_PATH}:/home/sudhanshu/anvrit_ws/install/odometry_generator:/home/sudhanshu/anvrit_ws/install/anvrit_navigation:/home/sudhanshu/ros2_ws/install/my_robot_controller:/home/sudhanshu/ros2_ws/install/find_factorial:/home/sudhanshu/ros2_ws/install/bot_control:/home/sudhanshu/ros2_ws/install/anvrit_navigation:/home/sudhanshu/ros2_ws/install/anvrit_gazebo:/home/sudhanshu/cyborg_ws/install/anvrit_navigation:/opt/ros/humble /usr/bin/cmake --build /home/sudhanshu/anvrit_ws/build/anvrit_gazebo -- -j12 -l12
[2.393s] DEBUG:colcon.colcon_core.event_handler.log_command:Invoking command in '/home/sudhanshu/anvrit_ws/build/anvrit_gazebo': CMAKE_PREFIX_PATH=${CMAKE_PREFIX_PATH}:/home/sudhanshu/anvrit_ws/install/odometry_generator:/home/sudhanshu/anvrit_ws/install/anvrit_navigation:/home/sudhanshu/ros2_ws/install/my_robot_controller:/home/sudhanshu/ros2_ws/install/find_factorial:/home/sudhanshu/ros2_ws/install/bot_control:/home/sudhanshu/ros2_ws/install/anvrit_navigation:/home/sudhanshu/ros2_ws/install/anvrit_gazebo:/home/sudhanshu/cyborg_ws/install/anvrit_navigation:/opt/ros/humble /usr/bin/cmake --install /home/sudhanshu/anvrit_ws/build/anvrit_gazebo
[2.764s] Level 1:colcon.colcon_core.shell:create_environment_hook('anvrit_navigation', 'pythonpath_develop')
[2.765s] INFO:colcon.colcon_core.shell:Creating environment hook '/home/sudhanshu/anvrit_ws/build/anvrit_navigation/share/anvrit_navigation/hook/pythonpath_develop.ps1'
[2.765s] DEBUG:colcon.colcon_core.event_handler.log_command:Invoked command in '/home/sudhanshu/anvrit_ws/build/anvrit_navigation' returned '0': PYTHONPATH=/home/sudhanshu/anvrit_ws/build/anvrit_navigation/prefix_override:/usr/lib/python3/dist-packages/colcon_core/task/python/colcon_distutils_commands:/home/sudhanshu/anvrit_ws/install/anvrit_navigation/lib/python3.10/site-packages:${PYTHONPATH} /usr/bin/python3 -W ignore:setup.py install is deprecated setup.py develop --editable --build-directory /home/sudhanshu/anvrit_ws/build/anvrit_navigation/build --no-deps symlink_data
[2.766s] INFO:colcon.colcon_core.shell:Creating environment descriptor '/home/sudhanshu/anvrit_ws/build/anvrit_navigation/share/anvrit_navigation/hook/pythonpath_develop.dsv'
[2.766s] INFO:colcon.colcon_core.shell:Creating environment hook '/home/sudhanshu/anvrit_ws/build/anvrit_navigation/share/anvrit_navigation/hook/pythonpath_develop.sh'
[2.767s] Level 1:colcon.colcon_core.environment:checking '/home/sudhanshu/anvrit_ws/install/anvrit_navigation' for CMake module files
[2.767s] Level 1:colcon.colcon_core.environment:checking '/home/sudhanshu/anvrit_ws/install/anvrit_navigation' for CMake config files
[2.768s] Level 1:colcon.colcon_core.environment:checking '/home/sudhanshu/anvrit_ws/install/anvrit_navigation/lib'
[2.768s] Level 1:colcon.colcon_core.environment:checking '/home/sudhanshu/anvrit_ws/install/anvrit_navigation/bin'
[2.768s] Level 1:colcon.colcon_core.environment:checking '/home/sudhanshu/anvrit_ws/install/anvrit_navigation/lib/pkgconfig/anvrit_navigation.pc'
[2.769s] Level 1:colcon.colcon_core.environment:checking '/home/sudhanshu/anvrit_ws/install/anvrit_navigation/lib/python3.10/site-packages'
[2.769s] Level 1:colcon.colcon_core.shell:create_environment_hook('anvrit_navigation', 'pythonpath')
[2.769s] INFO:colcon.colcon_core.shell:Creating environment hook '/home/sudhanshu/anvrit_ws/install/anvrit_navigation/share/anvrit_navigation/hook/pythonpath.ps1'
[2.769s] INFO:colcon.colcon_core.shell:Creating environment descriptor '/home/sudhanshu/anvrit_ws/install/anvrit_navigation/share/anvrit_navigation/hook/pythonpath.dsv'
[2.770s] INFO:colcon.colcon_core.shell:Creating environment hook '/home/sudhanshu/anvrit_ws/install/anvrit_navigation/share/anvrit_navigation/hook/pythonpath.sh'
[2.771s] Level 1:colcon.colcon_core.environment:checking '/home/sudhanshu/anvrit_ws/install/anvrit_navigation/bin'
[2.771s] Level 1:colcon.colcon_core.environment:create_environment_scripts_only(anvrit_navigation)
[2.771s] INFO:colcon.colcon_core.shell:Creating package script '/home/sudhanshu/anvrit_ws/install/anvrit_navigation/share/anvrit_navigation/package.ps1'
[2.772s] INFO:colcon.colcon_core.shell:Creating package descriptor '/home/sudhanshu/anvrit_ws/install/anvrit_navigation/share/anvrit_navigation/package.dsv'
[2.773s] INFO:colcon.colcon_core.shell:Creating package script '/home/sudhanshu/anvrit_ws/install/anvrit_navigation/share/anvrit_navigation/package.sh'
[2.774s] INFO:colcon.colcon_core.shell:Creating package script '/home/sudhanshu/anvrit_ws/install/anvrit_navigation/share/anvrit_navigation/package.bash'
[2.774s] INFO:colcon.colcon_core.shell:Creating package script '/home/sudhanshu/anvrit_ws/install/anvrit_navigation/share/anvrit_navigation/package.zsh'
[2.774s] Level 1:colcon.colcon_core.environment:create_file_with_runtime_dependencies(/home/sudhanshu/anvrit_ws/install/anvrit_navigation/share/colcon-core/packages/anvrit_navigation)
[2.826s] Level 1:colcon.colcon_core.shell:create_environment_hook('odometry_generator', 'pythonpath_develop')
[2.826s] INFO:colcon.colcon_core.shell:Creating environment hook '/home/sudhanshu/anvrit_ws/build/odometry_generator/share/odometry_generator/hook/pythonpath_develop.ps1'
[2.827s] DEBUG:colcon.colcon_core.event_handler.log_command:Invoked command in '/home/sudhanshu/anvrit_ws/build/odometry_generator' returned '0': PYTHONPATH=/home/sudhanshu/anvrit_ws/build/odometry_generator/prefix_override:/usr/lib/python3/dist-packages/colcon_core/task/python/colcon_distutils_commands:/home/sudhanshu/anvrit_ws/install/odometry_generator/lib/python3.10/site-packages:${PYTHONPATH} /usr/bin/python3 -W ignore:setup.py install is deprecated setup.py develop --editable --build-directory /home/sudhanshu/anvrit_ws/build/odometry_generator/build --no-deps symlink_data
[2.827s] INFO:colcon.colcon_core.shell:Creating environment descriptor '/home/sudhanshu/anvrit_ws/build/odometry_generator/share/odometry_generator/hook/pythonpath_develop.dsv'
[2.828s] INFO:colcon.colcon_core.shell:Creating environment hook '/home/sudhanshu/anvrit_ws/build/odometry_generator/share/odometry_generator/hook/pythonpath_develop.sh'
[2.828s] Level 1:colcon.colcon_core.environment:checking '/home/sudhanshu/anvrit_ws/install/odometry_generator' for CMake module files
[2.829s] Level 1:colcon.colcon_core.environment:checking '/home/sudhanshu/anvrit_ws/install/odometry_generator' for CMake config files
[2.829s] Level 1:colcon.colcon_core.environment:checking '/home/sudhanshu/anvrit_ws/install/odometry_generator/lib'
[2.829s] Level 1:colcon.colcon_core.environment:checking '/home/sudhanshu/anvrit_ws/install/odometry_generator/bin'
[2.829s] Level 1:colcon.colcon_core.environment:checking '/home/sudhanshu/anvrit_ws/install/odometry_generator/lib/pkgconfig/odometry_generator.pc'
[2.830s] Level 1:colcon.colcon_core.environment:checking '/home/sudhanshu/anvrit_ws/install/odometry_generator/lib/python3.10/site-packages'
[2.830s] Level 1:colcon.colcon_core.shell:create_environment_hook('odometry_generator', 'pythonpath')
[2.830s] INFO:colcon.colcon_core.shell:Creating environment hook '/home/sudhanshu/anvrit_ws/install/odometry_generator/share/odometry_generator/hook/pythonpath.ps1'
[2.830s] INFO:colcon.colcon_core.shell:Creating environment descriptor '/home/sudhanshu/anvrit_ws/install/odometry_generator/share/odometry_generator/hook/pythonpath.dsv'
[2.830s] INFO:colcon.colcon_core.shell:Creating environment hook '/home/sudhanshu/anvrit_ws/install/odometry_generator/share/odometry_generator/hook/pythonpath.sh'
[2.831s] Level 1:colcon.colcon_core.environment:checking '/home/sudhanshu/anvrit_ws/install/odometry_generator/bin'
[2.831s] Level 1:colcon.colcon_core.environment:create_environment_scripts_only(odometry_generator)
[2.832s] INFO:colcon.colcon_core.shell:Creating package script '/home/sudhanshu/anvrit_ws/install/odometry_generator/share/odometry_generator/package.ps1'
[2.832s] INFO:colcon.colcon_core.shell:Creating package descriptor '/home/sudhanshu/anvrit_ws/install/odometry_generator/share/odometry_generator/package.dsv'
[2.833s] INFO:colcon.colcon_core.shell:Creating package script '/home/sudhanshu/anvrit_ws/install/odometry_generator/share/odometry_generator/package.sh'
[2.834s] INFO:colcon.colcon_core.shell:Creating package script '/home/sudhanshu/anvrit_ws/install/odometry_generator/share/odometry_generator/package.bash'
[2.834s] INFO:colcon.colcon_core.shell:Creating package script '/home/sudhanshu/anvrit_ws/install/odometry_generator/share/odometry_generator/package.zsh'
[2.834s] Level 1:colcon.colcon_core.environment:create_file_with_runtime_dependencies(/home/sudhanshu/anvrit_ws/install/odometry_generator/share/colcon-core/packages/odometry_generator)
[3.871s] Level 1:colcon.colcon_core.environment:create_environment_scripts_only(anvrit_gazebo)
[3.871s] Level 1:colcon.colcon_core.environment:checking '/home/sudhanshu/anvrit_ws/install/anvrit_gazebo' for CMake module files
[3.872s] DEBUG:colcon.colcon_core.event_handler.log_command:Invoked command in '/home/sudhanshu/anvrit_ws/build/anvrit_gazebo' returned '0': CMAKE_PREFIX_PATH=${CMAKE_PREFIX_PATH}:/home/sudhanshu/anvrit_ws/install/odometry_generator:/home/sudhanshu/anvrit_ws/install/anvrit_navigation:/home/sudhanshu/ros2_ws/install/my_robot_controller:/home/sudhanshu/ros2_ws/install/find_factorial:/home/sudhanshu/ros2_ws/install/bot_control:/home/sudhanshu/ros2_ws/install/anvrit_navigation:/home/sudhanshu/ros2_ws/install/anvrit_gazebo:/home/sudhanshu/cyborg_ws/install/anvrit_navigation:/opt/ros/humble /usr/bin/cmake --install /home/sudhanshu/anvrit_ws/build/anvrit_gazebo
[3.872s] Level 1:colcon.colcon_core.environment:checking '/home/sudhanshu/anvrit_ws/install/anvrit_gazebo' for CMake config files
[3.874s] Level 1:colcon.colcon_core.shell:create_environment_hook('anvrit_gazebo', 'cmake_prefix_path')
[3.875s] INFO:colcon.colcon_core.shell:Creating environment hook '/home/sudhanshu/anvrit_ws/install/anvrit_gazebo/share/anvrit_gazebo/hook/cmake_prefix_path.ps1'
[3.875s] INFO:colcon.colcon_core.shell:Creating environment descriptor '/home/sudhanshu/anvrit_ws/install/anvrit_gazebo/share/anvrit_gazebo/hook/cmake_prefix_path.dsv'
[3.875s] INFO:colcon.colcon_core.shell:Creating environment hook '/home/sudhanshu/anvrit_ws/install/anvrit_gazebo/share/anvrit_gazebo/hook/cmake_prefix_path.sh'
[3.876s] Level 1:colcon.colcon_core.environment:checking '/home/sudhanshu/anvrit_ws/install/anvrit_gazebo/lib'
[3.876s] Level 1:colcon.colcon_core.environment:checking '/home/sudhanshu/anvrit_ws/install/anvrit_gazebo/bin'
[3.876s] Level 1:colcon.colcon_core.environment:checking '/home/sudhanshu/anvrit_ws/install/anvrit_gazebo/lib/pkgconfig/anvrit_gazebo.pc'
[3.876s] Level 1:colcon.colcon_core.environment:checking '/home/sudhanshu/anvrit_ws/install/anvrit_gazebo/lib/python3.10/site-packages'
[3.876s] Level 1:colcon.colcon_core.environment:checking '/home/sudhanshu/anvrit_ws/install/anvrit_gazebo/bin'
[3.877s] INFO:colcon.colcon_core.shell:Creating package script '/home/sudhanshu/anvrit_ws/install/anvrit_gazebo/share/anvrit_gazebo/package.ps1'
[3.877s] INFO:colcon.colcon_core.shell:Creating package descriptor '/home/sudhanshu/anvrit_ws/install/anvrit_gazebo/share/anvrit_gazebo/package.dsv'
[3.878s] INFO:colcon.colcon_core.shell:Creating package script '/home/sudhanshu/anvrit_ws/install/anvrit_gazebo/share/anvrit_gazebo/package.sh'
[3.878s] INFO:colcon.colcon_core.shell:Creating package script '/home/sudhanshu/anvrit_ws/install/anvrit_gazebo/share/anvrit_gazebo/package.bash'
[3.878s] INFO:colcon.colcon_core.shell:Creating package script '/home/sudhanshu/anvrit_ws/install/anvrit_gazebo/share/anvrit_gazebo/package.zsh'
[3.878s] Level 1:colcon.colcon_core.environment:create_file_with_runtime_dependencies(/home/sudhanshu/anvrit_ws/install/anvrit_gazebo/share/colcon-core/packages/anvrit_gazebo)
[3.912s] Level 1:colcon.colcon_core.environment:create_environment_scripts_only(anvrit_gazebo)
[3.913s] Level 1:colcon.colcon_core.environment:checking '/home/sudhanshu/anvrit_ws/install/anvrit_gazebo' for CMake module files
[3.913s] Level 1:colcon.colcon_core.environment:checking '/home/sudhanshu/anvrit_ws/install/anvrit_gazebo' for CMake config files
[3.916s] Level 1:colcon.colcon_core.shell:create_environment_hook('anvrit_gazebo', 'cmake_prefix_path')
[3.916s] INFO:colcon.colcon_core.shell:Creating environment hook '/home/sudhanshu/anvrit_ws/install/anvrit_gazebo/share/anvrit_gazebo/hook/cmake_prefix_path.ps1'
[3.917s] INFO:colcon.colcon_core.shell:Creating environment descriptor '/home/sudhanshu/anvrit_ws/install/anvrit_gazebo/share/anvrit_gazebo/hook/cmake_prefix_path.dsv'
[3.917s] INFO:colcon.colcon_core.shell:Creating environment hook '/home/sudhanshu/anvrit_ws/install/anvrit_gazebo/share/anvrit_gazebo/hook/cmake_prefix_path.sh'
[3.918s] Level 1:colcon.colcon_core.environment:checking '/home/sudhanshu/anvrit_ws/install/anvrit_gazebo/lib'
[3.918s] Level 1:colcon.colcon_core.environment:checking '/home/sudhanshu/anvrit_ws/install/anvrit_gazebo/bin'
[3.918s] Level 1:colcon.colcon_core.environment:checking '/home/sudhanshu/anvrit_ws/install/anvrit_gazebo/lib/pkgconfig/anvrit_gazebo.pc'
[3.918s] Level 1:colcon.colcon_core.environment:checking '/home/sudhanshu/anvrit_ws/install/anvrit_gazebo/lib/python3.10/site-packages'
[3.918s] Level 1:colcon.colcon_core.environment:checking '/home/sudhanshu/anvrit_ws/install/anvrit_gazebo/bin'
[3.919s] INFO:colcon.colcon_core.shell:Creating package script '/home/sudhanshu/anvrit_ws/install/anvrit_gazebo/share/anvrit_gazebo/package.ps1'
[3.919s] INFO:colcon.colcon_core.shell:Creating package descriptor '/home/sudhanshu/anvrit_ws/install/anvrit_gazebo/share/anvrit_gazebo/package.dsv'
[3.919s] INFO:colcon.colcon_core.shell:Creating package script '/home/sudhanshu/anvrit_ws/install/anvrit_gazebo/share/anvrit_gazebo/package.sh'
[3.920s] INFO:colcon.colcon_core.shell:Creating package script '/home/sudhanshu/anvrit_ws/install/anvrit_gazebo/share/anvrit_gazebo/package.bash'
[3.920s] INFO:colcon.colcon_core.shell:Creating package script '/home/sudhanshu/anvrit_ws/install/anvrit_gazebo/share/anvrit_gazebo/package.zsh'
[3.921s] Level 1:colcon.colcon_core.environment:create_file_with_runtime_dependencies(/home/sudhanshu/anvrit_ws/install/anvrit_gazebo/share/colcon-core/packages/anvrit_gazebo)
[3.921s] DEBUG:colcon.colcon_parallel_executor.executor.parallel:closing loop
[3.922s] DEBUG:colcon.colcon_parallel_executor.executor.parallel:loop closed
[3.922s] DEBUG:colcon.colcon_parallel_executor.executor.parallel:run_until_complete finished with '0'
[3.922s] DEBUG:colcon.colcon_core.event_reactor:joining thread
[3.929s] INFO:colcon.colcon_core.plugin_system:Skipping extension 'colcon_notification.desktop_notification.terminal_notifier': Not used on non-Darwin systems
[3.929s] INFO:colcon.colcon_core.plugin_system:Skipping extension 'colcon_notification.desktop_notification.win32': Not used on non-Windows systems
[3.929s] INFO:colcon.colcon_notification.desktop_notification:Sending desktop notification using 'notify2'
[3.943s] DEBUG:colcon.colcon_core.event_reactor:joined thread
[3.943s] INFO:colcon.colcon_core.shell:Creating prefix script '/home/sudhanshu/anvrit_ws/install/local_setup.ps1'
[3.944s] INFO:colcon.colcon_core.shell:Creating prefix util module '/home/sudhanshu/anvrit_ws/install/_local_setup_util_ps1.py'
[3.946s] INFO:colcon.colcon_core.shell:Creating prefix chain script '/home/sudhanshu/anvrit_ws/install/setup.ps1'
[3.948s] INFO:colcon.colcon_core.shell:Creating prefix script '/home/sudhanshu/anvrit_ws/install/local_setup.sh'
[3.948s] INFO:colcon.colcon_core.shell:Creating prefix util module '/home/sudhanshu/anvrit_ws/install/_local_setup_util_sh.py'
[3.949s] INFO:colcon.colcon_core.shell:Creating prefix chain script '/home/sudhanshu/anvrit_ws/install/setup.sh'
[3.950s] INFO:colcon.colcon_core.shell:Creating prefix script '/home/sudhanshu/anvrit_ws/install/local_setup.bash'
[3.951s] INFO:colcon.colcon_core.shell:Creating prefix chain script '/home/sudhanshu/anvrit_ws/install/setup.bash'
[3.953s] INFO:colcon.colcon_core.shell:Creating prefix script '/home/sudhanshu/anvrit_ws/install/local_setup.zsh'
[3.953s] INFO:colcon.colcon_core.shell:Creating prefix chain script '/home/sudhanshu/anvrit_ws/install/setup.zsh'
