[1.510s] Invoking command in '/home/sudhanshu/anvrit_ws/build/odometry_generator': PYTHONPATH=/home/sudhanshu/anvrit_ws/build/odometry_generator/prefix_override:/usr/lib/python3/dist-packages/colcon_core/task/python/colcon_distutils_commands:/home/sudhanshu/anvrit_ws/install/odometry_generator/lib/python3.10/site-packages:${PYTHONPATH} /usr/bin/python3 -W ignore:setup.py install is deprecated setup.py develop --editable --build-directory /home/sudhanshu/anvrit_ws/build/odometry_generator/build --no-deps symlink_data
[1.874s] running develop
[2.132s] running egg_info
[2.133s] creating odometry_generator.egg-info
[2.133s] writing odometry_generator.egg-info/PKG-INFO
[2.133s] writing dependency_links to odometry_generator.egg-info/dependency_links.txt
[2.133s] writing entry points to odometry_generator.egg-info/entry_points.txt
[2.133s] writing requirements to odometry_generator.egg-info/requires.txt
[2.134s] writing top-level names to odometry_generator.egg-info/top_level.txt
[2.134s] writing manifest file 'odometry_generator.egg-info/SOURCES.txt'
[2.136s] reading manifest file 'odometry_generator.egg-info/SOURCES.txt'
[2.137s] writing manifest file 'odometry_generator.egg-info/SOURCES.txt'
[2.138s] running build_ext
[2.139s] Creating /home/sudhanshu/anvrit_ws/install/odometry_generator/lib/python3.10/site-packages/odometry-generator.egg-link (link to .)
[2.139s] 
[2.140s] Installed /home/sudhanshu/anvrit_ws/build/odometry_generator
[2.140s] running symlink_data
[2.140s] creating /home/sudhanshu/anvrit_ws/install/odometry_generator/share/ament_index
[2.140s] creating /home/sudhanshu/anvrit_ws/install/odometry_generator/share/ament_index/resource_index
[2.140s] creating /home/sudhanshu/anvrit_ws/install/odometry_generator/share/ament_index/resource_index/packages
[2.140s] symbolically linking /home/sudhanshu/anvrit_ws/build/odometry_generator/resource/odometry_generator -> /home/sudhanshu/anvrit_ws/install/odometry_generator/share/ament_index/resource_index/packages
[2.140s] symbolically linking /home/sudhanshu/anvrit_ws/build/odometry_generator/package.xml -> /home/sudhanshu/anvrit_ws/install/odometry_generator/share/odometry_generator
[2.183s] Invoked command in '/home/sudhanshu/anvrit_ws/build/odometry_generator' returned '0': PYTHONPATH=/home/sudhanshu/anvrit_ws/build/odometry_generator/prefix_override:/usr/lib/python3/dist-packages/colcon_core/task/python/colcon_distutils_commands:/home/sudhanshu/anvrit_ws/install/odometry_generator/lib/python3.10/site-packages:${PYTHONPATH} /usr/bin/python3 -W ignore:setup.py install is deprecated setup.py develop --editable --build-directory /home/sudhanshu/anvrit_ws/build/odometry_generator/build --no-deps symlink_data
