running develop
running egg_info
creating odometry_generator.egg-info
writing odometry_generator.egg-info/PKG-INFO
writing dependency_links to odometry_generator.egg-info/dependency_links.txt
writing entry points to odometry_generator.egg-info/entry_points.txt
writing requirements to odometry_generator.egg-info/requires.txt
writing top-level names to odometry_generator.egg-info/top_level.txt
writing manifest file 'odometry_generator.egg-info/SOURCES.txt'
reading manifest file 'odometry_generator.egg-info/SOURCES.txt'
writing manifest file 'odometry_generator.egg-info/SOURCES.txt'
running build_ext
Creating /home/sudhanshu/anvrit_ws/install/odometry_generator/lib/python3.10/site-packages/odometry-generator.egg-link (link to .)
Installing encoder_talker script to /home/sudhanshu/anvrit_ws/install/odometry_generator/lib/odometry_generator

Installed /home/sudhanshu/anvrit_ws/build/odometry_generator
running symlink_data
creating /home/sudhanshu/anvrit_ws/install/odometry_generator/share/ament_index
creating /home/sudhanshu/anvrit_ws/install/odometry_generator/share/ament_index/resource_index
creating /home/sudhanshu/anvrit_ws/install/odometry_generator/share/ament_index/resource_index/packages
symbolically linking /home/sudhanshu/anvrit_ws/build/odometry_generator/resource/odometry_generator -> /home/sudhanshu/anvrit_ws/install/odometry_generator/share/ament_index/resource_index/packages
symbolically linking /home/sudhanshu/anvrit_ws/build/odometry_generator/package.xml -> /home/sudhanshu/anvrit_ws/install/odometry_generator/share/odometry_generator
