[0.015s] Invoking command in '/home/sudhanshu/anvrit_ws/build/anvrit_gazebo': CMAKE_PREFIX_PATH=${CMAKE_PREFIX_PATH}:/home/sudhanshu/ros2_ws/install/my_robot_controller:/home/sudhanshu/ros2_ws/install/find_factorial:/home/sudhanshu/ros2_ws/install/bot_control:/home/sudhanshu/ros2_ws/install/anvrit_navigation:/home/sudhanshu/ros2_ws/install/anvrit_gazebo:/home/sudhanshu/cyborg_ws/install/anvrit_navigation:/opt/ros/humble /usr/bin/cmake /home/sudhanshu/anvrit_ws/src/anvrit_gazebo -DAMENT_CMAKE_SYMLINK_INSTALL=1 -DCMAKE_INSTALL_PREFIX=/home/sudhanshu/anvrit_ws/install/anvrit_gazebo
[0.093s] -- The C compiler identification is GNU 11.4.0
[0.160s] -- The CXX compiler identification is GNU 11.4.0
[0.168s] -- Detecting C compiler ABI info
[0.233s] -- Detecting C compiler ABI info - done
[0.238s] -- Check for working C compiler: /usr/bin/cc - skipped
[0.239s] -- Detecting C compile features
[0.239s] -- Detecting C compile features - done
[0.241s] -- Detecting CXX compiler ABI info
[0.319s] -- Detecting CXX compiler ABI info - done
[0.328s] -- Check for working CXX compiler: /usr/bin/c++ - skipped
[0.329s] -- Detecting CXX compile features
[0.329s] -- Detecting CXX compile features - done
[0.340s] -- Found ament_cmake: 1.3.10 (/opt/ros/humble/share/ament_cmake/cmake)
[0.498s] -- Found Python3: /usr/bin/python3 (found version "3.10.12") found components: Interpreter 
[0.563s] -- Override CMake install command with custom implementation using symlinks instead of copying resources
[0.626s] -- Found rclcpp: 16.0.10 (/opt/ros/humble/share/rclcpp/cmake)
[0.696s] -- Found rosidl_generator_c: 3.1.5 (/opt/ros/humble/share/rosidl_generator_c/cmake)
[0.705s] -- Found rosidl_adapter: 3.1.5 (/opt/ros/humble/share/rosidl_adapter/cmake)
[0.719s] -- Found rosidl_generator_cpp: 3.1.5 (/opt/ros/humble/share/rosidl_generator_cpp/cmake)
[0.739s] -- Using all available rosidl_typesupport_c: rosidl_typesupport_fastrtps_c;rosidl_typesupport_introspection_c
[0.764s] -- Using all available rosidl_typesupport_cpp: rosidl_typesupport_fastrtps_cpp;rosidl_typesupport_introspection_cpp
[0.836s] -- Found rmw_implementation_cmake: 6.1.2 (/opt/ros/humble/share/rmw_implementation_cmake/cmake)
[0.842s] -- Found rmw_cyclonedds_cpp: 1.3.4 (/opt/ros/humble/share/rmw_cyclonedds_cpp/cmake)
[0.879s] -- Using RMW implementation 'rmw_cyclonedds_cpp' as default
[0.896s] -- Looking for pthread.h
[0.979s] -- Looking for pthread.h - found
[0.979s] -- Performing Test CMAKE_HAVE_LIBC_PTHREAD
[1.057s] -- Performing Test CMAKE_HAVE_LIBC_PTHREAD - Success
[1.058s] -- Found Threads: TRUE  
[1.126s] -- Found rclpy: 3.3.14 (/opt/ros/humble/share/rclpy/cmake)
[1.130s] -- Found urdf: 2.6.0 (/opt/ros/humble/share/urdf/cmake)
[1.194s] -- Found xacro: 2.0.8 (/opt/ros/humble/share/xacro/cmake)
[1.197s] -- Found ament_lint_auto: 0.12.11 (/opt/ros/humble/share/ament_lint_auto/cmake)
[1.299s] -- Added test 'flake8' to check Python code syntax and style conventions
[1.302s] -- Added test 'lint_cmake' to check CMake code style
[1.304s] -- Added test 'pep257' to check Python code against some of the docstring style conventions in PEP 257
[1.315s] -- Added test 'xmllint' to check XML markup files
[1.316s] -- Configuring done
[1.321s] -- Generating done
[1.323s] -- Build files have been written to: /home/sudhanshu/anvrit_ws/build/anvrit_gazebo
[1.336s] Invoked command in '/home/sudhanshu/anvrit_ws/build/anvrit_gazebo' returned '0': CMAKE_PREFIX_PATH=${CMAKE_PREFIX_PATH}:/home/sudhanshu/ros2_ws/install/my_robot_controller:/home/sudhanshu/ros2_ws/install/find_factorial:/home/sudhanshu/ros2_ws/install/bot_control:/home/sudhanshu/ros2_ws/install/anvrit_navigation:/home/sudhanshu/ros2_ws/install/anvrit_gazebo:/home/sudhanshu/cyborg_ws/install/anvrit_navigation:/opt/ros/humble /usr/bin/cmake /home/sudhanshu/anvrit_ws/src/anvrit_gazebo -DAMENT_CMAKE_SYMLINK_INSTALL=1 -DCMAKE_INSTALL_PREFIX=/home/sudhanshu/anvrit_ws/install/anvrit_gazebo
[1.337s] Invoking command in '/home/sudhanshu/anvrit_ws/build/anvrit_gazebo': CMAKE_PREFIX_PATH=${CMAKE_PREFIX_PATH}:/home/sudhanshu/ros2_ws/install/my_robot_controller:/home/sudhanshu/ros2_ws/install/find_factorial:/home/sudhanshu/ros2_ws/install/bot_control:/home/sudhanshu/ros2_ws/install/anvrit_navigation:/home/sudhanshu/ros2_ws/install/anvrit_gazebo:/home/sudhanshu/cyborg_ws/install/anvrit_navigation:/opt/ros/humble /usr/bin/cmake --build /home/sudhanshu/anvrit_ws/build/anvrit_gazebo -- -j12 -l12
[1.378s] Invoked command in '/home/sudhanshu/anvrit_ws/build/anvrit_gazebo' returned '0': CMAKE_PREFIX_PATH=${CMAKE_PREFIX_PATH}:/home/sudhanshu/ros2_ws/install/my_robot_controller:/home/sudhanshu/ros2_ws/install/find_factorial:/home/sudhanshu/ros2_ws/install/bot_control:/home/sudhanshu/ros2_ws/install/anvrit_navigation:/home/sudhanshu/ros2_ws/install/anvrit_gazebo:/home/sudhanshu/cyborg_ws/install/anvrit_navigation:/opt/ros/humble /usr/bin/cmake --build /home/sudhanshu/anvrit_ws/build/anvrit_gazebo -- -j12 -l12
[1.402s] Invoking command in '/home/sudhanshu/anvrit_ws/build/anvrit_gazebo': CMAKE_PREFIX_PATH=${CMAKE_PREFIX_PATH}:/home/sudhanshu/ros2_ws/install/my_robot_controller:/home/sudhanshu/ros2_ws/install/find_factorial:/home/sudhanshu/ros2_ws/install/bot_control:/home/sudhanshu/ros2_ws/install/anvrit_navigation:/home/sudhanshu/ros2_ws/install/anvrit_gazebo:/home/sudhanshu/cyborg_ws/install/anvrit_navigation:/opt/ros/humble /usr/bin/cmake --install /home/sudhanshu/anvrit_ws/build/anvrit_gazebo
[1.408s] -- Install configuration: ""
[1.409s] -- Execute custom install script
[1.409s] -- Symlinking: /home/sudhanshu/anvrit_ws/install/anvrit_gazebo/share/anvrit_gazebo//launch/warehouse_world.launch.py
[1.418s] -- Symlinking: /home/sudhanshu/anvrit_ws/install/anvrit_gazebo/share/anvrit_gazebo//worlds/no_roof_small_warehouse.world
[1.427s] -- Symlinking: /home/sudhanshu/anvrit_ws/install/anvrit_gazebo/share/anvrit_gazebo//worlds/small_warehouse.world
[1.437s] -- Symlinking: /home/sudhanshu/anvrit_ws/install/anvrit_gazebo/share/anvrit_gazebo//models/aws_robomaker_warehouse_Bucket_01/.DS_Store
[1.445s] -- Symlinking: /home/sudhanshu/anvrit_ws/install/anvrit_gazebo/share/anvrit_gazebo//models/aws_robomaker_warehouse_Bucket_01/materials/.DS_Store
[1.454s] -- Symlinking: /home/sudhanshu/anvrit_ws/install/anvrit_gazebo/share/anvrit_gazebo//models/aws_robomaker_warehouse_Bucket_01/materials/textures/aws_robomaker_warehouse_Bucket_01.png
[1.462s] -- Symlinking: /home/sudhanshu/anvrit_ws/install/anvrit_gazebo/share/anvrit_gazebo//models/aws_robomaker_warehouse_Bucket_01/meshes/aws_robomaker_warehouse_Bucket_01_collision.DAE
[1.470s] -- Symlinking: /home/sudhanshu/anvrit_ws/install/anvrit_gazebo/share/anvrit_gazebo//models/aws_robomaker_warehouse_Bucket_01/meshes/aws_robomaker_warehouse_Bucket_01_visual.DAE
[1.478s] -- Symlinking: /home/sudhanshu/anvrit_ws/install/anvrit_gazebo/share/anvrit_gazebo//models/aws_robomaker_warehouse_Bucket_01/model.config
[1.486s] -- Symlinking: /home/sudhanshu/anvrit_ws/install/anvrit_gazebo/share/anvrit_gazebo//models/aws_robomaker_warehouse_Bucket_01/model.sdf
[1.494s] -- Symlinking: /home/sudhanshu/anvrit_ws/install/anvrit_gazebo/share/anvrit_gazebo//models/aws_robomaker_warehouse_ClutteringA_01/.DS_Store
[1.502s] -- Symlinking: /home/sudhanshu/anvrit_ws/install/anvrit_gazebo/share/anvrit_gazebo//models/aws_robomaker_warehouse_ClutteringA_01/materials/.DS_Store
[1.510s] -- Symlinking: /home/sudhanshu/anvrit_ws/install/anvrit_gazebo/share/anvrit_gazebo//models/aws_robomaker_warehouse_ClutteringA_01/materials/textures/.DS_Store
[1.518s] -- Symlinking: /home/sudhanshu/anvrit_ws/install/anvrit_gazebo/share/anvrit_gazebo//models/aws_robomaker_warehouse_ClutteringA_01/materials/textures/aws_robomaker_warehouse_ClutteringA_01.png
[1.527s] -- Symlinking: /home/sudhanshu/anvrit_ws/install/anvrit_gazebo/share/anvrit_gazebo//models/aws_robomaker_warehouse_ClutteringA_01/materials/textures/aws_robomaker_warehouse_ClutteringA_02.png
[1.535s] -- Symlinking: /home/sudhanshu/anvrit_ws/install/anvrit_gazebo/share/anvrit_gazebo//models/aws_robomaker_warehouse_ClutteringA_01/materials/textures/aws_robomaker_warehouse_ClutteringA_03.png
[1.543s] -- Symlinking: /home/sudhanshu/anvrit_ws/install/anvrit_gazebo/share/anvrit_gazebo//models/aws_robomaker_warehouse_ClutteringA_01/meshes/aws_robomaker_warehouse_ClutteringA_01_collision.DAE
[1.552s] -- Symlinking: /home/sudhanshu/anvrit_ws/install/anvrit_gazebo/share/anvrit_gazebo//models/aws_robomaker_warehouse_ClutteringA_01/meshes/aws_robomaker_warehouse_ClutteringA_01_visual.DAE
[1.559s] -- Symlinking: /home/sudhanshu/anvrit_ws/install/anvrit_gazebo/share/anvrit_gazebo//models/aws_robomaker_warehouse_ClutteringA_01/model.config
[1.567s] -- Symlinking: /home/sudhanshu/anvrit_ws/install/anvrit_gazebo/share/anvrit_gazebo//models/aws_robomaker_warehouse_ClutteringA_01/model.sdf
[1.576s] -- Symlinking: /home/sudhanshu/anvrit_ws/install/anvrit_gazebo/share/anvrit_gazebo//models/aws_robomaker_warehouse_ClutteringC_01/materials/textures/aws_robomaker_warehouse_ClutteringC_01.png
[1.584s] -- Symlinking: /home/sudhanshu/anvrit_ws/install/anvrit_gazebo/share/anvrit_gazebo//models/aws_robomaker_warehouse_ClutteringC_01/materials/textures/aws_robomaker_warehouse_ClutteringC_02.png
[1.592s] -- Symlinking: /home/sudhanshu/anvrit_ws/install/anvrit_gazebo/share/anvrit_gazebo//models/aws_robomaker_warehouse_ClutteringC_01/meshes/aws_robomaker_warehouse_ClutteringC_01_collision.DAE
[1.600s] -- Symlinking: /home/sudhanshu/anvrit_ws/install/anvrit_gazebo/share/anvrit_gazebo//models/aws_robomaker_warehouse_ClutteringC_01/meshes/aws_robomaker_warehouse_ClutteringC_01_visual.DAE
[1.608s] -- Symlinking: /home/sudhanshu/anvrit_ws/install/anvrit_gazebo/share/anvrit_gazebo//models/aws_robomaker_warehouse_ClutteringC_01/model.config
[1.616s] -- Symlinking: /home/sudhanshu/anvrit_ws/install/anvrit_gazebo/share/anvrit_gazebo//models/aws_robomaker_warehouse_ClutteringC_01/model.sdf
[1.624s] -- Symlinking: /home/sudhanshu/anvrit_ws/install/anvrit_gazebo/share/anvrit_gazebo//models/aws_robomaker_warehouse_ClutteringD_01/materials/textures/aws_robomaker_warehouse_ClutteringD_01.png
[1.633s] -- Symlinking: /home/sudhanshu/anvrit_ws/install/anvrit_gazebo/share/anvrit_gazebo//models/aws_robomaker_warehouse_ClutteringD_01/materials/textures/aws_robomaker_warehouse_ClutteringD_02.png
[1.644s] -- Symlinking: /home/sudhanshu/anvrit_ws/install/anvrit_gazebo/share/anvrit_gazebo//models/aws_robomaker_warehouse_ClutteringD_01/meshes/aws_robomaker_warehouse_ClutteringD_01_collision.DAE
[1.649s] -- Symlinking: /home/sudhanshu/anvrit_ws/install/anvrit_gazebo/share/anvrit_gazebo//models/aws_robomaker_warehouse_ClutteringD_01/meshes/aws_robomaker_warehouse_ClutteringD_01_visual.DAE
[1.658s] -- Symlinking: /home/sudhanshu/anvrit_ws/install/anvrit_gazebo/share/anvrit_gazebo//models/aws_robomaker_warehouse_ClutteringD_01/model.config
[1.667s] -- Symlinking: /home/sudhanshu/anvrit_ws/install/anvrit_gazebo/share/anvrit_gazebo//models/aws_robomaker_warehouse_ClutteringD_01/model.sdf
[1.675s] -- Symlinking: /home/sudhanshu/anvrit_ws/install/anvrit_gazebo/share/anvrit_gazebo//models/aws_robomaker_warehouse_DeskC_01/materials/.DS_Store
[1.683s] -- Symlinking: /home/sudhanshu/anvrit_ws/install/anvrit_gazebo/share/anvrit_gazebo//models/aws_robomaker_warehouse_DeskC_01/materials/textures/aws_robomaker_warehouse_DeskC_01.png
[1.691s] -- Symlinking: /home/sudhanshu/anvrit_ws/install/anvrit_gazebo/share/anvrit_gazebo//models/aws_robomaker_warehouse_DeskC_01/materials/textures/aws_robomaker_warehouse_DeskC_02.png
[1.699s] -- Symlinking: /home/sudhanshu/anvrit_ws/install/anvrit_gazebo/share/anvrit_gazebo//models/aws_robomaker_warehouse_DeskC_01/materials/textures/aws_robomaker_warehouse_DeskC_03.png
[1.707s] -- Symlinking: /home/sudhanshu/anvrit_ws/install/anvrit_gazebo/share/anvrit_gazebo//models/aws_robomaker_warehouse_DeskC_01/materials/textures/aws_robomaker_warehouse_DeskC_03.psd
[1.715s] -- Symlinking: /home/sudhanshu/anvrit_ws/install/anvrit_gazebo/share/anvrit_gazebo//models/aws_robomaker_warehouse_DeskC_01/materials/textures/aws_robomaker_warehouse_DeskC_04.png
[1.723s] -- Symlinking: /home/sudhanshu/anvrit_ws/install/anvrit_gazebo/share/anvrit_gazebo//models/aws_robomaker_warehouse_DeskC_01/meshes/aws_robomaker_warehouse_DeskC_01_collision.DAE
[1.732s] -- Symlinking: /home/sudhanshu/anvrit_ws/install/anvrit_gazebo/share/anvrit_gazebo//models/aws_robomaker_warehouse_DeskC_01/meshes/aws_robomaker_warehouse_DeskC_01_visual.DAE
[1.740s] -- Symlinking: /home/sudhanshu/anvrit_ws/install/anvrit_gazebo/share/anvrit_gazebo//models/aws_robomaker_warehouse_DeskC_01/model.config
[1.749s] -- Symlinking: /home/sudhanshu/anvrit_ws/install/anvrit_gazebo/share/anvrit_gazebo//models/aws_robomaker_warehouse_DeskC_01/model.sdf
[1.757s] -- Symlinking: /home/sudhanshu/anvrit_ws/install/anvrit_gazebo/share/anvrit_gazebo//models/aws_robomaker_warehouse_GroundB_01/materials/textures/aws_robomaker_warehouse_GroundB_01.png
[1.765s] -- Symlinking: /home/sudhanshu/anvrit_ws/install/anvrit_gazebo/share/anvrit_gazebo//models/aws_robomaker_warehouse_GroundB_01/materials/textures/aws_robomaker_warehouse_GroundB_02.png
[1.773s] -- Symlinking: /home/sudhanshu/anvrit_ws/install/anvrit_gazebo/share/anvrit_gazebo//models/aws_robomaker_warehouse_GroundB_01/meshes/aws_robomaker_warehouse_GroundB_01_collision.DAE
[1.781s] -- Symlinking: /home/sudhanshu/anvrit_ws/install/anvrit_gazebo/share/anvrit_gazebo//models/aws_robomaker_warehouse_GroundB_01/meshes/aws_robomaker_warehouse_GroundB_01_visual.DAE
[1.789s] -- Symlinking: /home/sudhanshu/anvrit_ws/install/anvrit_gazebo/share/anvrit_gazebo//models/aws_robomaker_warehouse_GroundB_01/model.config
[1.797s] -- Symlinking: /home/sudhanshu/anvrit_ws/install/anvrit_gazebo/share/anvrit_gazebo//models/aws_robomaker_warehouse_GroundB_01/model.sdf
[1.806s] -- Symlinking: /home/sudhanshu/anvrit_ws/install/anvrit_gazebo/share/anvrit_gazebo//models/aws_robomaker_warehouse_Lamp_01/materials/textures/aws_robomaker_warehouse_Lamp_01.png
[1.814s] -- Symlinking: /home/sudhanshu/anvrit_ws/install/anvrit_gazebo/share/anvrit_gazebo//models/aws_robomaker_warehouse_Lamp_01/meshes/aws_robomaker_warehouse_Lamp_01_collision.DAE
[1.823s] -- Symlinking: /home/sudhanshu/anvrit_ws/install/anvrit_gazebo/share/anvrit_gazebo//models/aws_robomaker_warehouse_Lamp_01/meshes/aws_robomaker_warehouse_Lamp_01_visual.DAE
[1.831s] -- Symlinking: /home/sudhanshu/anvrit_ws/install/anvrit_gazebo/share/anvrit_gazebo//models/aws_robomaker_warehouse_Lamp_01/model.config
[1.839s] -- Symlinking: /home/sudhanshu/anvrit_ws/install/anvrit_gazebo/share/anvrit_gazebo//models/aws_robomaker_warehouse_Lamp_01/model.sdf
[1.848s] -- Symlinking: /home/sudhanshu/anvrit_ws/install/anvrit_gazebo/share/anvrit_gazebo//models/aws_robomaker_warehouse_PalletJackB_01/.DS_Store
[1.856s] -- Symlinking: /home/sudhanshu/anvrit_ws/install/anvrit_gazebo/share/anvrit_gazebo//models/aws_robomaker_warehouse_PalletJackB_01/materials/.DS_Store
[1.864s] -- Symlinking: /home/sudhanshu/anvrit_ws/install/anvrit_gazebo/share/anvrit_gazebo//models/aws_robomaker_warehouse_PalletJackB_01/materials/textures/aws_robomaker_warehouse_PalletJackB_01.png
[1.872s] -- Symlinking: /home/sudhanshu/anvrit_ws/install/anvrit_gazebo/share/anvrit_gazebo//models/aws_robomaker_warehouse_PalletJackB_01/materials/textures/aws_robomaker_warehouse_PalletJackB_02.png
[1.880s] -- Symlinking: /home/sudhanshu/anvrit_ws/install/anvrit_gazebo/share/anvrit_gazebo//models/aws_robomaker_warehouse_PalletJackB_01/meshes/aws_robomaker_warehouse_PalletJackB_01_collision.DAE
[1.888s] -- Symlinking: /home/sudhanshu/anvrit_ws/install/anvrit_gazebo/share/anvrit_gazebo//models/aws_robomaker_warehouse_PalletJackB_01/meshes/aws_robomaker_warehouse_PalletJackB_01_visual.DAE
[1.897s] -- Symlinking: /home/sudhanshu/anvrit_ws/install/anvrit_gazebo/share/anvrit_gazebo//models/aws_robomaker_warehouse_PalletJackB_01/model.config
[1.905s] -- Symlinking: /home/sudhanshu/anvrit_ws/install/anvrit_gazebo/share/anvrit_gazebo//models/aws_robomaker_warehouse_PalletJackB_01/model.sdf
[1.913s] -- Symlinking: /home/sudhanshu/anvrit_ws/install/anvrit_gazebo/share/anvrit_gazebo//models/aws_robomaker_warehouse_RoofB_01/materials/textures/aws_robomaker_warehouse_RoofB_01.png
[1.921s] -- Symlinking: /home/sudhanshu/anvrit_ws/install/anvrit_gazebo/share/anvrit_gazebo//models/aws_robomaker_warehouse_RoofB_01/meshes/aws_robomaker_warehouse_RoofB_01_collision.DAE
[1.930s] -- Symlinking: /home/sudhanshu/anvrit_ws/install/anvrit_gazebo/share/anvrit_gazebo//models/aws_robomaker_warehouse_RoofB_01/meshes/aws_robomaker_warehouse_RoofB_01_visual.DAE
[1.938s] -- Symlinking: /home/sudhanshu/anvrit_ws/install/anvrit_gazebo/share/anvrit_gazebo//models/aws_robomaker_warehouse_RoofB_01/model.config
[1.946s] -- Symlinking: /home/sudhanshu/anvrit_ws/install/anvrit_gazebo/share/anvrit_gazebo//models/aws_robomaker_warehouse_RoofB_01/model.sdf
[1.954s] -- Symlinking: /home/sudhanshu/anvrit_ws/install/anvrit_gazebo/share/anvrit_gazebo//models/aws_robomaker_warehouse_ShelfD_01/materials/textures/aws_robomaker_warehouse_ShelfD_01.png
[1.962s] -- Symlinking: /home/sudhanshu/anvrit_ws/install/anvrit_gazebo/share/anvrit_gazebo//models/aws_robomaker_warehouse_ShelfD_01/materials/textures/aws_robomaker_warehouse_ShelfD_02.png
[1.970s] -- Symlinking: /home/sudhanshu/anvrit_ws/install/anvrit_gazebo/share/anvrit_gazebo//models/aws_robomaker_warehouse_ShelfD_01/materials/textures/aws_robomaker_warehouse_ShelfD_03.png
[1.978s] -- Symlinking: /home/sudhanshu/anvrit_ws/install/anvrit_gazebo/share/anvrit_gazebo//models/aws_robomaker_warehouse_ShelfD_01/materials/textures/aws_robomaker_warehouse_ShelfD_04.png
[1.986s] -- Symlinking: /home/sudhanshu/anvrit_ws/install/anvrit_gazebo/share/anvrit_gazebo//models/aws_robomaker_warehouse_ShelfD_01/meshes/aws_robomaker_warehouse_ShelfD_01_collision.DAE
[1.994s] -- Symlinking: /home/sudhanshu/anvrit_ws/install/anvrit_gazebo/share/anvrit_gazebo//models/aws_robomaker_warehouse_ShelfD_01/meshes/aws_robomaker_warehouse_ShelfD_01_visual.DAE
[2.003s] -- Symlinking: /home/sudhanshu/anvrit_ws/install/anvrit_gazebo/share/anvrit_gazebo//models/aws_robomaker_warehouse_ShelfD_01/model.config
[2.011s] -- Symlinking: /home/sudhanshu/anvrit_ws/install/anvrit_gazebo/share/anvrit_gazebo//models/aws_robomaker_warehouse_ShelfD_01/model.sdf
[2.019s] -- Symlinking: /home/sudhanshu/anvrit_ws/install/anvrit_gazebo/share/anvrit_gazebo//models/aws_robomaker_warehouse_ShelfE_01/.DS_Store
[2.028s] -- Symlinking: /home/sudhanshu/anvrit_ws/install/anvrit_gazebo/share/anvrit_gazebo//models/aws_robomaker_warehouse_ShelfE_01/materials/.DS_Store
[2.037s] -- Symlinking: /home/sudhanshu/anvrit_ws/install/anvrit_gazebo/share/anvrit_gazebo//models/aws_robomaker_warehouse_ShelfE_01/materials/textures/aws_robomaker_warehouse_ShelfE_01.png
[2.045s] -- Symlinking: /home/sudhanshu/anvrit_ws/install/anvrit_gazebo/share/anvrit_gazebo//models/aws_robomaker_warehouse_ShelfE_01/materials/textures/aws_robomaker_warehouse_ShelfE_02.png
[2.053s] -- Symlinking: /home/sudhanshu/anvrit_ws/install/anvrit_gazebo/share/anvrit_gazebo//models/aws_robomaker_warehouse_ShelfE_01/materials/textures/aws_robomaker_warehouse_ShelfE_03.png
[2.061s] -- Symlinking: /home/sudhanshu/anvrit_ws/install/anvrit_gazebo/share/anvrit_gazebo//models/aws_robomaker_warehouse_ShelfE_01/materials/textures/aws_robomaker_warehouse_ShelfE_04.png
[2.069s] -- Symlinking: /home/sudhanshu/anvrit_ws/install/anvrit_gazebo/share/anvrit_gazebo//models/aws_robomaker_warehouse_ShelfE_01/meshes/aws_robomaker_warehouse_ShelfE_01_collision.DAE
[2.077s] -- Symlinking: /home/sudhanshu/anvrit_ws/install/anvrit_gazebo/share/anvrit_gazebo//models/aws_robomaker_warehouse_ShelfE_01/meshes/aws_robomaker_warehouse_ShelfE_01_visual.DAE
[2.085s] -- Symlinking: /home/sudhanshu/anvrit_ws/install/anvrit_gazebo/share/anvrit_gazebo//models/aws_robomaker_warehouse_ShelfE_01/model.config
[2.093s] -- Symlinking: /home/sudhanshu/anvrit_ws/install/anvrit_gazebo/share/anvrit_gazebo//models/aws_robomaker_warehouse_ShelfE_01/model.sdf
[2.102s] -- Symlinking: /home/sudhanshu/anvrit_ws/install/anvrit_gazebo/share/anvrit_gazebo//models/aws_robomaker_warehouse_ShelfF_01/materials/textures/aws_robomaker_warehouse_ShelfF_01.png
[2.110s] -- Symlinking: /home/sudhanshu/anvrit_ws/install/anvrit_gazebo/share/anvrit_gazebo//models/aws_robomaker_warehouse_ShelfF_01/materials/textures/aws_robomaker_warehouse_ShelfF_02.png
[2.118s] -- Symlinking: /home/sudhanshu/anvrit_ws/install/anvrit_gazebo/share/anvrit_gazebo//models/aws_robomaker_warehouse_ShelfF_01/materials/textures/aws_robomaker_warehouse_ShelfF_03.png
[2.126s] -- Symlinking: /home/sudhanshu/anvrit_ws/install/anvrit_gazebo/share/anvrit_gazebo//models/aws_robomaker_warehouse_ShelfF_01/meshes/aws_robomaker_warehouse_ShelfF_01_collision.DAE
[2.134s] -- Symlinking: /home/sudhanshu/anvrit_ws/install/anvrit_gazebo/share/anvrit_gazebo//models/aws_robomaker_warehouse_ShelfF_01/meshes/aws_robomaker_warehouse_ShelfF_01_visual.DAE
[2.143s] -- Symlinking: /home/sudhanshu/anvrit_ws/install/anvrit_gazebo/share/anvrit_gazebo//models/aws_robomaker_warehouse_ShelfF_01/model.config
[2.151s] -- Symlinking: /home/sudhanshu/anvrit_ws/install/anvrit_gazebo/share/anvrit_gazebo//models/aws_robomaker_warehouse_ShelfF_01/model.sdf
[2.159s] -- Symlinking: /home/sudhanshu/anvrit_ws/install/anvrit_gazebo/share/anvrit_gazebo//models/aws_robomaker_warehouse_TrashCanC_01/materials/textures/aws_robomaker_warehouse_TrashCanC_01.png
[2.167s] -- Symlinking: /home/sudhanshu/anvrit_ws/install/anvrit_gazebo/share/anvrit_gazebo//models/aws_robomaker_warehouse_TrashCanC_01/meshes/aws_robomaker_warehouse_TrashCanC_01_collision.DAE
[2.176s] -- Symlinking: /home/sudhanshu/anvrit_ws/install/anvrit_gazebo/share/anvrit_gazebo//models/aws_robomaker_warehouse_TrashCanC_01/meshes/aws_robomaker_warehouse_TrashCanC_01_visual.DAE
[2.183s] -- Symlinking: /home/sudhanshu/anvrit_ws/install/anvrit_gazebo/share/anvrit_gazebo//models/aws_robomaker_warehouse_TrashCanC_01/model.config
[2.192s] -- Symlinking: /home/sudhanshu/anvrit_ws/install/anvrit_gazebo/share/anvrit_gazebo//models/aws_robomaker_warehouse_TrashCanC_01/model.sdf
[2.200s] -- Symlinking: /home/sudhanshu/anvrit_ws/install/anvrit_gazebo/share/anvrit_gazebo//models/aws_robomaker_warehouse_WallB_01/materials/textures/aws_robomaker_warehouse_WallB_01.png
[2.208s] -- Symlinking: /home/sudhanshu/anvrit_ws/install/anvrit_gazebo/share/anvrit_gazebo//models/aws_robomaker_warehouse_WallB_01/meshes/aws_robomaker_warehouse_WallB_01_collision.DAE
[2.216s] -- Symlinking: /home/sudhanshu/anvrit_ws/install/anvrit_gazebo/share/anvrit_gazebo//models/aws_robomaker_warehouse_WallB_01/meshes/aws_robomaker_warehouse_WallB_01_visual.DAE
[2.225s] -- Symlinking: /home/sudhanshu/anvrit_ws/install/anvrit_gazebo/share/anvrit_gazebo//models/aws_robomaker_warehouse_WallB_01/model.config
[2.233s] -- Symlinking: /home/sudhanshu/anvrit_ws/install/anvrit_gazebo/share/anvrit_gazebo//models/aws_robomaker_warehouse_WallB_01/model.sdf
[2.242s] -- Symlinking: /home/sudhanshu/anvrit_ws/install/anvrit_gazebo/share/ament_index/resource_index/package_run_dependencies/anvrit_gazebo
[2.250s] -- Symlinking: /home/sudhanshu/anvrit_ws/install/anvrit_gazebo/share/ament_index/resource_index/parent_prefix_path/anvrit_gazebo
[2.258s] -- Symlinking: /home/sudhanshu/anvrit_ws/install/anvrit_gazebo/share/anvrit_gazebo/environment/ament_prefix_path.sh
[2.266s] -- Symlinking: /home/sudhanshu/anvrit_ws/install/anvrit_gazebo/share/anvrit_gazebo/environment/ament_prefix_path.dsv
[2.274s] -- Symlinking: /home/sudhanshu/anvrit_ws/install/anvrit_gazebo/share/anvrit_gazebo/environment/path.sh
[2.283s] -- Symlinking: /home/sudhanshu/anvrit_ws/install/anvrit_gazebo/share/anvrit_gazebo/environment/path.dsv
[2.291s] -- Symlinking: /home/sudhanshu/anvrit_ws/install/anvrit_gazebo/share/anvrit_gazebo/local_setup.bash
[2.299s] -- Symlinking: /home/sudhanshu/anvrit_ws/install/anvrit_gazebo/share/anvrit_gazebo/local_setup.sh
[2.307s] -- Symlinking: /home/sudhanshu/anvrit_ws/install/anvrit_gazebo/share/anvrit_gazebo/local_setup.zsh
[2.315s] -- Symlinking: /home/sudhanshu/anvrit_ws/install/anvrit_gazebo/share/anvrit_gazebo/local_setup.dsv
[2.323s] -- Symlinking: /home/sudhanshu/anvrit_ws/install/anvrit_gazebo/share/anvrit_gazebo/package.dsv
[2.332s] -- Symlinking: /home/sudhanshu/anvrit_ws/install/anvrit_gazebo/share/ament_index/resource_index/packages/anvrit_gazebo
[2.340s] -- Symlinking: /home/sudhanshu/anvrit_ws/install/anvrit_gazebo/share/anvrit_gazebo/cmake/anvrit_gazeboConfig.cmake
[2.349s] -- Symlinking: /home/sudhanshu/anvrit_ws/install/anvrit_gazebo/share/anvrit_gazebo/cmake/anvrit_gazeboConfig-version.cmake
[2.357s] -- Symlinking: /home/sudhanshu/anvrit_ws/install/anvrit_gazebo/share/anvrit_gazebo/package.xml
[2.367s] Invoked command in '/home/sudhanshu/anvrit_ws/build/anvrit_gazebo' returned '0': CMAKE_PREFIX_PATH=${CMAKE_PREFIX_PATH}:/home/sudhanshu/ros2_ws/install/my_robot_controller:/home/sudhanshu/ros2_ws/install/find_factorial:/home/sudhanshu/ros2_ws/install/bot_control:/home/sudhanshu/ros2_ws/install/anvrit_navigation:/home/sudhanshu/ros2_ws/install/anvrit_gazebo:/home/sudhanshu/cyborg_ws/install/anvrit_navigation:/opt/ros/humble /usr/bin/cmake --install /home/sudhanshu/anvrit_ws/build/anvrit_gazebo
