[0.311s] DEBUG:colcon:Command line arguments: ['/usr/bin/colcon', 'build', '--symlink-install']
[0.311s] DEBUG:colcon:Parsed command line arguments: Namespace(log_base=None, log_level=None, verb_name='build', build_base='build', install_base='install', merge_install=False, symlink_install=True, test_result_base=None, continue_on_error=False, executor='parallel', parallel_workers=12, event_handlers=None, ignore_user_meta=False, metas=['./colcon.meta'], base_paths=['.'], packages_ignore=None, packages_ignore_regex=None, paths=None, packages_up_to=None, packages_up_to_regex=None, packages_above=None, packages_above_and_dependencies=None, packages_above_depth=None, packages_select_by_dep=None, packages_skip_by_dep=None, packages_skip_up_to=None, packages_select_build_failed=False, packages_skip_build_finished=False, packages_select_test_failures=False, packages_skip_test_passed=False, packages_select=None, packages_skip=None, packages_select_regex=None, packages_skip_regex=None, packages_start=None, packages_end=None, allow_overriding=[], cmake_args=None, cmake_target=None, cmake_target_skip_unavailable=False, cmake_clean_cache=False, cmake_clean_first=False, cmake_force_configure=False, ament_cmake_args=None, catkin_cmake_args=None, catkin_skip_building_tests=False, mixin_files=None, mixin=None, verb_parser=<colcon_mixin.mixin.mixin_argument.MixinArgumentDecorator object at 0x745095c79d50>, verb_extension=<colcon_core.verb.build.BuildVerb object at 0x745095c79330>, main=<bound method BuildVerb.main of <colcon_core.verb.build.BuildVerb object at 0x745095c79330>>, mixin_verb=('build',))
[0.853s] Level 1:colcon.colcon_core.package_discovery:discover_packages(colcon_meta) check parameters
[0.854s] Level 1:colcon.colcon_core.package_discovery:discover_packages(recursive) check parameters
[0.854s] Level 1:colcon.colcon_core.package_discovery:discover_packages(ignore) check parameters
[0.854s] Level 1:colcon.colcon_core.package_discovery:discover_packages(path) check parameters
[0.854s] Level 1:colcon.colcon_core.package_discovery:discover_packages(colcon_meta) discover
[0.854s] Level 1:colcon.colcon_core.package_discovery:discover_packages(recursive) discover
[0.854s] INFO:colcon.colcon_core.package_discovery:Crawling recursively for packages in '/home/sudhanshu/anvrit_ws'
[0.855s] Level 1:colcon.colcon_core.package_identification:_identify(.) by extensions ['ignore', 'ignore_ament_install']
[0.855s] Level 1:colcon.colcon_core.package_identification:_identify(.) by extension 'ignore'
[0.855s] Level 1:colcon.colcon_core.package_identification:_identify(.) by extension 'ignore_ament_install'
[0.855s] Level 1:colcon.colcon_core.package_identification:_identify(.) by extensions ['colcon_pkg']
[0.855s] Level 1:colcon.colcon_core.package_identification:_identify(.) by extension 'colcon_pkg'
[0.855s] Level 1:colcon.colcon_core.package_identification:_identify(.) by extensions ['colcon_meta']
[0.856s] Level 1:colcon.colcon_core.package_identification:_identify(.) by extension 'colcon_meta'
[0.856s] Level 1:colcon.colcon_core.package_identification:_identify(.) by extensions ['ros']
[0.856s] Level 1:colcon.colcon_core.package_identification:_identify(.) by extension 'ros'
[0.887s] Level 1:colcon.colcon_core.package_identification:_identify(.) by extensions ['cmake', 'python']
[0.887s] Level 1:colcon.colcon_core.package_identification:_identify(.) by extension 'cmake'
[0.888s] Level 1:colcon.colcon_core.package_identification:_identify(.) by extension 'python'
[0.888s] Level 1:colcon.colcon_core.package_identification:_identify(.) by extensions ['python_setup_py']
[0.888s] Level 1:colcon.colcon_core.package_identification:_identify(.) by extension 'python_setup_py'
[0.888s] Level 1:colcon.colcon_core.package_identification:_identify(build) by extensions ['ignore', 'ignore_ament_install']
[0.889s] Level 1:colcon.colcon_core.package_identification:_identify(build) by extension 'ignore'
[0.889s] Level 1:colcon.colcon_core.package_identification:_identify(build) ignored
[0.889s] Level 1:colcon.colcon_core.package_identification:_identify(install) by extensions ['ignore', 'ignore_ament_install']
[0.890s] Level 1:colcon.colcon_core.package_identification:_identify(install) by extension 'ignore'
[0.890s] Level 1:colcon.colcon_core.package_identification:_identify(install) ignored
[0.890s] Level 1:colcon.colcon_core.package_identification:_identify(log) by extensions ['ignore', 'ignore_ament_install']
[0.890s] Level 1:colcon.colcon_core.package_identification:_identify(log) by extension 'ignore'
[0.890s] Level 1:colcon.colcon_core.package_identification:_identify(log) ignored
[0.891s] Level 1:colcon.colcon_core.package_identification:_identify(src) by extensions ['ignore', 'ignore_ament_install']
[0.891s] Level 1:colcon.colcon_core.package_identification:_identify(src) by extension 'ignore'
[0.891s] Level 1:colcon.colcon_core.package_identification:_identify(src) by extension 'ignore_ament_install'
[0.891s] Level 1:colcon.colcon_core.package_identification:_identify(src) by extensions ['colcon_pkg']
[0.891s] Level 1:colcon.colcon_core.package_identification:_identify(src) by extension 'colcon_pkg'
[0.891s] Level 1:colcon.colcon_core.package_identification:_identify(src) by extensions ['colcon_meta']
[0.892s] Level 1:colcon.colcon_core.package_identification:_identify(src) by extension 'colcon_meta'
[0.892s] Level 1:colcon.colcon_core.package_identification:_identify(src) by extensions ['ros']
[0.892s] Level 1:colcon.colcon_core.package_identification:_identify(src) by extension 'ros'
[0.892s] Level 1:colcon.colcon_core.package_identification:_identify(src) by extensions ['cmake', 'python']
[0.892s] Level 1:colcon.colcon_core.package_identification:_identify(src) by extension 'cmake'
[0.892s] Level 1:colcon.colcon_core.package_identification:_identify(src) by extension 'python'
[0.892s] Level 1:colcon.colcon_core.package_identification:_identify(src) by extensions ['python_setup_py']
[0.892s] Level 1:colcon.colcon_core.package_identification:_identify(src) by extension 'python_setup_py'
[0.893s] Level 1:colcon.colcon_core.package_identification:_identify(src/anvrit_description) by extensions ['ignore', 'ignore_ament_install']
[0.893s] Level 1:colcon.colcon_core.package_identification:_identify(src/anvrit_description) by extension 'ignore'
[0.893s] Level 1:colcon.colcon_core.package_identification:_identify(src/anvrit_description) by extension 'ignore_ament_install'
[0.893s] Level 1:colcon.colcon_core.package_identification:_identify(src/anvrit_description) by extensions ['colcon_pkg']
[0.893s] Level 1:colcon.colcon_core.package_identification:_identify(src/anvrit_description) by extension 'colcon_pkg'
[0.894s] Level 1:colcon.colcon_core.package_identification:_identify(src/anvrit_description) by extensions ['colcon_meta']
[0.894s] Level 1:colcon.colcon_core.package_identification:_identify(src/anvrit_description) by extension 'colcon_meta'
[0.894s] Level 1:colcon.colcon_core.package_identification:_identify(src/anvrit_description) by extensions ['ros']
[0.894s] Level 1:colcon.colcon_core.package_identification:_identify(src/anvrit_description) by extension 'ros'
[0.902s] DEBUG:colcon.colcon_core.package_identification:Package 'src/anvrit_description' with type 'ros.ament_cmake' and name 'anvrit_description'
[0.902s] Level 1:colcon.colcon_core.package_identification:_identify(src/anvrit_gazebo) by extensions ['ignore', 'ignore_ament_install']
[0.903s] Level 1:colcon.colcon_core.package_identification:_identify(src/anvrit_gazebo) by extension 'ignore'
[0.903s] Level 1:colcon.colcon_core.package_identification:_identify(src/anvrit_gazebo) by extension 'ignore_ament_install'
[0.903s] Level 1:colcon.colcon_core.package_identification:_identify(src/anvrit_gazebo) by extensions ['colcon_pkg']
[0.903s] Level 1:colcon.colcon_core.package_identification:_identify(src/anvrit_gazebo) by extension 'colcon_pkg'
[0.903s] Level 1:colcon.colcon_core.package_identification:_identify(src/anvrit_gazebo) by extensions ['colcon_meta']
[0.903s] Level 1:colcon.colcon_core.package_identification:_identify(src/anvrit_gazebo) by extension 'colcon_meta'
[0.904s] Level 1:colcon.colcon_core.package_identification:_identify(src/anvrit_gazebo) by extensions ['ros']
[0.904s] Level 1:colcon.colcon_core.package_identification:_identify(src/anvrit_gazebo) by extension 'ros'
[0.906s] DEBUG:colcon.colcon_core.package_identification:Package 'src/anvrit_gazebo' with type 'ros.ament_cmake' and name 'anvrit_gazebo'
[0.906s] Level 1:colcon.colcon_core.package_identification:_identify(src/anvrit_navigation) by extensions ['ignore', 'ignore_ament_install']
[0.906s] Level 1:colcon.colcon_core.package_identification:_identify(src/anvrit_navigation) by extension 'ignore'
[0.906s] Level 1:colcon.colcon_core.package_identification:_identify(src/anvrit_navigation) by extension 'ignore_ament_install'
[0.907s] Level 1:colcon.colcon_core.package_identification:_identify(src/anvrit_navigation) by extensions ['colcon_pkg']
[0.907s] Level 1:colcon.colcon_core.package_identification:_identify(src/anvrit_navigation) by extension 'colcon_pkg'
[0.907s] Level 1:colcon.colcon_core.package_identification:_identify(src/anvrit_navigation) by extensions ['colcon_meta']
[0.907s] Level 1:colcon.colcon_core.package_identification:_identify(src/anvrit_navigation) by extension 'colcon_meta'
[0.907s] Level 1:colcon.colcon_core.package_identification:_identify(src/anvrit_navigation) by extensions ['ros']
[0.907s] Level 1:colcon.colcon_core.package_identification:_identify(src/anvrit_navigation) by extension 'ros'
[0.909s] DEBUG:colcon.colcon_core.package_identification:Package 'src/anvrit_navigation' with type 'ros.ament_python' and name 'anvrit_navigation'
[0.909s] Level 1:colcon.colcon_core.package_discovery:discover_packages(recursive) using defaults
[0.909s] Level 1:colcon.colcon_core.package_discovery:discover_packages(ignore) discover
[0.909s] Level 1:colcon.colcon_core.package_discovery:discover_packages(ignore) using defaults
[0.909s] Level 1:colcon.colcon_core.package_discovery:discover_packages(path) discover
[0.909s] Level 1:colcon.colcon_core.package_discovery:discover_packages(path) using defaults
[0.983s] Level 1:colcon.colcon_core.package_discovery:discover_packages(prefix_path) check parameters
[0.984s] Level 1:colcon.colcon_core.package_discovery:discover_packages(prefix_path) discover
[0.993s] DEBUG:colcon.colcon_installed_package_information.package_discovery:Found 3 installed packages in /home/sudhanshu/cyborg_ws/install
[0.995s] DEBUG:colcon.colcon_installed_package_information.package_discovery:Found 1 installed packages in /home/sudhanshu/dev_ws/install
[0.997s] DEBUG:colcon.colcon_installed_package_information.package_discovery:Found 10 installed packages in /home/sudhanshu/ros2_ws/install
[1.000s] DEBUG:colcon.colcon_installed_package_information.package_discovery:Found 3 installed packages in /home/sudhanshu/anvrit_ws/install
[1.006s] DEBUG:colcon.colcon_installed_package_information.package_discovery:Found 386 installed packages in /opt/ros/humble
[1.062s] Level 1:colcon.colcon_core.package_discovery:discover_packages(prefix_path) using defaults
[1.208s] Level 5:colcon.colcon_core.verb:set package 'anvrit_description' build argument 'cmake_args' from command line to 'None'
[1.208s] Level 5:colcon.colcon_core.verb:set package 'anvrit_description' build argument 'cmake_target' from command line to 'None'
[1.208s] Level 5:colcon.colcon_core.verb:set package 'anvrit_description' build argument 'cmake_target_skip_unavailable' from command line to 'False'
[1.208s] Level 5:colcon.colcon_core.verb:set package 'anvrit_description' build argument 'cmake_clean_cache' from command line to 'False'
[1.208s] Level 5:colcon.colcon_core.verb:set package 'anvrit_description' build argument 'cmake_clean_first' from command line to 'False'
[1.208s] Level 5:colcon.colcon_core.verb:set package 'anvrit_description' build argument 'cmake_force_configure' from command line to 'False'
[1.208s] Level 5:colcon.colcon_core.verb:set package 'anvrit_description' build argument 'ament_cmake_args' from command line to 'None'
[1.208s] Level 5:colcon.colcon_core.verb:set package 'anvrit_description' build argument 'catkin_cmake_args' from command line to 'None'
[1.209s] Level 5:colcon.colcon_core.verb:set package 'anvrit_description' build argument 'catkin_skip_building_tests' from command line to 'False'
[1.209s] DEBUG:colcon.colcon_core.verb:Building package 'anvrit_description' with the following arguments: {'ament_cmake_args': None, 'build_base': '/home/sudhanshu/anvrit_ws/build/anvrit_description', 'catkin_cmake_args': None, 'catkin_skip_building_tests': False, 'cmake_args': None, 'cmake_clean_cache': False, 'cmake_clean_first': False, 'cmake_force_configure': False, 'cmake_target': None, 'cmake_target_skip_unavailable': False, 'install_base': '/home/sudhanshu/anvrit_ws/install/anvrit_description', 'merge_install': False, 'path': '/home/sudhanshu/anvrit_ws/src/anvrit_description', 'symlink_install': True, 'test_result_base': None}
[1.210s] Level 5:colcon.colcon_core.verb:set package 'anvrit_gazebo' build argument 'cmake_args' from command line to 'None'
[1.210s] Level 5:colcon.colcon_core.verb:set package 'anvrit_gazebo' build argument 'cmake_target' from command line to 'None'
[1.210s] Level 5:colcon.colcon_core.verb:set package 'anvrit_gazebo' build argument 'cmake_target_skip_unavailable' from command line to 'False'
[1.210s] Level 5:colcon.colcon_core.verb:set package 'anvrit_gazebo' build argument 'cmake_clean_cache' from command line to 'False'
[1.210s] Level 5:colcon.colcon_core.verb:set package 'anvrit_gazebo' build argument 'cmake_clean_first' from command line to 'False'
[1.210s] Level 5:colcon.colcon_core.verb:set package 'anvrit_gazebo' build argument 'cmake_force_configure' from command line to 'False'
[1.210s] Level 5:colcon.colcon_core.verb:set package 'anvrit_gazebo' build argument 'ament_cmake_args' from command line to 'None'
[1.210s] Level 5:colcon.colcon_core.verb:set package 'anvrit_gazebo' build argument 'catkin_cmake_args' from command line to 'None'
[1.210s] Level 5:colcon.colcon_core.verb:set package 'anvrit_gazebo' build argument 'catkin_skip_building_tests' from command line to 'False'
[1.210s] DEBUG:colcon.colcon_core.verb:Building package 'anvrit_gazebo' with the following arguments: {'ament_cmake_args': None, 'build_base': '/home/sudhanshu/anvrit_ws/build/anvrit_gazebo', 'catkin_cmake_args': None, 'catkin_skip_building_tests': False, 'cmake_args': None, 'cmake_clean_cache': False, 'cmake_clean_first': False, 'cmake_force_configure': False, 'cmake_target': None, 'cmake_target_skip_unavailable': False, 'install_base': '/home/sudhanshu/anvrit_ws/install/anvrit_gazebo', 'merge_install': False, 'path': '/home/sudhanshu/anvrit_ws/src/anvrit_gazebo', 'symlink_install': True, 'test_result_base': None}
[1.211s] Level 5:colcon.colcon_core.verb:set package 'anvrit_navigation' build argument 'cmake_args' from command line to 'None'
[1.211s] Level 5:colcon.colcon_core.verb:set package 'anvrit_navigation' build argument 'cmake_target' from command line to 'None'
[1.211s] Level 5:colcon.colcon_core.verb:set package 'anvrit_navigation' build argument 'cmake_target_skip_unavailable' from command line to 'False'
[1.212s] Level 5:colcon.colcon_core.verb:set package 'anvrit_navigation' build argument 'cmake_clean_cache' from command line to 'False'
[1.212s] Level 5:colcon.colcon_core.verb:set package 'anvrit_navigation' build argument 'cmake_clean_first' from command line to 'False'
[1.212s] Level 5:colcon.colcon_core.verb:set package 'anvrit_navigation' build argument 'cmake_force_configure' from command line to 'False'
[1.212s] Level 5:colcon.colcon_core.verb:set package 'anvrit_navigation' build argument 'ament_cmake_args' from command line to 'None'
[1.212s] Level 5:colcon.colcon_core.verb:set package 'anvrit_navigation' build argument 'catkin_cmake_args' from command line to 'None'
[1.212s] Level 5:colcon.colcon_core.verb:set package 'anvrit_navigation' build argument 'catkin_skip_building_tests' from command line to 'False'
[1.212s] DEBUG:colcon.colcon_core.verb:Building package 'anvrit_navigation' with the following arguments: {'ament_cmake_args': None, 'build_base': '/home/sudhanshu/anvrit_ws/build/anvrit_navigation', 'catkin_cmake_args': None, 'catkin_skip_building_tests': False, 'cmake_args': None, 'cmake_clean_cache': False, 'cmake_clean_first': False, 'cmake_force_configure': False, 'cmake_target': None, 'cmake_target_skip_unavailable': False, 'install_base': '/home/sudhanshu/anvrit_ws/install/anvrit_navigation', 'merge_install': False, 'path': '/home/sudhanshu/anvrit_ws/src/anvrit_navigation', 'symlink_install': True, 'test_result_base': None}
[1.212s] INFO:colcon.colcon_core.executor:Executing jobs using 'parallel' executor
[1.215s] DEBUG:colcon.colcon_parallel_executor.executor.parallel:run_until_complete
[1.216s] INFO:colcon.colcon_ros.task.ament_cmake.build:Building ROS package in '/home/sudhanshu/anvrit_ws/src/anvrit_description' with build type 'ament_cmake'
[1.216s] INFO:colcon.colcon_cmake.task.cmake.build:Building CMake package in '/home/sudhanshu/anvrit_ws/src/anvrit_description'
[1.222s] INFO:colcon.colcon_core.plugin_system:Skipping extension 'colcon_core.shell.bat': Not used on non-Windows systems
[1.223s] INFO:colcon.colcon_core.shell:Skip shell extension 'powershell' for command environment: Not usable outside of PowerShell
[1.223s] DEBUG:colcon.colcon_core.shell:Skip shell extension 'dsv' for command environment
[1.238s] INFO:colcon.colcon_ros.task.ament_cmake.build:Building ROS package in '/home/sudhanshu/anvrit_ws/src/anvrit_gazebo' with build type 'ament_cmake'
[1.238s] INFO:colcon.colcon_cmake.task.cmake.build:Building CMake package in '/home/sudhanshu/anvrit_ws/src/anvrit_gazebo'
[1.239s] INFO:colcon.colcon_core.shell:Skip shell extension 'powershell' for command environment: Not usable outside of PowerShell
[1.239s] DEBUG:colcon.colcon_core.shell:Skip shell extension 'dsv' for command environment
[1.254s] INFO:colcon.colcon_ros.task.ament_python.build:Building ROS package in '/home/sudhanshu/anvrit_ws/src/anvrit_navigation' with build type 'ament_python'
[1.254s] Level 1:colcon.colcon_core.shell:create_environment_hook('anvrit_navigation', 'ament_prefix_path')
[1.255s] INFO:colcon.colcon_core.shell:Creating environment hook '/home/sudhanshu/anvrit_ws/install/anvrit_navigation/share/anvrit_navigation/hook/ament_prefix_path.ps1'
[1.256s] INFO:colcon.colcon_core.shell:Creating environment descriptor '/home/sudhanshu/anvrit_ws/install/anvrit_navigation/share/anvrit_navigation/hook/ament_prefix_path.dsv'
[1.258s] INFO:colcon.colcon_core.shell:Creating environment hook '/home/sudhanshu/anvrit_ws/install/anvrit_navigation/share/anvrit_navigation/hook/ament_prefix_path.sh'
[1.259s] INFO:colcon.colcon_core.shell:Skip shell extension 'powershell' for command environment: Not usable outside of PowerShell
[1.259s] DEBUG:colcon.colcon_core.shell:Skip shell extension 'dsv' for command environment
[1.287s] DEBUG:colcon.colcon_core.event_handler.log_command:Invoking command in '/home/sudhanshu/anvrit_ws/build/anvrit_description': CMAKE_PREFIX_PATH=${CMAKE_PREFIX_PATH}:/home/sudhanshu/anvrit_ws/install/anvrit_navigation:/home/sudhanshu/ros2_ws/install/my_robot_controller:/home/sudhanshu/ros2_ws/install/find_factorial:/home/sudhanshu/ros2_ws/install/bot_control:/home/sudhanshu/ros2_ws/install/anvrit_navigation:/home/sudhanshu/ros2_ws/install/anvrit_gazebo:/home/sudhanshu/cyborg_ws/install/anvrit_navigation:/opt/ros/humble /usr/bin/cmake --build /home/sudhanshu/anvrit_ws/build/anvrit_description -- -j12 -l12
[1.302s] DEBUG:colcon.colcon_core.event_handler.log_command:Invoking command in '/home/sudhanshu/anvrit_ws/build/anvrit_gazebo': CMAKE_PREFIX_PATH=${CMAKE_PREFIX_PATH}:/home/sudhanshu/anvrit_ws/install/anvrit_navigation:/home/sudhanshu/ros2_ws/install/my_robot_controller:/home/sudhanshu/ros2_ws/install/find_factorial:/home/sudhanshu/ros2_ws/install/bot_control:/home/sudhanshu/ros2_ws/install/anvrit_navigation:/home/sudhanshu/ros2_ws/install/anvrit_gazebo:/home/sudhanshu/cyborg_ws/install/anvrit_navigation:/opt/ros/humble /usr/bin/cmake --build /home/sudhanshu/anvrit_ws/build/anvrit_gazebo -- -j12 -l12
[2.181s] INFO:colcon.colcon_core.task.python.build:Building Python package in '/home/sudhanshu/anvrit_ws/src/anvrit_navigation'
[2.182s] INFO:colcon.colcon_core.shell:Skip shell extension 'powershell' for command environment: Not usable outside of PowerShell
[2.183s] DEBUG:colcon.colcon_core.shell:Skip shell extension 'dsv' for command environment
[2.199s] DEBUG:colcon.colcon_core.event_handler.log_command:Invoked command in '/home/sudhanshu/anvrit_ws/build/anvrit_description' returned '0': CMAKE_PREFIX_PATH=${CMAKE_PREFIX_PATH}:/home/sudhanshu/anvrit_ws/install/anvrit_navigation:/home/sudhanshu/ros2_ws/install/my_robot_controller:/home/sudhanshu/ros2_ws/install/find_factorial:/home/sudhanshu/ros2_ws/install/bot_control:/home/sudhanshu/ros2_ws/install/anvrit_navigation:/home/sudhanshu/ros2_ws/install/anvrit_gazebo:/home/sudhanshu/cyborg_ws/install/anvrit_navigation:/opt/ros/humble /usr/bin/cmake --build /home/sudhanshu/anvrit_ws/build/anvrit_description -- -j12 -l12
[2.202s] DEBUG:colcon.colcon_core.event_handler.log_command:Invoked command in '/home/sudhanshu/anvrit_ws/build/anvrit_gazebo' returned '0': CMAKE_PREFIX_PATH=${CMAKE_PREFIX_PATH}:/home/sudhanshu/anvrit_ws/install/anvrit_navigation:/home/sudhanshu/ros2_ws/install/my_robot_controller:/home/sudhanshu/ros2_ws/install/find_factorial:/home/sudhanshu/ros2_ws/install/bot_control:/home/sudhanshu/ros2_ws/install/anvrit_navigation:/home/sudhanshu/ros2_ws/install/anvrit_gazebo:/home/sudhanshu/cyborg_ws/install/anvrit_navigation:/opt/ros/humble /usr/bin/cmake --build /home/sudhanshu/anvrit_ws/build/anvrit_gazebo -- -j12 -l12
[2.303s] DEBUG:colcon.colcon_core.event_handler.log_command:Invoking command in '/home/sudhanshu/anvrit_ws/build/anvrit_description': CMAKE_PREFIX_PATH=${CMAKE_PREFIX_PATH}:/home/sudhanshu/anvrit_ws/install/anvrit_navigation:/home/sudhanshu/ros2_ws/install/my_robot_controller:/home/sudhanshu/ros2_ws/install/find_factorial:/home/sudhanshu/ros2_ws/install/bot_control:/home/sudhanshu/ros2_ws/install/anvrit_navigation:/home/sudhanshu/ros2_ws/install/anvrit_gazebo:/home/sudhanshu/cyborg_ws/install/anvrit_navigation:/opt/ros/humble /usr/bin/cmake --install /home/sudhanshu/anvrit_ws/build/anvrit_description
[2.308s] DEBUG:colcon.colcon_core.event_handler.log_command:Invoking command in '/home/sudhanshu/anvrit_ws/build/anvrit_gazebo': CMAKE_PREFIX_PATH=${CMAKE_PREFIX_PATH}:/home/sudhanshu/anvrit_ws/install/anvrit_navigation:/home/sudhanshu/ros2_ws/install/my_robot_controller:/home/sudhanshu/ros2_ws/install/find_factorial:/home/sudhanshu/ros2_ws/install/bot_control:/home/sudhanshu/ros2_ws/install/anvrit_navigation:/home/sudhanshu/ros2_ws/install/anvrit_gazebo:/home/sudhanshu/cyborg_ws/install/anvrit_navigation:/opt/ros/humble /usr/bin/cmake --install /home/sudhanshu/anvrit_ws/build/anvrit_gazebo
[2.372s] Level 1:colcon.colcon_core.environment:create_environment_scripts_only(anvrit_description)
[2.375s] DEBUG:colcon.colcon_core.event_handler.log_command:Invoked command in '/home/sudhanshu/anvrit_ws/build/anvrit_description' returned '0': CMAKE_PREFIX_PATH=${CMAKE_PREFIX_PATH}:/home/sudhanshu/anvrit_ws/install/anvrit_navigation:/home/sudhanshu/ros2_ws/install/my_robot_controller:/home/sudhanshu/ros2_ws/install/find_factorial:/home/sudhanshu/ros2_ws/install/bot_control:/home/sudhanshu/ros2_ws/install/anvrit_navigation:/home/sudhanshu/ros2_ws/install/anvrit_gazebo:/home/sudhanshu/cyborg_ws/install/anvrit_navigation:/opt/ros/humble /usr/bin/cmake --install /home/sudhanshu/anvrit_ws/build/anvrit_description
[2.381s] Level 1:colcon.colcon_core.environment:checking '/home/sudhanshu/anvrit_ws/install/anvrit_description' for CMake module files
[2.382s] Level 1:colcon.colcon_core.environment:checking '/home/sudhanshu/anvrit_ws/install/anvrit_description' for CMake config files
[2.384s] Level 1:colcon.colcon_core.shell:create_environment_hook('anvrit_description', 'cmake_prefix_path')
[2.384s] INFO:colcon.colcon_core.shell:Creating environment hook '/home/sudhanshu/anvrit_ws/install/anvrit_description/share/anvrit_description/hook/cmake_prefix_path.ps1'
[2.385s] INFO:colcon.colcon_core.shell:Creating environment descriptor '/home/sudhanshu/anvrit_ws/install/anvrit_description/share/anvrit_description/hook/cmake_prefix_path.dsv'
[2.386s] INFO:colcon.colcon_core.shell:Creating environment hook '/home/sudhanshu/anvrit_ws/install/anvrit_description/share/anvrit_description/hook/cmake_prefix_path.sh'
[2.388s] Level 1:colcon.colcon_core.environment:checking '/home/sudhanshu/anvrit_ws/install/anvrit_description/bin'
[2.388s] Level 1:colcon.colcon_core.environment:checking '/home/sudhanshu/anvrit_ws/install/anvrit_description/lib/pkgconfig/anvrit_description.pc'
[2.389s] Level 1:colcon.colcon_core.environment:checking '/home/sudhanshu/anvrit_ws/install/anvrit_description/lib/python3.10/site-packages'
[2.389s] Level 1:colcon.colcon_core.environment:checking '/home/sudhanshu/anvrit_ws/install/anvrit_description/bin'
[2.390s] INFO:colcon.colcon_core.shell:Creating package script '/home/sudhanshu/anvrit_ws/install/anvrit_description/share/anvrit_description/package.ps1'
[2.391s] INFO:colcon.colcon_core.shell:Creating package descriptor '/home/sudhanshu/anvrit_ws/install/anvrit_description/share/anvrit_description/package.dsv'
[2.393s] INFO:colcon.colcon_core.shell:Creating package script '/home/sudhanshu/anvrit_ws/install/anvrit_description/share/anvrit_description/package.sh'
[2.394s] INFO:colcon.colcon_core.shell:Creating package script '/home/sudhanshu/anvrit_ws/install/anvrit_description/share/anvrit_description/package.bash'
[2.396s] INFO:colcon.colcon_core.shell:Creating package script '/home/sudhanshu/anvrit_ws/install/anvrit_description/share/anvrit_description/package.zsh'
[2.398s] Level 1:colcon.colcon_core.environment:create_file_with_runtime_dependencies(/home/sudhanshu/anvrit_ws/install/anvrit_description/share/colcon-core/packages/anvrit_description)
[2.411s] Level 1:colcon.colcon_core.environment:create_environment_scripts_only(anvrit_gazebo)
[2.412s] Level 1:colcon.colcon_core.environment:checking '/home/sudhanshu/anvrit_ws/install/anvrit_gazebo' for CMake module files
[2.413s] DEBUG:colcon.colcon_core.event_handler.log_command:Invoked command in '/home/sudhanshu/anvrit_ws/build/anvrit_gazebo' returned '0': CMAKE_PREFIX_PATH=${CMAKE_PREFIX_PATH}:/home/sudhanshu/anvrit_ws/install/anvrit_navigation:/home/sudhanshu/ros2_ws/install/my_robot_controller:/home/sudhanshu/ros2_ws/install/find_factorial:/home/sudhanshu/ros2_ws/install/bot_control:/home/sudhanshu/ros2_ws/install/anvrit_navigation:/home/sudhanshu/ros2_ws/install/anvrit_gazebo:/home/sudhanshu/cyborg_ws/install/anvrit_navigation:/opt/ros/humble /usr/bin/cmake --install /home/sudhanshu/anvrit_ws/build/anvrit_gazebo
[2.414s] Level 1:colcon.colcon_core.environment:checking '/home/sudhanshu/anvrit_ws/install/anvrit_gazebo' for CMake config files
[2.420s] Level 1:colcon.colcon_core.shell:create_environment_hook('anvrit_gazebo', 'cmake_prefix_path')
[2.421s] INFO:colcon.colcon_core.shell:Creating environment hook '/home/sudhanshu/anvrit_ws/install/anvrit_gazebo/share/anvrit_gazebo/hook/cmake_prefix_path.ps1'
[2.422s] INFO:colcon.colcon_core.shell:Creating environment descriptor '/home/sudhanshu/anvrit_ws/install/anvrit_gazebo/share/anvrit_gazebo/hook/cmake_prefix_path.dsv'
[2.423s] INFO:colcon.colcon_core.shell:Creating environment hook '/home/sudhanshu/anvrit_ws/install/anvrit_gazebo/share/anvrit_gazebo/hook/cmake_prefix_path.sh'
[2.424s] Level 1:colcon.colcon_core.environment:checking '/home/sudhanshu/anvrit_ws/install/anvrit_gazebo/lib'
[2.425s] Level 1:colcon.colcon_core.environment:checking '/home/sudhanshu/anvrit_ws/install/anvrit_gazebo/bin'
[2.425s] Level 1:colcon.colcon_core.environment:checking '/home/sudhanshu/anvrit_ws/install/anvrit_gazebo/lib/pkgconfig/anvrit_gazebo.pc'
[2.426s] Level 1:colcon.colcon_core.environment:checking '/home/sudhanshu/anvrit_ws/install/anvrit_gazebo/lib/python3.10/site-packages'
[2.427s] Level 1:colcon.colcon_core.environment:checking '/home/sudhanshu/anvrit_ws/install/anvrit_gazebo/bin'
[2.427s] INFO:colcon.colcon_core.shell:Creating package script '/home/sudhanshu/anvrit_ws/install/anvrit_gazebo/share/anvrit_gazebo/package.ps1'
[2.429s] INFO:colcon.colcon_core.shell:Creating package descriptor '/home/sudhanshu/anvrit_ws/install/anvrit_gazebo/share/anvrit_gazebo/package.dsv'
[2.430s] INFO:colcon.colcon_core.shell:Creating package script '/home/sudhanshu/anvrit_ws/install/anvrit_gazebo/share/anvrit_gazebo/package.sh'
[2.431s] INFO:colcon.colcon_core.shell:Creating package script '/home/sudhanshu/anvrit_ws/install/anvrit_gazebo/share/anvrit_gazebo/package.bash'
[2.432s] INFO:colcon.colcon_core.shell:Creating package script '/home/sudhanshu/anvrit_ws/install/anvrit_gazebo/share/anvrit_gazebo/package.zsh'
[2.433s] Level 1:colcon.colcon_core.environment:create_file_with_runtime_dependencies(/home/sudhanshu/anvrit_ws/install/anvrit_gazebo/share/colcon-core/packages/anvrit_gazebo)
[2.475s] Level 1:colcon.colcon_core.environment:create_environment_scripts_only(anvrit_description)
[2.476s] Level 1:colcon.colcon_core.environment:checking '/home/sudhanshu/anvrit_ws/install/anvrit_description' for CMake module files
[2.478s] Level 1:colcon.colcon_core.environment:checking '/home/sudhanshu/anvrit_ws/install/anvrit_description' for CMake config files
[2.480s] Level 1:colcon.colcon_core.shell:create_environment_hook('anvrit_description', 'cmake_prefix_path')
[2.481s] INFO:colcon.colcon_core.shell:Creating environment hook '/home/sudhanshu/anvrit_ws/install/anvrit_description/share/anvrit_description/hook/cmake_prefix_path.ps1'
[2.483s] INFO:colcon.colcon_core.shell:Creating environment descriptor '/home/sudhanshu/anvrit_ws/install/anvrit_description/share/anvrit_description/hook/cmake_prefix_path.dsv'
[2.484s] INFO:colcon.colcon_core.shell:Creating environment hook '/home/sudhanshu/anvrit_ws/install/anvrit_description/share/anvrit_description/hook/cmake_prefix_path.sh'
[2.486s] Level 1:colcon.colcon_core.environment:checking '/home/sudhanshu/anvrit_ws/install/anvrit_description/bin'
[2.486s] Level 1:colcon.colcon_core.environment:checking '/home/sudhanshu/anvrit_ws/install/anvrit_description/lib/pkgconfig/anvrit_description.pc'
[2.487s] Level 1:colcon.colcon_core.environment:checking '/home/sudhanshu/anvrit_ws/install/anvrit_description/lib/python3.10/site-packages'
[2.488s] Level 1:colcon.colcon_core.environment:checking '/home/sudhanshu/anvrit_ws/install/anvrit_description/bin'
[2.489s] INFO:colcon.colcon_core.shell:Creating package script '/home/sudhanshu/anvrit_ws/install/anvrit_description/share/anvrit_description/package.ps1'
[2.491s] INFO:colcon.colcon_core.shell:Creating package descriptor '/home/sudhanshu/anvrit_ws/install/anvrit_description/share/anvrit_description/package.dsv'
[2.492s] INFO:colcon.colcon_core.shell:Creating package script '/home/sudhanshu/anvrit_ws/install/anvrit_description/share/anvrit_description/package.sh'
[2.494s] INFO:colcon.colcon_core.shell:Creating package script '/home/sudhanshu/anvrit_ws/install/anvrit_description/share/anvrit_description/package.bash'
[2.495s] INFO:colcon.colcon_core.shell:Creating package script '/home/sudhanshu/anvrit_ws/install/anvrit_description/share/anvrit_description/package.zsh'
[2.496s] Level 1:colcon.colcon_core.environment:create_file_with_runtime_dependencies(/home/sudhanshu/anvrit_ws/install/anvrit_description/share/colcon-core/packages/anvrit_description)
[2.506s] Level 1:colcon.colcon_core.environment:create_environment_scripts_only(anvrit_gazebo)
[2.507s] Level 1:colcon.colcon_core.environment:checking '/home/sudhanshu/anvrit_ws/install/anvrit_gazebo' for CMake module files
[2.509s] Level 1:colcon.colcon_core.environment:checking '/home/sudhanshu/anvrit_ws/install/anvrit_gazebo' for CMake config files
[2.517s] Level 1:colcon.colcon_core.shell:create_environment_hook('anvrit_gazebo', 'cmake_prefix_path')
[2.518s] INFO:colcon.colcon_core.shell:Creating environment hook '/home/sudhanshu/anvrit_ws/install/anvrit_gazebo/share/anvrit_gazebo/hook/cmake_prefix_path.ps1'
[2.520s] INFO:colcon.colcon_core.shell:Creating environment descriptor '/home/sudhanshu/anvrit_ws/install/anvrit_gazebo/share/anvrit_gazebo/hook/cmake_prefix_path.dsv'
[2.522s] INFO:colcon.colcon_core.shell:Creating environment hook '/home/sudhanshu/anvrit_ws/install/anvrit_gazebo/share/anvrit_gazebo/hook/cmake_prefix_path.sh'
[2.524s] Level 1:colcon.colcon_core.environment:checking '/home/sudhanshu/anvrit_ws/install/anvrit_gazebo/lib'
[2.524s] Level 1:colcon.colcon_core.environment:checking '/home/sudhanshu/anvrit_ws/install/anvrit_gazebo/bin'
[2.524s] Level 1:colcon.colcon_core.environment:checking '/home/sudhanshu/anvrit_ws/install/anvrit_gazebo/lib/pkgconfig/anvrit_gazebo.pc'
[2.525s] Level 1:colcon.colcon_core.environment:checking '/home/sudhanshu/anvrit_ws/install/anvrit_gazebo/lib/python3.10/site-packages'
[2.526s] Level 1:colcon.colcon_core.environment:checking '/home/sudhanshu/anvrit_ws/install/anvrit_gazebo/bin'
[2.527s] INFO:colcon.colcon_core.shell:Creating package script '/home/sudhanshu/anvrit_ws/install/anvrit_gazebo/share/anvrit_gazebo/package.ps1'
[2.529s] INFO:colcon.colcon_core.shell:Creating package descriptor '/home/sudhanshu/anvrit_ws/install/anvrit_gazebo/share/anvrit_gazebo/package.dsv'
[2.531s] INFO:colcon.colcon_core.shell:Creating package script '/home/sudhanshu/anvrit_ws/install/anvrit_gazebo/share/anvrit_gazebo/package.sh'
[2.532s] INFO:colcon.colcon_core.shell:Creating package script '/home/sudhanshu/anvrit_ws/install/anvrit_gazebo/share/anvrit_gazebo/package.bash'
[2.534s] INFO:colcon.colcon_core.shell:Creating package script '/home/sudhanshu/anvrit_ws/install/anvrit_gazebo/share/anvrit_gazebo/package.zsh'
[2.535s] Level 1:colcon.colcon_core.environment:create_file_with_runtime_dependencies(/home/sudhanshu/anvrit_ws/install/anvrit_gazebo/share/colcon-core/packages/anvrit_gazebo)
[3.536s] DEBUG:colcon.colcon_core.event_handler.log_command:Invoking command in '/home/sudhanshu/anvrit_ws/build/anvrit_navigation': PYTHONPATH=/home/sudhanshu/anvrit_ws/build/anvrit_navigation/prefix_override:/usr/lib/python3/dist-packages/colcon_core/task/python/colcon_distutils_commands:/home/sudhanshu/anvrit_ws/install/anvrit_navigation/lib/python3.10/site-packages:${PYTHONPATH} /usr/bin/python3 -W ignore:setup.py install is deprecated setup.py develop --editable --build-directory /home/sudhanshu/anvrit_ws/build/anvrit_navigation/build --no-deps symlink_data
[5.235s] Level 1:colcon.colcon_core.shell:create_environment_hook('anvrit_navigation', 'pythonpath_develop')
[5.236s] INFO:colcon.colcon_core.shell:Creating environment hook '/home/sudhanshu/anvrit_ws/build/anvrit_navigation/share/anvrit_navigation/hook/pythonpath_develop.ps1'
[5.237s] DEBUG:colcon.colcon_core.event_handler.log_command:Invoked command in '/home/sudhanshu/anvrit_ws/build/anvrit_navigation' returned '0': PYTHONPATH=/home/sudhanshu/anvrit_ws/build/anvrit_navigation/prefix_override:/usr/lib/python3/dist-packages/colcon_core/task/python/colcon_distutils_commands:/home/sudhanshu/anvrit_ws/install/anvrit_navigation/lib/python3.10/site-packages:${PYTHONPATH} /usr/bin/python3 -W ignore:setup.py install is deprecated setup.py develop --editable --build-directory /home/sudhanshu/anvrit_ws/build/anvrit_navigation/build --no-deps symlink_data
[5.239s] INFO:colcon.colcon_core.shell:Creating environment descriptor '/home/sudhanshu/anvrit_ws/build/anvrit_navigation/share/anvrit_navigation/hook/pythonpath_develop.dsv'
[5.240s] INFO:colcon.colcon_core.shell:Creating environment hook '/home/sudhanshu/anvrit_ws/build/anvrit_navigation/share/anvrit_navigation/hook/pythonpath_develop.sh'
[5.241s] Level 1:colcon.colcon_core.environment:checking '/home/sudhanshu/anvrit_ws/install/anvrit_navigation' for CMake module files
[5.242s] Level 1:colcon.colcon_core.environment:checking '/home/sudhanshu/anvrit_ws/install/anvrit_navigation' for CMake config files
[5.243s] Level 1:colcon.colcon_core.environment:checking '/home/sudhanshu/anvrit_ws/install/anvrit_navigation/lib'
[5.243s] Level 1:colcon.colcon_core.environment:checking '/home/sudhanshu/anvrit_ws/install/anvrit_navigation/bin'
[5.244s] Level 1:colcon.colcon_core.environment:checking '/home/sudhanshu/anvrit_ws/install/anvrit_navigation/lib/pkgconfig/anvrit_navigation.pc'
[5.244s] Level 1:colcon.colcon_core.environment:checking '/home/sudhanshu/anvrit_ws/install/anvrit_navigation/lib/python3.10/site-packages'
[5.244s] Level 1:colcon.colcon_core.shell:create_environment_hook('anvrit_navigation', 'pythonpath')
[5.245s] INFO:colcon.colcon_core.shell:Creating environment hook '/home/sudhanshu/anvrit_ws/install/anvrit_navigation/share/anvrit_navigation/hook/pythonpath.ps1'
[5.245s] INFO:colcon.colcon_core.shell:Creating environment descriptor '/home/sudhanshu/anvrit_ws/install/anvrit_navigation/share/anvrit_navigation/hook/pythonpath.dsv'
[5.246s] INFO:colcon.colcon_core.shell:Creating environment hook '/home/sudhanshu/anvrit_ws/install/anvrit_navigation/share/anvrit_navigation/hook/pythonpath.sh'
[5.247s] Level 1:colcon.colcon_core.environment:checking '/home/sudhanshu/anvrit_ws/install/anvrit_navigation/bin'
[5.247s] Level 1:colcon.colcon_core.environment:create_environment_scripts_only(anvrit_navigation)
[5.248s] INFO:colcon.colcon_core.shell:Creating package script '/home/sudhanshu/anvrit_ws/install/anvrit_navigation/share/anvrit_navigation/package.ps1'
[5.248s] INFO:colcon.colcon_core.shell:Creating package descriptor '/home/sudhanshu/anvrit_ws/install/anvrit_navigation/share/anvrit_navigation/package.dsv'
[5.249s] INFO:colcon.colcon_core.shell:Creating package script '/home/sudhanshu/anvrit_ws/install/anvrit_navigation/share/anvrit_navigation/package.sh'
[5.250s] INFO:colcon.colcon_core.shell:Creating package script '/home/sudhanshu/anvrit_ws/install/anvrit_navigation/share/anvrit_navigation/package.bash'
[5.250s] INFO:colcon.colcon_core.shell:Creating package script '/home/sudhanshu/anvrit_ws/install/anvrit_navigation/share/anvrit_navigation/package.zsh'
[5.251s] Level 1:colcon.colcon_core.environment:create_file_with_runtime_dependencies(/home/sudhanshu/anvrit_ws/install/anvrit_navigation/share/colcon-core/packages/anvrit_navigation)
[5.252s] DEBUG:colcon.colcon_parallel_executor.executor.parallel:closing loop
[5.253s] DEBUG:colcon.colcon_parallel_executor.executor.parallel:loop closed
[5.253s] DEBUG:colcon.colcon_parallel_executor.executor.parallel:run_until_complete finished with '0'
[5.253s] DEBUG:colcon.colcon_core.event_reactor:joining thread
[5.270s] INFO:colcon.colcon_core.plugin_system:Skipping extension 'colcon_notification.desktop_notification.terminal_notifier': Not used on non-Darwin systems
[5.270s] INFO:colcon.colcon_core.plugin_system:Skipping extension 'colcon_notification.desktop_notification.win32': Not used on non-Windows systems
[5.270s] INFO:colcon.colcon_notification.desktop_notification:Sending desktop notification using 'notify2'
[5.301s] DEBUG:colcon.colcon_core.event_reactor:joined thread
[5.302s] INFO:colcon.colcon_core.shell:Creating prefix script '/home/sudhanshu/anvrit_ws/install/local_setup.ps1'
[5.305s] INFO:colcon.colcon_core.shell:Creating prefix util module '/home/sudhanshu/anvrit_ws/install/_local_setup_util_ps1.py'
[5.308s] INFO:colcon.colcon_core.shell:Creating prefix chain script '/home/sudhanshu/anvrit_ws/install/setup.ps1'
[5.312s] INFO:colcon.colcon_core.shell:Creating prefix script '/home/sudhanshu/anvrit_ws/install/local_setup.sh'
[5.314s] INFO:colcon.colcon_core.shell:Creating prefix util module '/home/sudhanshu/anvrit_ws/install/_local_setup_util_sh.py'
[5.315s] INFO:colcon.colcon_core.shell:Creating prefix chain script '/home/sudhanshu/anvrit_ws/install/setup.sh'
[5.319s] INFO:colcon.colcon_core.shell:Creating prefix script '/home/sudhanshu/anvrit_ws/install/local_setup.bash'
[5.320s] INFO:colcon.colcon_core.shell:Creating prefix chain script '/home/sudhanshu/anvrit_ws/install/setup.bash'
[5.324s] INFO:colcon.colcon_core.shell:Creating prefix script '/home/sudhanshu/anvrit_ws/install/local_setup.zsh'
[5.326s] INFO:colcon.colcon_core.shell:Creating prefix chain script '/home/sudhanshu/anvrit_ws/install/setup.zsh'
