[0.018s] Invoking command in '/home/sudhanshu/anvrit_ws/build/anvrit_description': CMAKE_PREFIX_PATH=${CMAKE_PREFIX_PATH}:/home/sudhanshu/ros2_ws/install/my_robot_controller:/home/sudhanshu/ros2_ws/install/find_factorial:/home/sudhanshu/ros2_ws/install/bot_control:/home/sudhanshu/ros2_ws/install/anvrit_navigation:/home/sudhanshu/ros2_ws/install/anvrit_gazebo:/home/sudhanshu/cyborg_ws/install/anvrit_navigation:/opt/ros/humble /usr/bin/cmake /home/sudhanshu/anvrit_ws/src/anvrit_description -DAMENT_CMAKE_SYMLINK_INSTALL=1 -DCMAKE_INSTALL_PREFIX=/home/sudhanshu/anvrit_ws/install/anvrit_description
[0.100s] -- The C compiler identification is GNU 11.4.0
[0.166s] -- The CXX compiler identification is GNU 11.4.0
[0.174s] -- Detecting C compiler ABI info
[0.239s] -- Detecting C compiler ABI info - done
[0.245s] -- Check for working C compiler: /usr/bin/cc - skipped
[0.245s] -- Detecting C compile features
[0.245s] -- Detecting C compile features - done
[0.248s] -- Detecting CXX compiler ABI info
[0.325s] -- Detecting CXX compiler ABI info - done
[0.335s] -- Check for working CXX compiler: /usr/bin/c++ - skipped
[0.335s] -- Detecting CXX compile features
[0.336s] -- Detecting CXX compile features - done
[0.346s] -- Found ament_cmake: 1.3.10 (/opt/ros/humble/share/ament_cmake/cmake)
[0.504s] -- Found Python3: /usr/bin/python3 (found version "3.10.12") found components: Interpreter 
[0.569s] -- Override CMake install command with custom implementation using symlinks instead of copying resources
[0.631s] -- Found ament_lint_auto: 0.12.11 (/opt/ros/humble/share/ament_lint_auto/cmake)
[0.743s] -- Added test 'flake8' to check Python code syntax and style conventions
[0.743s] -- Added test 'lint_cmake' to check CMake code style
[0.744s] -- Added test 'pep257' to check Python code against some of the docstring style conventions in PEP 257
[0.746s] -- Added test 'xmllint' to check XML markup files
[0.748s] -- Configuring done
[0.752s] -- Generating done
[0.753s] -- Build files have been written to: /home/sudhanshu/anvrit_ws/build/anvrit_description
[0.758s] Invoked command in '/home/sudhanshu/anvrit_ws/build/anvrit_description' returned '0': CMAKE_PREFIX_PATH=${CMAKE_PREFIX_PATH}:/home/sudhanshu/ros2_ws/install/my_robot_controller:/home/sudhanshu/ros2_ws/install/find_factorial:/home/sudhanshu/ros2_ws/install/bot_control:/home/sudhanshu/ros2_ws/install/anvrit_navigation:/home/sudhanshu/ros2_ws/install/anvrit_gazebo:/home/sudhanshu/cyborg_ws/install/anvrit_navigation:/opt/ros/humble /usr/bin/cmake /home/sudhanshu/anvrit_ws/src/anvrit_description -DAMENT_CMAKE_SYMLINK_INSTALL=1 -DCMAKE_INSTALL_PREFIX=/home/sudhanshu/anvrit_ws/install/anvrit_description
[0.759s] Invoking command in '/home/sudhanshu/anvrit_ws/build/anvrit_description': CMAKE_PREFIX_PATH=${CMAKE_PREFIX_PATH}:/home/sudhanshu/ros2_ws/install/my_robot_controller:/home/sudhanshu/ros2_ws/install/find_factorial:/home/sudhanshu/ros2_ws/install/bot_control:/home/sudhanshu/ros2_ws/install/anvrit_navigation:/home/sudhanshu/ros2_ws/install/anvrit_gazebo:/home/sudhanshu/cyborg_ws/install/anvrit_navigation:/opt/ros/humble /usr/bin/cmake --build /home/sudhanshu/anvrit_ws/build/anvrit_description -- -j12 -l12
[0.807s] Invoked command in '/home/sudhanshu/anvrit_ws/build/anvrit_description' returned '0': CMAKE_PREFIX_PATH=${CMAKE_PREFIX_PATH}:/home/sudhanshu/ros2_ws/install/my_robot_controller:/home/sudhanshu/ros2_ws/install/find_factorial:/home/sudhanshu/ros2_ws/install/bot_control:/home/sudhanshu/ros2_ws/install/anvrit_navigation:/home/sudhanshu/ros2_ws/install/anvrit_gazebo:/home/sudhanshu/cyborg_ws/install/anvrit_navigation:/opt/ros/humble /usr/bin/cmake --build /home/sudhanshu/anvrit_ws/build/anvrit_description -- -j12 -l12
[0.848s] Invoking command in '/home/sudhanshu/anvrit_ws/build/anvrit_description': CMAKE_PREFIX_PATH=${CMAKE_PREFIX_PATH}:/home/sudhanshu/ros2_ws/install/my_robot_controller:/home/sudhanshu/ros2_ws/install/find_factorial:/home/sudhanshu/ros2_ws/install/bot_control:/home/sudhanshu/ros2_ws/install/anvrit_navigation:/home/sudhanshu/ros2_ws/install/anvrit_gazebo:/home/sudhanshu/cyborg_ws/install/anvrit_navigation:/opt/ros/humble /usr/bin/cmake --install /home/sudhanshu/anvrit_ws/build/anvrit_description
[0.856s] -- Install configuration: ""
[0.857s] -- Execute custom install script
[0.857s] -- Symlinking: /home/sudhanshu/anvrit_ws/install/anvrit_description/share/anvrit_description//launch/empty_world.launch.py
[0.868s] -- Symlinking: /home/sudhanshu/anvrit_ws/install/anvrit_description/share/anvrit_description//launch/robot_state_publisher.launch.py
[0.879s] -- Symlinking: /home/sudhanshu/anvrit_ws/install/anvrit_description/share/anvrit_description//launch/spawn_anvrit.launch.py
[0.890s] -- Symlinking: /home/sudhanshu/anvrit_ws/install/anvrit_description/share/anvrit_description//meshes/base_link.STL
[0.901s] -- Symlinking: /home/sudhanshu/anvrit_ws/install/anvrit_description/share/anvrit_description//meshes/camera_link.STL
[0.912s] -- Symlinking: /home/sudhanshu/anvrit_ws/install/anvrit_description/share/anvrit_description//meshes/caster_1_link.STL
[0.922s] -- Symlinking: /home/sudhanshu/anvrit_ws/install/anvrit_description/share/anvrit_description//meshes/caster_2_link.STL
[0.933s] -- Symlinking: /home/sudhanshu/anvrit_ws/install/anvrit_description/share/anvrit_description//meshes/gps_link.STL
[0.944s] -- Symlinking: /home/sudhanshu/anvrit_ws/install/anvrit_description/share/anvrit_description//meshes/left_wheel_link.STL
[0.955s] -- Symlinking: /home/sudhanshu/anvrit_ws/install/anvrit_description/share/anvrit_description//meshes/lidar_link.STL
[0.965s] -- Symlinking: /home/sudhanshu/anvrit_ws/install/anvrit_description/share/anvrit_description//meshes/phone_link.STL
[0.976s] -- Symlinking: /home/sudhanshu/anvrit_ws/install/anvrit_description/share/anvrit_description//meshes/right_wheel_link.STL
[0.987s] -- Symlinking: /home/sudhanshu/anvrit_ws/install/anvrit_description/share/anvrit_description//meshes/wheel.stl
[0.998s] -- Symlinking: /home/sudhanshu/anvrit_ws/install/anvrit_description/share/anvrit_description//worlds/empty_world.world
[1.009s] -- Symlinking: /home/sudhanshu/anvrit_ws/install/anvrit_description/share/anvrit_description//urdf/anvrit.gazebo
[1.019s] -- Symlinking: /home/sudhanshu/anvrit_ws/install/anvrit_description/share/anvrit_description//urdf/anvrit.urdf.xacro
[1.031s] -- Symlinking: /home/sudhanshu/anvrit_ws/install/anvrit_description/share/ament_index/resource_index/package_run_dependencies/anvrit_description
[1.042s] -- Symlinking: /home/sudhanshu/anvrit_ws/install/anvrit_description/share/ament_index/resource_index/parent_prefix_path/anvrit_description
[1.053s] -- Symlinking: /home/sudhanshu/anvrit_ws/install/anvrit_description/share/anvrit_description/environment/ament_prefix_path.sh
[1.064s] -- Symlinking: /home/sudhanshu/anvrit_ws/install/anvrit_description/share/anvrit_description/environment/ament_prefix_path.dsv
[1.075s] -- Symlinking: /home/sudhanshu/anvrit_ws/install/anvrit_description/share/anvrit_description/environment/path.sh
[1.086s] -- Symlinking: /home/sudhanshu/anvrit_ws/install/anvrit_description/share/anvrit_description/environment/path.dsv
[1.097s] -- Symlinking: /home/sudhanshu/anvrit_ws/install/anvrit_description/share/anvrit_description/local_setup.bash
[1.108s] -- Symlinking: /home/sudhanshu/anvrit_ws/install/anvrit_description/share/anvrit_description/local_setup.sh
[1.118s] -- Symlinking: /home/sudhanshu/anvrit_ws/install/anvrit_description/share/anvrit_description/local_setup.zsh
[1.129s] -- Symlinking: /home/sudhanshu/anvrit_ws/install/anvrit_description/share/anvrit_description/local_setup.dsv
[1.140s] -- Symlinking: /home/sudhanshu/anvrit_ws/install/anvrit_description/share/anvrit_description/package.dsv
[1.151s] -- Symlinking: /home/sudhanshu/anvrit_ws/install/anvrit_description/share/ament_index/resource_index/packages/anvrit_description
[1.162s] -- Symlinking: /home/sudhanshu/anvrit_ws/install/anvrit_description/share/anvrit_description/cmake/anvrit_descriptionConfig.cmake
[1.172s] -- Symlinking: /home/sudhanshu/anvrit_ws/install/anvrit_description/share/anvrit_description/cmake/anvrit_descriptionConfig-version.cmake
[1.182s] -- Symlinking: /home/sudhanshu/anvrit_ws/install/anvrit_description/share/anvrit_description/package.xml
[1.195s] Invoked command in '/home/sudhanshu/anvrit_ws/build/anvrit_description' returned '0': CMAKE_PREFIX_PATH=${CMAKE_PREFIX_PATH}:/home/sudhanshu/ros2_ws/install/my_robot_controller:/home/sudhanshu/ros2_ws/install/find_factorial:/home/sudhanshu/ros2_ws/install/bot_control:/home/sudhanshu/ros2_ws/install/anvrit_navigation:/home/sudhanshu/ros2_ws/install/anvrit_gazebo:/home/sudhanshu/cyborg_ws/install/anvrit_navigation:/opt/ros/humble /usr/bin/cmake --install /home/sudhanshu/anvrit_ws/build/anvrit_description
